<?xml version="1.0" encoding="UTF-8"?>
<coverage generated="1742567151954" clover="3.2.0">
  <project timestamp="1742567151954" name="All files">
    <metrics statements="537" coveredstatements="321" conditionals="645" coveredconditionals="385" methods="98" coveredmethods="78" elements="1280" coveredelements="784" complexity="0" loc="537" ncloc="537" packages="4" files="8" classes="8"/>
    <package name="errors">
      <metrics statements="16" coveredstatements="6" conditionals="0" coveredconditionals="0" methods="8" coveredmethods="3"/>
      <file name="customErrors.ts" path="/Users/gilbertsahumada/projects/sherry-sdk/src/errors/customErrors.ts">
        <metrics statements="16" coveredstatements="6" conditionals="0" coveredconditionals="0" methods="8" coveredmethods="3"/>
        <line num="17" count="0" type="stmt"/>
        <line num="18" count="0" type="stmt"/>
        <line num="36" count="0" type="stmt"/>
        <line num="37" count="0" type="stmt"/>
        <line num="57" count="0" type="stmt"/>
        <line num="58" count="0" type="stmt"/>
        <line num="78" count="0" type="stmt"/>
        <line num="79" count="0" type="stmt"/>
        <line num="85" count="0" type="stmt"/>
        <line num="86" count="0" type="stmt"/>
        <line num="92" count="10" type="stmt"/>
        <line num="93" count="10" type="stmt"/>
        <line num="100" count="8" type="stmt"/>
        <line num="101" count="8" type="stmt"/>
        <line num="107" count="24" type="stmt"/>
        <line num="108" count="24" type="stmt"/>
      </file>
    </package>
    <package name="templates">
      <metrics statements="7" coveredstatements="7" conditionals="2" coveredconditionals="0" methods="5" coveredmethods="5"/>
      <file name="templates.ts" path="/Users/gilbertsahumada/projects/sherry-sdk/src/templates/templates.ts">
        <metrics statements="7" coveredstatements="7" conditionals="2" coveredconditionals="0" methods="5" coveredmethods="5"/>
        <line num="12" count="1" type="stmt"/>
        <line num="231" count="6" type="stmt"/>
        <line num="248" count="1" type="stmt"/>
        <line num="268" count="1" type="stmt"/>
        <line num="279" count="1" type="stmt"/>
        <line num="289" count="1" type="stmt"/>
        <line num="303" count="1" type="stmt"/>
      </file>
    </package>
    <package name="utils">
      <metrics statements="237" coveredstatements="154" conditionals="241" coveredconditionals="140" methods="37" coveredmethods="33"/>
      <file name="createMetadata.ts" path="/Users/gilbertsahumada/projects/sherry-sdk/src/utils/createMetadata.ts">
        <metrics statements="167" coveredstatements="92" conditionals="172" coveredconditionals="83" methods="31" coveredmethods="27"/>
        <line num="27" count="4" type="stmt"/>
        <line num="28" count="5" type="cond" truecount="2" falsecount="0"/>
        <line num="36" count="16" type="stmt"/>
        <line num="37" count="20" type="cond" truecount="2" falsecount="0"/>
        <line num="39" count="16" type="cond" truecount="1" falsecount="1"/>
        <line num="40" count="0" type="stmt"/>
        <line num="42" count="16" type="stmt"/>
        <line num="49" count="8" type="stmt"/>
        <line num="51" count="10" type="stmt"/>
        <line num="58" count="8" type="stmt"/>
        <line num="59" count="8" type="stmt"/>
        <line num="66" count="5" type="cond" truecount="2" falsecount="0"/>
        <line num="67" count="1" type="stmt"/>
        <line num="75" count="4" type="stmt"/>
        <line num="77" count="4" type="cond" truecount="1" falsecount="1"/>
        <line num="78" count="0" type="stmt"/>
        <line num="84" count="4" type="cond" truecount="3" falsecount="1"/>
        <line num="85" count="0" type="stmt"/>
        <line num="97" count="4" type="cond" truecount="1" falsecount="1"/>
        <line num="98" count="0" type="stmt"/>
        <line num="101" count="4" type="cond" truecount="1" falsecount="1"/>
        <line num="102" count="0" type="stmt"/>
        <line num="106" count="4" type="cond" truecount="1" falsecount="1"/>
        <line num="107" count="0" type="stmt"/>
        <line num="115" count="0" type="stmt"/>
        <line num="117" count="0" type="cond" truecount="0" falsecount="5"/>
        <line num="118" count="0" type="stmt"/>
        <line num="124" count="0" type="stmt"/>
        <line num="125" count="0" type="stmt"/>
        <line num="126" count="0" type="cond" truecount="0" falsecount="2"/>
        <line num="127" count="0" type="stmt"/>
        <line num="132" count="0" type="cond" truecount="0" falsecount="2"/>
        <line num="133" count="0" type="stmt"/>
        <line num="138" count="0" type="cond" truecount="0" falsecount="2"/>
        <line num="139" count="0" type="stmt"/>
        <line num="143" count="0" type="stmt"/>
        <line num="151" count="4" type="stmt"/>
        <line num="154" count="4" type="cond" truecount="3" falsecount="1"/>
        <line num="155" count="0" type="cond" truecount="0" falsecount="2"/>
        <line num="156" count="0" type="stmt"/>
        <line num="162" count="4" type="cond" truecount="2" falsecount="2"/>
        <line num="163" count="0" type="cond" truecount="0" falsecount="2"/>
        <line num="164" count="0" type="stmt"/>
        <line num="171" count="4" type="cond" truecount="1" falsecount="1"/>
        <line num="172" count="0" type="stmt"/>
        <line num="173" count="0" type="stmt"/>
        <line num="175" count="0" type="stmt"/>
        <line num="182" count="4" type="cond" truecount="2" falsecount="3"/>
        <line num="183" count="0" type="stmt"/>
        <line num="184" count="0" type="cond" truecount="0" falsecount="2"/>
        <line num="185" count="0" type="stmt"/>
        <line num="191" count="4" type="cond" truecount="2" falsecount="3"/>
        <line num="192" count="0" type="stmt"/>
        <line num="193" count="0" type="stmt"/>
        <line num="195" count="0" type="stmt"/>
        <line num="201" count="4" type="cond" truecount="3" falsecount="2"/>
        <line num="203" count="0" type="cond" truecount="0" falsecount="4"/>
        <line num="204" count="0" type="stmt"/>
        <line num="215" count="4" type="cond" truecount="3" falsecount="1"/>
        <line num="216" count="0" type="stmt"/>
        <line num="218" count="4" type="stmt"/>
        <line num="229" count="2" type="stmt"/>
        <line num="231" count="2" type="stmt"/>
        <line num="232" count="4" type="stmt"/>
        <line num="236" count="2" type="stmt"/>
        <line num="237" count="4" type="cond" truecount="1" falsecount="1"/>
        <line num="238" count="0" type="stmt"/>
        <line num="245" count="6" type="stmt"/>
        <line num="246" count="4" type="cond" truecount="1" falsecount="1"/>
        <line num="247" count="4" type="stmt"/>
        <line num="252" count="4" type="stmt"/>
        <line num="253" count="4" type="stmt"/>
        <line num="255" count="2" type="cond" truecount="1" falsecount="1"/>
        <line num="256" count="0" type="stmt"/>
        <line num="263" count="0" type="cond" truecount="0" falsecount="2"/>
        <line num="264" count="0" type="stmt"/>
        <line num="265" count="0" type="cond" truecount="0" falsecount="2"/>
        <line num="266" count="0" type="stmt"/>
        <line num="268" count="0" type="stmt"/>
        <line num="280" count="4" type="stmt"/>
        <line num="282" count="4" type="stmt"/>
        <line num="295" count="4" type="stmt"/>
        <line num="296" count="4" type="cond" truecount="1" falsecount="1"/>
        <line num="299" count="4" type="cond" truecount="1" falsecount="1"/>
        <line num="300" count="0" type="stmt"/>
        <line num="304" count="4" type="cond" truecount="1" falsecount="1"/>
        <line num="305" count="0" type="stmt"/>
        <line num="312" count="4" type="stmt"/>
        <line num="313" count="4" type="stmt"/>
        <line num="315" count="4" type="cond" truecount="2" falsecount="2"/>
        <line num="316" count="0" type="stmt"/>
        <line num="321" count="4" type="cond" truecount="3" falsecount="1"/>
        <line num="322" count="0" type="stmt"/>
        <line num="327" count="0" type="cond" truecount="0" falsecount="2"/>
        <line num="328" count="0" type="stmt"/>
        <line num="330" count="0" type="stmt"/>
        <line num="341" count="0" type="stmt"/>
        <line num="342" count="0" type="cond" truecount="0" falsecount="4"/>
        <line num="344" count="0" type="cond" truecount="0" falsecount="2"/>
        <line num="345" count="0" type="stmt"/>
        <line num="351" count="0" type="stmt"/>
        <line num="352" count="0" type="cond" truecount="0" falsecount="4"/>
        <line num="357" count="0" type="stmt"/>
        <line num="361" count="0" type="cond" truecount="0" falsecount="2"/>
        <line num="362" count="0" type="stmt"/>
        <line num="364" count="0" type="stmt"/>
        <line num="416" count="5" type="stmt"/>
        <line num="417" count="5" type="cond" truecount="1" falsecount="1"/>
        <line num="419" count="5" type="cond" truecount="1" falsecount="1"/>
        <line num="420" count="0" type="stmt"/>
        <line num="423" count="5" type="cond" truecount="1" falsecount="1"/>
        <line num="424" count="0" type="stmt"/>
        <line num="427" count="5" type="cond" truecount="3" falsecount="1"/>
        <line num="428" count="0" type="stmt"/>
        <line num="433" count="5" type="cond" truecount="1" falsecount="1"/>
        <line num="434" count="0" type="stmt"/>
        <line num="437" count="5" type="cond" truecount="3" falsecount="1"/>
        <line num="438" count="0" type="stmt"/>
        <line num="444" count="5" type="stmt"/>
        <line num="447" count="4" type="stmt"/>
        <line num="450" count="4" type="cond" truecount="1" falsecount="1"/>
        <line num="451" count="0" type="stmt"/>
        <line num="457" count="4" type="stmt"/>
        <line num="460" count="4" type="cond" truecount="2" falsecount="0"/>
        <line num="462" count="4" type="stmt"/>
        <line num="465" count="2" type="stmt"/>
        <line num="480" count="4" type="stmt"/>
        <line num="481" count="4" type="cond" truecount="3" falsecount="1"/>
        <line num="482" count="0" type="stmt"/>
        <line num="485" count="4" type="cond" truecount="3" falsecount="1"/>
        <line num="486" count="0" type="stmt"/>
        <line num="491" count="0" type="stmt"/>
        <line num="494" count="1" type="cond" truecount="1" falsecount="1"/>
        <line num="495" count="1" type="stmt"/>
        <line num="497" count="0" type="stmt"/>
        <line num="506" count="5" type="stmt"/>
        <line num="508" count="5" type="stmt"/>
        <line num="511" count="4" type="stmt"/>
        <line num="526" count="4" type="stmt"/>
        <line num="529" count="4" type="stmt"/>
        <line num="535" count="1" type="stmt"/>
        <line num="545" count="10" type="cond" truecount="2" falsecount="0"/>
        <line num="546" count="2" type="stmt"/>
        <line num="549" count="8" type="cond" truecount="2" falsecount="0"/>
        <line num="550" count="2" type="stmt"/>
        <line num="553" count="6" type="cond" truecount="1" falsecount="1"/>
        <line num="554" count="0" type="stmt"/>
        <line num="557" count="6" type="cond" truecount="1" falsecount="1"/>
        <line num="558" count="0" type="stmt"/>
        <line num="561" count="6" type="cond" truecount="1" falsecount="1"/>
        <line num="562" count="0" type="stmt"/>
        <line num="565" count="6" type="cond" truecount="1" falsecount="1"/>
        <line num="566" count="0" type="stmt"/>
        <line num="569" count="6" type="cond" truecount="2" falsecount="0"/>
        <line num="570" count="2" type="stmt"/>
        <line num="581" count="10" type="stmt"/>
        <line num="583" count="10" type="stmt"/>
        <line num="586" count="4" type="stmt"/>
        <line num="587" count="5" type="cond" truecount="1" falsecount="1"/>
        <line num="588" count="5" type="stmt"/>
        <line num="590" count="0" type="stmt"/>
        <line num="597" count="3" type="stmt"/>
        <line num="606" count="7" type="cond" truecount="1" falsecount="1"/>
        <line num="607" count="7" type="stmt"/>
        <line num="609" count="0" type="stmt"/>
        <line num="618" count="10" type="stmt"/>
        <line num="635" count="0" type="stmt"/>
      </file>
      <file name="validateMetadata.ts" path="/Users/gilbertsahumada/projects/sherry-sdk/src/utils/validateMetadata.ts">
        <metrics statements="31" coveredstatements="26" conditionals="41" coveredconditionals="32" methods="3" coveredmethods="3"/>
        <line num="21" count="7" type="stmt"/>
        <line num="24" count="7" type="cond" truecount="2" falsecount="0"/>
        <line num="25" count="1" type="stmt"/>
        <line num="34" count="6" type="cond" truecount="1" falsecount="1"/>
        <line num="35" count="6" type="cond" truecount="2" falsecount="0"/>
        <line num="36" count="6" type="cond" truecount="2" falsecount="0"/>
        <line num="37" count="6" type="cond" truecount="2" falsecount="0"/>
        <line num="40" count="6" type="cond" truecount="4" falsecount="1"/>
        <line num="41" count="0" type="stmt"/>
        <line num="44" count="6" type="stmt"/>
        <line num="46" count="6" type="cond" truecount="2" falsecount="0"/>
        <line num="47" count="6" type="cond" truecount="1" falsecount="1"/>
        <line num="50" count="6" type="cond" truecount="2" falsecount="0"/>
        <line num="51" count="4" type="cond" truecount="1" falsecount="1"/>
        <line num="52" count="0" type="stmt"/>
        <line num="53" count="4" type="cond" truecount="1" falsecount="1"/>
        <line num="54" count="0" type="stmt"/>
        <line num="57" count="2" type="stmt"/>
        <line num="61" count="6" type="cond" truecount="1" falsecount="1"/>
        <line num="62" count="0" type="stmt"/>
        <line num="66" count="6" type="cond" truecount="1" falsecount="1"/>
        <line num="67" count="6" type="cond" truecount="1" falsecount="1"/>
        <line num="68" count="6" type="cond" truecount="1" falsecount="1"/>
        <line num="69" count="0" type="stmt"/>
        <line num="74" count="6" type="stmt"/>
        <line num="78" count="6" type="cond" truecount="2" falsecount="0"/>
        <line num="79" count="2" type="stmt"/>
        <line num="83" count="4" type="stmt"/>
        <line num="84" count="4" type="stmt"/>
        <line num="86" count="4" type="cond" truecount="2" falsecount="0"/>
        <line num="89" count="6" type="stmt"/>
      </file>
      <file name="validator.ts" path="/Users/gilbertsahumada/projects/sherry-sdk/src/utils/validator.ts">
        <metrics statements="39" coveredstatements="36" conditionals="28" coveredconditionals="25" methods="3" coveredmethods="3"/>
        <line num="22" count="1" type="stmt"/>
        <line num="24" count="1" type="stmt"/>
        <line num="26" count="1" type="stmt"/>
        <line num="28" count="1" type="stmt"/>
        <line num="30" count="1" type="stmt"/>
        <line num="32" count="1" type="stmt"/>
        <line num="34" count="1" type="stmt"/>
        <line num="36" count="1" type="stmt"/>
        <line num="38" count="1" type="stmt"/>
        <line num="40" count="1" type="stmt"/>
        <line num="46" count="15" type="cond" truecount="4" falsecount="0"/>
        <line num="47" count="2" type="stmt"/>
        <line num="50" count="13" type="cond" truecount="4" falsecount="0"/>
        <line num="51" count="2" type="stmt"/>
        <line num="54" count="11" type="cond" truecount="4" falsecount="0"/>
        <line num="55" count="2" type="stmt"/>
        <line num="58" count="9" type="cond" truecount="4" falsecount="0"/>
        <line num="59" count="2" type="stmt"/>
        <line num="62" count="7" type="cond" truecount="1" falsecount="1"/>
        <line num="63" count="0" type="stmt"/>
        <line num="66" count="7" type="cond" truecount="2" falsecount="0"/>
        <line num="67" count="2" type="stmt"/>
        <line num="70" count="5" type="cond" truecount="2" falsecount="0"/>
        <line num="71" count="2" type="stmt"/>
        <line num="76" count="3" type="stmt"/>
        <line num="88" count="2" type="stmt"/>
        <line num="90" count="2" type="stmt"/>
        <line num="93" count="2" type="stmt"/>
        <line num="94" count="2" type="cond" truecount="2" falsecount="0"/>
        <line num="95" count="1" type="stmt"/>
        <line num="96" count="1" type="cond" truecount="1" falsecount="1"/>
        <line num="97" count="0" type="stmt"/>
        <line num="98" count="1" type="cond" truecount="1" falsecount="1"/>
        <line num="99" count="0" type="stmt"/>
        <line num="101" count="1" type="stmt"/>
        <line num="106" count="1" type="stmt"/>
        <line num="115" count="1" type="stmt"/>
        <line num="123" count="1" type="stmt"/>
        <line num="129" count="1" type="stmt"/>
      </file>
    </package>
    <package name="validators">
      <metrics statements="277" coveredstatements="154" conditionals="402" coveredconditionals="245" methods="48" coveredmethods="37"/>
      <file name="blockchainActionValidator.ts" path="/Users/gilbertsahumada/projects/sherry-sdk/src/validators/blockchainActionValidator.ts">
        <metrics statements="150" coveredstatements="76" conditionals="215" coveredconditionals="110" methods="26" coveredmethods="20"/>
        <line num="22" count="3" type="stmt"/>
        <line num="25" count="3" type="stmt"/>
        <line num="28" count="3" type="stmt"/>
        <line num="30" count="3" type="cond" truecount="4" falsecount="0"/>
        <line num="31" count="1" type="stmt"/>
        <line num="37" count="2" type="stmt"/>
        <line num="49" count="12" type="cond" truecount="3" falsecount="1"/>
        <line num="50" count="0" type="stmt"/>
        <line num="53" count="12" type="cond" truecount="3" falsecount="1"/>
        <line num="54" count="0" type="stmt"/>
        <line num="58" count="12" type="cond" truecount="1" falsecount="1"/>
        <line num="63" count="0" type="stmt"/>
        <line num="68" count="12" type="cond" truecount="2" falsecount="0"/>
        <line num="69" count="2" type="stmt"/>
        <line num="73" count="10" type="cond" truecount="3" falsecount="1"/>
        <line num="74" count="0" type="stmt"/>
        <line num="78" count="10" type="cond" truecount="3" falsecount="1"/>
        <line num="79" count="0" type="stmt"/>
        <line num="83" count="10" type="cond" truecount="2" falsecount="0"/>
        <line num="84" count="2" type="stmt"/>
        <line num="90" count="8" type="cond" truecount="1" falsecount="1"/>
        <line num="91" count="0" type="stmt"/>
        <line num="97" count="8" type="cond" truecount="1" falsecount="1"/>
        <line num="101" count="0" type="stmt"/>
        <line num="107" count="8" type="cond" truecount="2" falsecount="0"/>
        <line num="108" count="3" type="stmt"/>
        <line num="111" count="6" type="stmt"/>
        <line num="118" count="8" type="cond" truecount="3" falsecount="1"/>
        <line num="119" count="0" type="stmt"/>
        <line num="123" count="8" type="cond" truecount="3" falsecount="1"/>
        <line num="124" count="0" type="stmt"/>
        <line num="128" count="8" type="cond" truecount="2" falsecount="2"/>
        <line num="129" count="0" type="stmt"/>
        <line num="132" count="8" type="stmt"/>
        <line num="139" count="8" type="stmt"/>
        <line num="140" count="8" type="cond" truecount="2" falsecount="0"/>
        <line num="150" count="8" type="cond" truecount="1" falsecount="1"/>
        <line num="151" count="0" type="stmt"/>
        <line num="155" count="17" type="stmt"/>
        <line num="157" count="8" type="stmt"/>
        <line num="159" count="11" type="cond" truecount="3" falsecount="1"/>
        <line num="160" count="0" type="stmt"/>
        <line num="163" count="11" type="cond" truecount="3" falsecount="1"/>
        <line num="164" count="0" type="stmt"/>
        <line num="170" count="11" type="cond" truecount="2" falsecount="0"/>
        <line num="171" count="2" type="stmt"/>
        <line num="177" count="9" type="cond" truecount="2" falsecount="0"/>
        <line num="178" count="4" type="stmt"/>
        <line num="179" count="5" type="cond" truecount="1" falsecount="1"/>
        <line num="180" count="0" type="stmt"/>
        <line num="181" count="5" type="cond" truecount="1" falsecount="1"/>
        <line num="182" count="5" type="stmt"/>
        <line num="184" count="0" type="stmt"/>
        <line num="188" count="5" type="cond" truecount="1" falsecount="1"/>
        <line num="189" count="0" type="stmt"/>
        <line num="190" count="0" type="cond" truecount="0" falsecount="2"/>
        <line num="191" count="0" type="stmt"/>
        <line num="196" count="2" type="stmt"/>
        <line num="204" count="4" type="cond" truecount="1" falsecount="1"/>
        <line num="208" count="0" type="stmt"/>
        <line num="213" count="4" type="cond" truecount="1" falsecount="1"/>
        <line num="217" count="0" type="stmt"/>
        <line num="222" count="4" type="cond" truecount="2" falsecount="2"/>
        <line num="223" count="0" type="stmt"/>
        <line num="226" count="4" type="cond" truecount="2" falsecount="2"/>
        <line num="227" count="0" type="stmt"/>
        <line num="230" count="4" type="cond" truecount="2" falsecount="3"/>
        <line num="231" count="0" type="stmt"/>
        <line num="234" count="4" type="cond" truecount="2" falsecount="2"/>
        <line num="235" count="0" type="stmt"/>
        <line num="241" count="4" type="cond" truecount="1" falsecount="1"/>
        <line num="242" count="0" type="stmt"/>
        <line num="243" count="0" type="stmt"/>
        <line num="245" count="0" type="stmt"/>
        <line num="251" count="4" type="stmt"/>
        <line num="258" count="0" type="cond" truecount="0" falsecount="4"/>
        <line num="259" count="0" type="stmt"/>
        <line num="265" count="0" type="stmt"/>
        <line num="266" count="0" type="cond" truecount="0" falsecount="4"/>
        <line num="267" count="0" type="stmt"/>
        <line num="272" count="0" type="cond" truecount="0" falsecount="2"/>
        <line num="273" count="0" type="stmt"/>
        <line num="280" count="0" type="stmt"/>
        <line num="281" count="0" type="cond" truecount="0" falsecount="2"/>
        <line num="282" count="0" type="stmt"/>
        <line num="287" count="0" type="stmt"/>
        <line num="295" count="5" type="cond" truecount="1" falsecount="1"/>
        <line num="296" count="0" type="stmt"/>
        <line num="302" count="5" type="cond" truecount="2" falsecount="0"/>
        <line num="303" count="2" type="stmt"/>
        <line num="309" count="3" type="stmt"/>
        <line num="311" count="6" type="cond" truecount="3" falsecount="1"/>
        <line num="312" count="0" type="stmt"/>
        <line num="318" count="6" type="cond" truecount="3" falsecount="1"/>
        <line num="319" count="0" type="stmt"/>
        <line num="325" count="6" type="cond" truecount="1" falsecount="1"/>
        <line num="330" count="0" type="stmt"/>
        <line num="337" count="6" type="stmt"/>
        <line num="338" count="3" type="cond" truecount="2" falsecount="0"/>
        <line num="339" count="2" type="stmt"/>
        <line num="345" count="2" type="stmt"/>
        <line num="346" count="1" type="cond" truecount="1" falsecount="1"/>
        <line num="347" count="0" type="stmt"/>
        <line num="353" count="1" type="cond" truecount="1" falsecount="1"/>
        <line num="354" count="0" type="stmt"/>
        <line num="355" count="0" type="cond" truecount="0" falsecount="2"/>
        <line num="356" count="0" type="stmt"/>
        <line num="362" count="1" type="stmt"/>
        <line num="370" count="0" type="cond" truecount="0" falsecount="4"/>
        <line num="371" count="0" type="stmt"/>
        <line num="375" count="0" type="cond" truecount="0" falsecount="4"/>
        <line num="377" count="0" type="cond" truecount="0" falsecount="2"/>
        <line num="382" count="0" type="stmt"/>
        <line num="388" count="0" type="cond" truecount="0" falsecount="4"/>
        <line num="389" count="0" type="stmt"/>
        <line num="393" count="0" type="cond" truecount="0" falsecount="2"/>
        <line num="395" count="0" type="cond" truecount="0" falsecount="2"/>
        <line num="396" count="0" type="stmt"/>
        <line num="402" count="0" type="cond" truecount="0" falsecount="4"/>
        <line num="403" count="0" type="stmt"/>
        <line num="407" count="0" type="cond" truecount="0" falsecount="2"/>
        <line num="409" count="0" type="cond" truecount="0" falsecount="2"/>
        <line num="410" count="0" type="stmt"/>
        <line num="414" count="0" type="cond" truecount="0" falsecount="2"/>
        <line num="416" count="0" type="cond" truecount="0" falsecount="2"/>
        <line num="417" count="0" type="stmt"/>
        <line num="421" count="0" type="cond" truecount="0" falsecount="2"/>
        <line num="423" count="0" type="cond" truecount="0" falsecount="2"/>
        <line num="424" count="0" type="stmt"/>
        <line num="430" count="0" type="cond" truecount="0" falsecount="4"/>
        <line num="431" count="0" type="stmt"/>
        <line num="433" count="0" type="cond" truecount="0" falsecount="4"/>
        <line num="434" count="0" type="stmt"/>
        <line num="441" count="0" type="stmt"/>
        <line num="448" count="12" type="stmt"/>
        <line num="469" count="8" type="stmt"/>
        <line num="481" count="8" type="stmt"/>
        <line num="493" count="9" type="stmt"/>
        <line num="494" count="9" type="cond" truecount="2" falsecount="0"/>
        <line num="496" count="9" type="cond" truecount="1" falsecount="1"/>
        <line num="497" count="0" type="stmt"/>
        <line num="499" count="9" type="stmt"/>
        <line num="506" count="10" type="stmt"/>
        <line num="507" count="13" type="cond" truecount="2" falsecount="0"/>
        <line num="515" count="6" type="stmt"/>
        <line num="516" count="6" type="stmt"/>
        <line num="523" count="3" type="stmt"/>
        <line num="524" count="3" type="stmt"/>
        <line num="531" count="2" type="stmt"/>
        <line num="548" count="0" type="stmt"/>
      </file>
      <file name="httpActionValidator.ts" path="/Users/gilbertsahumada/projects/sherry-sdk/src/validators/httpActionValidator.ts">
        <metrics statements="77" coveredstatements="43" conditionals="94" coveredconditionals="63" methods="16" coveredmethods="11"/>
        <line num="12" count="12" type="stmt"/>
        <line num="14" count="10" type="stmt"/>
        <line num="16" count="8" type="stmt"/>
        <line num="23" count="12" type="stmt"/>
        <line num="24" count="12" type="stmt"/>
        <line num="26" count="2" type="stmt"/>
        <line num="31" count="10" type="cond" truecount="1" falsecount="1"/>
        <line num="33" count="10" type="stmt"/>
        <line num="35" count="14" type="cond" truecount="3" falsecount="1"/>
        <line num="36" count="0" type="stmt"/>
        <line num="40" count="14" type="cond" truecount="3" falsecount="1"/>
        <line num="41" count="0" type="stmt"/>
        <line num="45" count="14" type="cond" truecount="9" falsecount="1"/>
        <line num="47" count="4" type="stmt"/>
        <line num="49" count="2" type="stmt"/>
        <line num="57" count="8" type="stmt"/>
        <line num="59" count="0" type="stmt"/>
        <line num="67" count="4" type="cond" truecount="4" falsecount="0"/>
        <line num="68" count="2" type="stmt"/>
        <line num="72" count="2" type="stmt"/>
        <line num="73" count="4" type="cond" truecount="3" falsecount="1"/>
        <line num="74" count="0" type="stmt"/>
        <line num="76" count="4" type="cond" truecount="3" falsecount="1"/>
        <line num="77" count="0" type="stmt"/>
        <line num="82" count="2" type="cond" truecount="1" falsecount="1"/>
        <line num="83" count="0" type="cond" truecount="0" falsecount="2"/>
        <line num="84" count="0" type="stmt"/>
        <line num="88" count="2" type="stmt"/>
        <line num="92" count="2" type="cond" truecount="3" falsecount="1"/>
        <line num="93" count="0" type="stmt"/>
        <line num="97" count="2" type="stmt"/>
        <line num="98" count="4" type="cond" truecount="3" falsecount="1"/>
        <line num="99" count="0" type="stmt"/>
        <line num="101" count="4" type="cond" truecount="3" falsecount="1"/>
        <line num="102" count="0" type="stmt"/>
        <line num="107" count="2" type="cond" truecount="1" falsecount="1"/>
        <line num="108" count="0" type="cond" truecount="0" falsecount="2"/>
        <line num="109" count="0" type="stmt"/>
        <line num="113" count="2" type="stmt"/>
        <line num="118" count="8" type="cond" truecount="1" falsecount="1"/>
        <line num="119" count="0" type="cond" truecount="0" falsecount="3"/>
        <line num="121" count="0" type="cond" truecount="0" falsecount="2"/>
        <line num="122" count="0" type="stmt"/>
        <line num="126" count="0" type="stmt"/>
        <line num="128" count="0" type="cond" truecount="0" falsecount="2"/>
        <line num="129" count="0" type="stmt"/>
        <line num="133" count="0" type="stmt"/>
        <line num="135" count="0" type="cond" truecount="0" falsecount="2"/>
        <line num="136" count="0" type="stmt"/>
        <line num="140" count="0" type="stmt"/>
        <line num="147" count="8" type="cond" truecount="1" falsecount="1"/>
        <line num="148" count="0" type="stmt"/>
        <line num="149" count="0" type="stmt"/>
        <line num="151" count="0" type="stmt"/>
        <line num="155" count="8" type="stmt"/>
        <line num="159" count="0" type="stmt"/>
        <line num="160" count="0" type="stmt"/>
        <line num="164" count="0" type="stmt"/>
        <line num="165" count="0" type="stmt"/>
        <line num="166" count="0" type="stmt"/>
        <line num="168" count="0" type="stmt"/>
        <line num="173" count="0" type="stmt"/>
        <line num="174" count="0" type="stmt"/>
        <line num="179" count="6" type="cond" truecount="4" falsecount="0"/>
        <line num="180" count="1" type="stmt"/>
        <line num="185" count="5" type="cond" truecount="2" falsecount="0"/>
        <line num="193" count="1" type="stmt"/>
        <line num="198" count="4" type="cond" truecount="2" falsecount="0"/>
        <line num="200" count="4" type="cond" truecount="2" falsecount="0"/>
        <line num="203" count="2" type="cond" truecount="2" falsecount="2"/>
        <line num="204" count="0" type="stmt"/>
        <line num="208" count="2" type="cond" truecount="1" falsecount="1"/>
        <line num="209" count="2" type="cond" truecount="1" falsecount="1"/>
        <line num="213" count="2" type="stmt"/>
        <line num="215" count="2" type="cond" truecount="5" falsecount="0"/>
        <line num="222" count="2" type="cond" truecount="1" falsecount="1"/>
        <line num="225" count="2" type="stmt"/>
      </file>
      <file name="transferActionValidator.ts" path="/Users/gilbertsahumada/projects/sherry-sdk/src/validators/transferActionValidator.ts">
        <metrics statements="50" coveredstatements="35" conditionals="93" coveredconditionals="72" methods="6" coveredmethods="6"/>
        <line num="15" count="10" type="stmt"/>
        <line num="18" count="10" type="stmt"/>
        <line num="21" count="8" type="stmt"/>
        <line num="24" count="6" type="stmt"/>
        <line num="26" count="4" type="stmt"/>
        <line num="33" count="10" type="cond" truecount="3" falsecount="1"/>
        <line num="34" count="0" type="stmt"/>
        <line num="37" count="10" type="cond" truecount="3" falsecount="1"/>
        <line num="38" count="0" type="stmt"/>
        <line num="46" count="10" type="cond" truecount="3" falsecount="1"/>
        <line num="47" count="0" type="stmt"/>
        <line num="50" count="10" type="cond" truecount="3" falsecount="1"/>
        <line num="51" count="0" type="stmt"/>
        <line num="54" count="10" type="stmt"/>
        <line num="55" count="10" type="cond" truecount="2" falsecount="0"/>
        <line num="56" count="2" type="stmt"/>
        <line num="59" count="8" type="cond" truecount="1" falsecount="1"/>
        <line num="60" count="0" type="cond" truecount="0" falsecount="2"/>
        <line num="64" count="0" type="stmt"/>
        <line num="74" count="8" type="cond" truecount="2" falsecount="0"/>
        <line num="75" count="5" type="cond" truecount="1" falsecount="1"/>
        <line num="76" count="0" type="stmt"/>
        <line num="79" count="5" type="cond" truecount="1" falsecount="1"/>
        <line num="80" count="0" type="stmt"/>
        <line num="85" count="8" type="cond" truecount="2" falsecount="0"/>
        <line num="86" count="1" type="cond" truecount="3" falsecount="1"/>
        <line num="87" count="0" type="stmt"/>
        <line num="90" count="1" type="cond" truecount="2" falsecount="2"/>
        <line num="91" count="0" type="stmt"/>
        <line num="96" count="1" type="cond" truecount="1" falsecount="1"/>
        <line num="100" count="0" type="stmt"/>
        <line num="107" count="8" type="cond" truecount="4" falsecount="0"/>
        <line num="108" count="2" type="stmt"/>
        <line num="117" count="6" type="cond" truecount="2" falsecount="0"/>
        <line num="118" count="5" type="cond" truecount="4" falsecount="0"/>
        <line num="119" count="2" type="stmt"/>
        <line num="124" count="4" type="cond" truecount="2" falsecount="0"/>
        <line num="125" count="1" type="cond" truecount="3" falsecount="1"/>
        <line num="126" count="0" type="stmt"/>
        <line num="129" count="1" type="cond" truecount="1" falsecount="1"/>
        <line num="133" count="0" type="stmt"/>
        <line num="138" count="1" type="cond" truecount="1" falsecount="1"/>
        <line num="143" count="0" type="stmt"/>
        <line num="146" count="1" type="cond" truecount="1" falsecount="1"/>
        <line num="150" count="0" type="stmt"/>
        <line num="161" count="9" type="cond" truecount="6" falsecount="0"/>
        <line num="168" count="9" type="cond" truecount="2" falsecount="0"/>
        <line num="172" count="3" type="cond" truecount="4" falsecount="0"/>
        <line num="179" count="3" type="cond" truecount="3" falsecount="0"/>
        <line num="181" count="3" type="cond" truecount="2" falsecount="0"/>
      </file>
    </package>
  </project>
</coverage>
