{"/Users/gilbertsahumada/projects/sherry-sdk/src/errors/customErrors.ts": {"path":"/Users/gilbertsahumada/projects/sherry-sdk/src/errors/customErrors.ts","statementMap":{"0":{"start":{"line":17,"column":8},"end":{"line":17,"column":59}},"1":{"start":{"line":18,"column":8},"end":{"line":18,"column":44}},"2":{"start":{"line":36,"column":8},"end":{"line":36,"column":35}},"3":{"start":{"line":37,"column":8},"end":{"line":37,"column":43}},"4":{"start":{"line":57,"column":8},"end":{"line":57,"column":44}},"5":{"start":{"line":58,"column":8},"end":{"line":58,"column":37}},"6":{"start":{"line":78,"column":8},"end":{"line":78,"column":84}},"7":{"start":{"line":79,"column":8},"end":{"line":79,"column":41}},"8":{"start":{"line":85,"column":8},"end":{"line":85,"column":48}},"9":{"start":{"line":86,"column":8},"end":{"line":86,"column":36}},"10":{"start":{"line":92,"column":8},"end":{"line":92,"column":19}},"11":{"start":{"line":93,"column":8},"end":{"line":93,"column":43}},"12":{"start":{"line":100,"column":8},"end":{"line":100,"column":23}},"13":{"start":{"line":101,"column":8},"end":{"line":101,"column":44}},"14":{"start":{"line":107,"column":8},"end":{"line":107,"column":23}},"15":{"start":{"line":108,"column":8},"end":{"line":108,"column":44}}},"fnMap":{"0":{"name":"(anonymous_0)","decl":{"start":{"line":16,"column":4},"end":{"line":16,"column":5}},"loc":{"start":{"line":16,"column":38},"end":{"line":19,"column":5}},"line":16},"1":{"name":"(anonymous_1)","decl":{"start":{"line":35,"column":4},"end":{"line":35,"column":5}},"loc":{"start":{"line":35,"column":18},"end":{"line":38,"column":5}},"line":35},"2":{"name":"(anonymous_2)","decl":{"start":{"line":56,"column":4},"end":{"line":56,"column":5}},"loc":{"start":{"line":56,"column":33},"end":{"line":59,"column":5}},"line":56},"3":{"name":"(anonymous_3)","decl":{"start":{"line":77,"column":4},"end":{"line":77,"column":5}},"loc":{"start":{"line":77,"column":39},"end":{"line":80,"column":5}},"line":77},"4":{"name":"(anonymous_4)","decl":{"start":{"line":84,"column":4},"end":{"line":84,"column":5}},"loc":{"start":{"line":84,"column":18},"end":{"line":87,"column":5}},"line":84},"5":{"name":"(anonymous_5)","decl":{"start":{"line":91,"column":4},"end":{"line":91,"column":5}},"loc":{"start":{"line":91,"column":29},"end":{"line":94,"column":5}},"line":91},"6":{"name":"(anonymous_6)","decl":{"start":{"line":99,"column":4},"end":{"line":99,"column":5}},"loc":{"start":{"line":99,"column":33},"end":{"line":102,"column":5}},"line":99},"7":{"name":"(anonymous_7)","decl":{"start":{"line":106,"column":4},"end":{"line":106,"column":5}},"loc":{"start":{"line":106,"column":33},"end":{"line":109,"column":5}},"line":106}},"branchMap":{},"s":{"0":0,"1":0,"2":0,"3":0,"4":0,"5":0,"6":0,"7":0,"8":0,"9":0,"10":10,"11":10,"12":8,"13":8,"14":12,"15":12},"f":{"0":0,"1":0,"2":0,"3":0,"4":0,"5":10,"6":8,"7":12},"b":{},"_coverageSchema":"1a1c01bbd47fc00a2c39e90264f33305004495a9","hash":"860aac140b257657a33a45606998efb11440650f"}
,"/Users/gilbertsahumada/projects/sherry-sdk/src/templates/templates.ts": {"path":"/Users/gilbertsahumada/projects/sherry-sdk/src/templates/templates.ts","statementMap":{"0":{"start":{"line":12,"column":31},"end":{"line":223,"column":1}},"1":{"start":{"line":231,"column":4},"end":{"line":235,"column":8}},"2":{"start":{"line":231,"column":34},"end":{"line":235,"column":5}},"3":{"start":{"line":248,"column":4},"end":{"line":255,"column":6}},"4":{"start":{"line":268,"column":4},"end":{"line":275,"column":6}},"5":{"start":{"line":279,"column":45},"end":{"line":286,"column":1}},"6":{"start":{"line":289,"column":45},"end":{"line":296,"column":1}},"7":{"start":{"line":303,"column":4},"end":{"line":306,"column":6}}},"fnMap":{"0":{"name":"createSelectOptions","decl":{"start":{"line":228,"column":16},"end":{"line":228,"column":35}},"loc":{"start":{"line":230,"column":18},"end":{"line":236,"column":1}},"line":230},"1":{"name":"(anonymous_1)","decl":{"start":{"line":231,"column":23},"end":{"line":231,"column":24}},"loc":{"start":{"line":231,"column":34},"end":{"line":235,"column":5}},"line":231},"2":{"name":"createSelectParam","decl":{"start":{"line":241,"column":16},"end":{"line":241,"column":33}},"loc":{"start":{"line":247,"column":19},"end":{"line":256,"column":1}},"line":247},"3":{"name":"createRadioParam","decl":{"start":{"line":261,"column":16},"end":{"line":261,"column":32}},"loc":{"start":{"line":267,"column":18},"end":{"line":276,"column":1}},"line":267},"4":{"name":"createParameter","decl":{"start":{"line":299,"column":16},"end":{"line":299,"column":31}},"loc":{"start":{"line":302,"column":5},"end":{"line":307,"column":1}},"line":302}},"branchMap":{"0":{"loc":{"start":{"line":245,"column":4},"end":{"line":245,"column":28}},"type":"default-arg","locations":[{"start":{"line":245,"column":24},"end":{"line":245,"column":28}}],"line":245},"1":{"loc":{"start":{"line":265,"column":4},"end":{"line":265,"column":28}},"type":"default-arg","locations":[{"start":{"line":265,"column":24},"end":{"line":265,"column":28}}],"line":265}},"s":{"0":1,"1":3,"2":6,"3":1,"4":1,"5":1,"6":1,"7":1},"f":{"0":3,"1":6,"2":1,"3":1,"4":1},"b":{"0":[0],"1":[0]},"_coverageSchema":"1a1c01bbd47fc00a2c39e90264f33305004495a9","hash":"8cdd24de4aafb061bb3a9189ee96b690d440c967"}
,"/Users/gilbertsahumada/projects/sherry-sdk/src/utils/createMetadata.ts": {"path":"/Users/gilbertsahumada/projects/sherry-sdk/src/utils/createMetadata.ts","statementMap":{"0":{"start":{"line":27,"column":4},"end":{"line":29,"column":6}},"1":{"start":{"line":28,"column":39},"end":{"line":28,"column":93}},"2":{"start":{"line":36,"column":24},"end":{"line":38,"column":5}},"3":{"start":{"line":37,"column":39},"end":{"line":37,"column":93}},"4":{"start":{"line":39,"column":4},"end":{"line":41,"column":5}},"5":{"start":{"line":40,"column":8},"end":{"line":40,"column":85}},"6":{"start":{"line":42,"column":4},"end":{"line":42,"column":23}},"7":{"start":{"line":49,"column":24},"end":{"line":49,"column":71}},"8":{"start":{"line":51,"column":4},"end":{"line":51,"column":83}},"9":{"start":{"line":51,"column":43},"end":{"line":51,"column":81}},"10":{"start":{"line":58,"column":24},"end":{"line":58,"column":71}},"11":{"start":{"line":59,"column":4},"end":{"line":59,"column":39}},"12":{"start":{"line":66,"column":4},"end":{"line":68,"column":5}},"13":{"start":{"line":67,"column":8},"end":{"line":67,"column":80}},"14":{"start":{"line":75,"column":24},"end":{"line":75,"column":83}},"15":{"start":{"line":77,"column":4},"end":{"line":82,"column":5}},"16":{"start":{"line":78,"column":8},"end":{"line":81,"column":10}},"17":{"start":{"line":84,"column":4},"end":{"line":89,"column":5}},"18":{"start":{"line":85,"column":8},"end":{"line":88,"column":10}},"19":{"start":{"line":97,"column":4},"end":{"line":99,"column":5}},"20":{"start":{"line":98,"column":8},"end":{"line":98,"column":83}},"21":{"start":{"line":101,"column":4},"end":{"line":103,"column":5}},"22":{"start":{"line":102,"column":8},"end":{"line":102,"column":100}},"23":{"start":{"line":106,"column":4},"end":{"line":108,"column":5}},"24":{"start":{"line":107,"column":8},"end":{"line":107,"column":94}},"25":{"start":{"line":115,"column":4},"end":{"line":115,"column":33}},"26":{"start":{"line":117,"column":4},"end":{"line":121,"column":5}},"27":{"start":{"line":118,"column":8},"end":{"line":120,"column":10}},"28":{"start":{"line":124,"column":19},"end":{"line":124,"column":28}},"29":{"start":{"line":125,"column":4},"end":{"line":144,"column":7}},"30":{"start":{"line":126,"column":8},"end":{"line":130,"column":9}},"31":{"start":{"line":127,"column":12},"end":{"line":129,"column":14}},"32":{"start":{"line":132,"column":8},"end":{"line":136,"column":9}},"33":{"start":{"line":133,"column":12},"end":{"line":135,"column":14}},"34":{"start":{"line":138,"column":8},"end":{"line":142,"column":9}},"35":{"start":{"line":139,"column":12},"end":{"line":141,"column":14}},"36":{"start":{"line":143,"column":8},"end":{"line":143,"column":38}},"37":{"start":{"line":151,"column":4},"end":{"line":151,"column":33}},"38":{"start":{"line":154,"column":4},"end":{"line":160,"column":5}},"39":{"start":{"line":155,"column":8},"end":{"line":159,"column":9}},"40":{"start":{"line":156,"column":12},"end":{"line":158,"column":14}},"41":{"start":{"line":162,"column":4},"end":{"line":168,"column":5}},"42":{"start":{"line":163,"column":8},"end":{"line":167,"column":9}},"43":{"start":{"line":164,"column":12},"end":{"line":166,"column":14}},"44":{"start":{"line":171,"column":4},"end":{"line":179,"column":5}},"45":{"start":{"line":172,"column":8},"end":{"line":178,"column":9}},"46":{"start":{"line":173,"column":12},"end":{"line":173,"column":38}},"47":{"start":{"line":175,"column":12},"end":{"line":177,"column":14}},"48":{"start":{"line":182,"column":4},"end":{"line":189,"column":5}},"49":{"start":{"line":183,"column":27},"end":{"line":183,"column":61}},"50":{"start":{"line":184,"column":8},"end":{"line":188,"column":9}},"51":{"start":{"line":185,"column":12},"end":{"line":187,"column":14}},"52":{"start":{"line":191,"column":4},"end":{"line":199,"column":5}},"53":{"start":{"line":192,"column":8},"end":{"line":198,"column":9}},"54":{"start":{"line":193,"column":12},"end":{"line":193,"column":33}},"55":{"start":{"line":195,"column":12},"end":{"line":197,"column":14}},"56":{"start":{"line":201,"column":4},"end":{"line":208,"column":5}},"57":{"start":{"line":203,"column":8},"end":{"line":207,"column":9}},"58":{"start":{"line":204,"column":12},"end":{"line":206,"column":14}},"59":{"start":{"line":215,"column":4},"end":{"line":219,"column":5}},"60":{"start":{"line":216,"column":8},"end":{"line":216,"column":78}},"61":{"start":{"line":218,"column":8},"end":{"line":218,"column":62}},"62":{"start":{"line":229,"column":4},"end":{"line":270,"column":5}},"63":{"start":{"line":231,"column":30},"end":{"line":233,"column":9}},"64":{"start":{"line":232,"column":31},"end":{"line":232,"column":37}},"65":{"start":{"line":232,"column":72},"end":{"line":232,"column":90}},"66":{"start":{"line":236,"column":8},"end":{"line":249,"column":11}},"67":{"start":{"line":237,"column":12},"end":{"line":242,"column":13}},"68":{"start":{"line":238,"column":16},"end":{"line":241,"column":18}},"69":{"start":{"line":245,"column":29},"end":{"line":245,"column":71}},"70":{"start":{"line":245,"column":49},"end":{"line":245,"column":70}},"71":{"start":{"line":246,"column":12},"end":{"line":248,"column":13}},"72":{"start":{"line":247,"column":16},"end":{"line":247,"column":68}},"73":{"start":{"line":252,"column":33},"end":{"line":252,"column":71}},"74":{"start":{"line":252,"column":63},"end":{"line":252,"column":69}},"75":{"start":{"line":253,"column":30},"end":{"line":253,"column":99}},"76":{"start":{"line":253,"column":71},"end":{"line":253,"column":98}},"77":{"start":{"line":255,"column":8},"end":{"line":261,"column":9}},"78":{"start":{"line":256,"column":12},"end":{"line":260,"column":14}},"79":{"start":{"line":263,"column":8},"end":{"line":269,"column":9}},"80":{"start":{"line":264,"column":12},"end":{"line":264,"column":24}},"81":{"start":{"line":265,"column":15},"end":{"line":269,"column":9}},"82":{"start":{"line":266,"column":12},"end":{"line":266,"column":99}},"83":{"start":{"line":268,"column":12},"end":{"line":268,"column":81}},"84":{"start":{"line":280,"column":4},"end":{"line":334,"column":5}},"85":{"start":{"line":282,"column":63},"end":{"line":292,"column":9}},"86":{"start":{"line":295,"column":28},"end":{"line":295,"column":65}},"87":{"start":{"line":296,"column":32},"end":{"line":296,"column":71}},"88":{"start":{"line":299,"column":8},"end":{"line":301,"column":9}},"89":{"start":{"line":300,"column":12},"end":{"line":300,"column":19}},"90":{"start":{"line":304,"column":8},"end":{"line":309,"column":9}},"91":{"start":{"line":305,"column":12},"end":{"line":308,"column":14}},"92":{"start":{"line":312,"column":27},"end":{"line":312,"column":54}},"93":{"start":{"line":313,"column":30},"end":{"line":313,"column":77}},"94":{"start":{"line":315,"column":8},"end":{"line":319,"column":9}},"95":{"start":{"line":316,"column":12},"end":{"line":318,"column":14}},"96":{"start":{"line":321,"column":8},"end":{"line":325,"column":9}},"97":{"start":{"line":322,"column":12},"end":{"line":324,"column":14}},"98":{"start":{"line":327,"column":8},"end":{"line":333,"column":9}},"99":{"start":{"line":328,"column":12},"end":{"line":328,"column":24}},"100":{"start":{"line":330,"column":12},"end":{"line":332,"column":14}},"101":{"start":{"line":341,"column":4},"end":{"line":366,"column":5}},"102":{"start":{"line":342,"column":8},"end":{"line":342,"column":61}},"103":{"start":{"line":342,"column":54},"end":{"line":342,"column":61}},"104":{"start":{"line":344,"column":8},"end":{"line":348,"column":9}},"105":{"start":{"line":345,"column":12},"end":{"line":347,"column":14}},"106":{"start":{"line":351,"column":8},"end":{"line":359,"column":9}},"107":{"start":{"line":351,"column":21},"end":{"line":351,"column":22}},"108":{"start":{"line":352,"column":12},"end":{"line":358,"column":13}},"109":{"start":{"line":357,"column":16},"end":{"line":357,"column":53}},"110":{"start":{"line":361,"column":8},"end":{"line":365,"column":9}},"111":{"start":{"line":362,"column":12},"end":{"line":362,"column":24}},"112":{"start":{"line":364,"column":12},"end":{"line":364,"column":89}},"113":{"start":{"line":416,"column":4},"end":{"line":499,"column":5}},"114":{"start":{"line":417,"column":8},"end":{"line":492,"column":9}},"115":{"start":{"line":419,"column":12},"end":{"line":421,"column":13}},"116":{"start":{"line":420,"column":16},"end":{"line":420,"column":89}},"117":{"start":{"line":423,"column":12},"end":{"line":425,"column":13}},"118":{"start":{"line":424,"column":16},"end":{"line":424,"column":91}},"119":{"start":{"line":427,"column":12},"end":{"line":431,"column":13}},"120":{"start":{"line":428,"column":16},"end":{"line":430,"column":18}},"121":{"start":{"line":433,"column":12},"end":{"line":435,"column":13}},"122":{"start":{"line":434,"column":16},"end":{"line":434,"column":96}},"123":{"start":{"line":437,"column":12},"end":{"line":441,"column":13}},"124":{"start":{"line":438,"column":16},"end":{"line":440,"column":18}},"125":{"start":{"line":444,"column":12},"end":{"line":444,"column":52}},"126":{"start":{"line":447,"column":12},"end":{"line":447,"column":48}},"127":{"start":{"line":450,"column":12},"end":{"line":454,"column":13}},"128":{"start":{"line":451,"column":16},"end":{"line":453,"column":18}},"129":{"start":{"line":457,"column":30},"end":{"line":457,"column":54}},"130":{"start":{"line":460,"column":12},"end":{"line":466,"column":13}},"131":{"start":{"line":462,"column":16},"end":{"line":462,"column":73}},"132":{"start":{"line":462,"column":47},"end":{"line":462,"column":71}},"133":{"start":{"line":465,"column":16},"end":{"line":465,"column":69}},"134":{"start":{"line":480,"column":31},"end":{"line":480,"column":62}},"135":{"start":{"line":481,"column":12},"end":{"line":489,"column":13}},"136":{"start":{"line":482,"column":16},"end":{"line":484,"column":18}},"137":{"start":{"line":485,"column":19},"end":{"line":489,"column":13}},"138":{"start":{"line":486,"column":16},"end":{"line":488,"column":18}},"139":{"start":{"line":491,"column":12},"end":{"line":491,"column":77}},"140":{"start":{"line":494,"column":8},"end":{"line":498,"column":9}},"141":{"start":{"line":495,"column":12},"end":{"line":495,"column":24}},"142":{"start":{"line":497,"column":12},"end":{"line":497,"column":92}},"143":{"start":{"line":506,"column":4},"end":{"line":538,"column":5}},"144":{"start":{"line":508,"column":8},"end":{"line":508,"column":41}},"145":{"start":{"line":511,"column":26},"end":{"line":511,"column":50}},"146":{"start":{"line":526,"column":37},"end":{"line":526,"column":68}},"147":{"start":{"line":529,"column":8},"end":{"line":533,"column":10}},"148":{"start":{"line":535,"column":8},"end":{"line":537,"column":10}},"149":{"start":{"line":545,"column":4},"end":{"line":547,"column":5}},"150":{"start":{"line":546,"column":8},"end":{"line":546,"column":81}},"151":{"start":{"line":549,"column":4},"end":{"line":551,"column":5}},"152":{"start":{"line":550,"column":8},"end":{"line":550,"column":82}},"153":{"start":{"line":553,"column":4},"end":{"line":555,"column":5}},"154":{"start":{"line":554,"column":8},"end":{"line":554,"column":83}},"155":{"start":{"line":557,"column":4},"end":{"line":559,"column":5}},"156":{"start":{"line":558,"column":8},"end":{"line":558,"column":89}},"157":{"start":{"line":561,"column":4},"end":{"line":563,"column":5}},"158":{"start":{"line":562,"column":8},"end":{"line":562,"column":85}},"159":{"start":{"line":565,"column":4},"end":{"line":567,"column":5}},"160":{"start":{"line":566,"column":8},"end":{"line":566,"column":85}},"161":{"start":{"line":569,"column":4},"end":{"line":573,"column":5}},"162":{"start":{"line":570,"column":8},"end":{"line":572,"column":10}},"163":{"start":{"line":581,"column":4},"end":{"line":611,"column":5}},"164":{"start":{"line":583,"column":8},"end":{"line":583,"column":40}},"165":{"start":{"line":586,"column":33},"end":{"line":594,"column":10}},"166":{"start":{"line":587,"column":12},"end":{"line":593,"column":13}},"167":{"start":{"line":588,"column":16},"end":{"line":588,"column":55}},"168":{"start":{"line":590,"column":16},"end":{"line":592,"column":18}},"169":{"start":{"line":597,"column":8},"end":{"line":603,"column":10}},"170":{"start":{"line":606,"column":8},"end":{"line":610,"column":9}},"171":{"start":{"line":607,"column":12},"end":{"line":607,"column":24}},"172":{"start":{"line":609,"column":12},"end":{"line":609,"column":83}},"173":{"start":{"line":618,"column":4},"end":{"line":628,"column":6}},"174":{"start":{"line":635,"column":4},"end":{"line":641,"column":6}}},"fnMap":{"0":{"name":"isValidFunction","decl":{"start":{"line":26,"column":16},"end":{"line":26,"column":31}},"loc":{"start":{"line":26,"column":87},"end":{"line":30,"column":1}},"line":26},"1":{"name":"(anonymous_1)","decl":{"start":{"line":28,"column":8},"end":{"line":28,"column":9}},"loc":{"start":{"line":28,"column":39},"end":{"line":28,"column":93}},"line":28},"2":{"name":"getAbiFunction","decl":{"start":{"line":35,"column":16},"end":{"line":35,"column":30}},"loc":{"start":{"line":35,"column":90},"end":{"line":43,"column":1}},"line":35},"3":{"name":"(anonymous_3)","decl":{"start":{"line":37,"column":8},"end":{"line":37,"column":9}},"loc":{"start":{"line":37,"column":39},"end":{"line":37,"column":93}},"line":37},"4":{"name":"getAbiParameters","decl":{"start":{"line":48,"column":16},"end":{"line":48,"column":32}},"loc":{"start":{"line":48,"column":91},"end":{"line":52,"column":1}},"line":48},"5":{"name":"(anonymous_5)","decl":{"start":{"line":51,"column":34},"end":{"line":51,"column":35}},"loc":{"start":{"line":51,"column":43},"end":{"line":51,"column":81}},"line":51},"6":{"name":"getBlockchainActionType","decl":{"start":{"line":57,"column":16},"end":{"line":57,"column":39}},"loc":{"start":{"line":57,"column":94},"end":{"line":60,"column":1}},"line":57},"7":{"name":"validateContractAddress","decl":{"start":{"line":65,"column":16},"end":{"line":65,"column":39}},"loc":{"start":{"line":65,"column":63},"end":{"line":69,"column":1}},"line":65},"8":{"name":"validateChainContext","decl":{"start":{"line":74,"column":16},"end":{"line":74,"column":36}},"loc":{"start":{"line":74,"column":65},"end":{"line":90,"column":1}},"line":74},"9":{"name":"validateBaseParameter","decl":{"start":{"line":95,"column":9},"end":{"line":95,"column":30}},"loc":{"start":{"line":95,"column":65},"end":{"line":109,"column":1}},"line":95},"10":{"name":"validateSelectionParameter","decl":{"start":{"line":114,"column":9},"end":{"line":114,"column":35}},"loc":{"start":{"line":114,"column":83},"end":{"line":145,"column":1}},"line":114},"11":{"name":"(anonymous_11)","decl":{"start":{"line":125,"column":26},"end":{"line":125,"column":27}},"loc":{"start":{"line":125,"column":33},"end":{"line":144,"column":5}},"line":125},"12":{"name":"validateStandardParameter","decl":{"start":{"line":150,"column":9},"end":{"line":150,"column":34}},"loc":{"start":{"line":150,"column":67},"end":{"line":209,"column":1}},"line":150},"13":{"name":"validateParameter","decl":{"start":{"line":214,"column":9},"end":{"line":214,"column":26}},"loc":{"start":{"line":214,"column":61},"end":{"line":220,"column":1}},"line":214},"14":{"name":"validateParametersMatchAbi","decl":{"start":{"line":225,"column":9},"end":{"line":225,"column":35}},"loc":{"start":{"line":228,"column":8},"end":{"line":271,"column":1}},"line":228},"15":{"name":"(anonymous_15)","decl":{"start":{"line":232,"column":26},"end":{"line":232,"column":27}},"loc":{"start":{"line":232,"column":31},"end":{"line":232,"column":37}},"line":232},"16":{"name":"(anonymous_16)","decl":{"start":{"line":232,"column":46},"end":{"line":232,"column":47}},"loc":{"start":{"line":232,"column":72},"end":{"line":232,"column":90}},"line":232},"17":{"name":"(anonymous_17)","decl":{"start":{"line":236,"column":29},"end":{"line":236,"column":30}},"loc":{"start":{"line":236,"column":38},"end":{"line":249,"column":9}},"line":236},"18":{"name":"(anonymous_18)","decl":{"start":{"line":245,"column":44},"end":{"line":245,"column":45}},"loc":{"start":{"line":245,"column":49},"end":{"line":245,"column":70}},"line":245},"19":{"name":"(anonymous_19)","decl":{"start":{"line":252,"column":58},"end":{"line":252,"column":59}},"loc":{"start":{"line":252,"column":63},"end":{"line":252,"column":69}},"line":252},"20":{"name":"(anonymous_20)","decl":{"start":{"line":253,"column":63},"end":{"line":253,"column":64}},"loc":{"start":{"line":253,"column":71},"end":{"line":253,"column":98}},"line":253},"21":{"name":"validateParameterTypeCompatibility","decl":{"start":{"line":276,"column":9},"end":{"line":276,"column":43}},"loc":{"start":{"line":279,"column":8},"end":{"line":335,"column":1}},"line":279},"22":{"name":"applyParamValues","decl":{"start":{"line":340,"column":9},"end":{"line":340,"column":25}},"loc":{"start":{"line":340,"column":88},"end":{"line":367,"column":1}},"line":340},"23":{"name":"validateBlockchainAction","decl":{"start":{"line":415,"column":16},"end":{"line":415,"column":40}},"loc":{"start":{"line":415,"column":81},"end":{"line":500,"column":1}},"line":415},"24":{"name":"(anonymous_24)","decl":{"start":{"line":462,"column":38},"end":{"line":462,"column":39}},"loc":{"start":{"line":462,"column":47},"end":{"line":462,"column":71}},"line":462},"25":{"name":"processBlockchainAction","decl":{"start":{"line":505,"column":16},"end":{"line":505,"column":39}},"loc":{"start":{"line":505,"column":92},"end":{"line":539,"column":1}},"line":505},"26":{"name":"validateBasicMetadata","decl":{"start":{"line":544,"column":9},"end":{"line":544,"column":30}},"loc":{"start":{"line":544,"column":57},"end":{"line":574,"column":1}},"line":544},"27":{"name":"createMetadata","decl":{"start":{"line":580,"column":16},"end":{"line":580,"column":30}},"loc":{"start":{"line":580,"column":70},"end":{"line":612,"column":1}},"line":580},"28":{"name":"(anonymous_28)","decl":{"start":{"line":586,"column":54},"end":{"line":586,"column":55}},"loc":{"start":{"line":586,"column":64},"end":{"line":594,"column":9}},"line":586},"29":{"name":"isBlockchainActionMetadata","decl":{"start":{"line":617,"column":16},"end":{"line":617,"column":42}},"loc":{"start":{"line":617,"column":86},"end":{"line":629,"column":1}},"line":617},"30":{"name":"isBlockchainAction","decl":{"start":{"line":634,"column":16},"end":{"line":634,"column":34}},"loc":{"start":{"line":634,"column":70},"end":{"line":642,"column":1}},"line":634}},"branchMap":{"0":{"loc":{"start":{"line":28,"column":39},"end":{"line":28,"column":93}},"type":"binary-expr","locations":[{"start":{"line":28,"column":39},"end":{"line":28,"column":63}},{"start":{"line":28,"column":67},"end":{"line":28,"column":93}}],"line":28},"1":{"loc":{"start":{"line":37,"column":39},"end":{"line":37,"column":93}},"type":"binary-expr","locations":[{"start":{"line":37,"column":39},"end":{"line":37,"column":63}},{"start":{"line":37,"column":67},"end":{"line":37,"column":93}}],"line":37},"2":{"loc":{"start":{"line":39,"column":4},"end":{"line":41,"column":5}},"type":"if","locations":[{"start":{"line":39,"column":4},"end":{"line":41,"column":5}},{"start":{},"end":{}}],"line":39},"3":{"loc":{"start":{"line":66,"column":4},"end":{"line":68,"column":5}},"type":"if","locations":[{"start":{"line":66,"column":4},"end":{"line":68,"column":5}},{"start":{},"end":{}}],"line":66},"4":{"loc":{"start":{"line":77,"column":4},"end":{"line":82,"column":5}},"type":"if","locations":[{"start":{"line":77,"column":4},"end":{"line":82,"column":5}},{"start":{},"end":{}}],"line":77},"5":{"loc":{"start":{"line":84,"column":4},"end":{"line":89,"column":5}},"type":"if","locations":[{"start":{"line":84,"column":4},"end":{"line":89,"column":5}},{"start":{},"end":{}}],"line":84},"6":{"loc":{"start":{"line":84,"column":8},"end":{"line":84,"column":71}},"type":"binary-expr","locations":[{"start":{"line":84,"column":8},"end":{"line":84,"column":26}},{"start":{"line":84,"column":30},"end":{"line":84,"column":71}}],"line":84},"7":{"loc":{"start":{"line":97,"column":4},"end":{"line":99,"column":5}},"type":"if","locations":[{"start":{"line":97,"column":4},"end":{"line":99,"column":5}},{"start":{},"end":{}}],"line":97},"8":{"loc":{"start":{"line":101,"column":4},"end":{"line":103,"column":5}},"type":"if","locations":[{"start":{"line":101,"column":4},"end":{"line":103,"column":5}},{"start":{},"end":{}}],"line":101},"9":{"loc":{"start":{"line":106,"column":4},"end":{"line":108,"column":5}},"type":"if","locations":[{"start":{"line":106,"column":4},"end":{"line":108,"column":5}},{"start":{},"end":{}}],"line":106},"10":{"loc":{"start":{"line":117,"column":4},"end":{"line":121,"column":5}},"type":"if","locations":[{"start":{"line":117,"column":4},"end":{"line":121,"column":5}},{"start":{},"end":{}}],"line":117},"11":{"loc":{"start":{"line":117,"column":8},"end":{"line":117,"column":85}},"type":"binary-expr","locations":[{"start":{"line":117,"column":8},"end":{"line":117,"column":22}},{"start":{"line":117,"column":26},"end":{"line":117,"column":55}},{"start":{"line":117,"column":59},"end":{"line":117,"column":85}}],"line":117},"12":{"loc":{"start":{"line":126,"column":8},"end":{"line":130,"column":9}},"type":"if","locations":[{"start":{"line":126,"column":8},"end":{"line":130,"column":9}},{"start":{},"end":{}}],"line":126},"13":{"loc":{"start":{"line":132,"column":8},"end":{"line":136,"column":9}},"type":"if","locations":[{"start":{"line":132,"column":8},"end":{"line":136,"column":9}},{"start":{},"end":{}}],"line":132},"14":{"loc":{"start":{"line":138,"column":8},"end":{"line":142,"column":9}},"type":"if","locations":[{"start":{"line":138,"column":8},"end":{"line":142,"column":9}},{"start":{},"end":{}}],"line":138},"15":{"loc":{"start":{"line":154,"column":4},"end":{"line":160,"column":5}},"type":"if","locations":[{"start":{"line":154,"column":4},"end":{"line":160,"column":5}},{"start":{},"end":{}}],"line":154},"16":{"loc":{"start":{"line":154,"column":8},"end":{"line":154,"column":58}},"type":"binary-expr","locations":[{"start":{"line":154,"column":8},"end":{"line":154,"column":31}},{"start":{"line":154,"column":35},"end":{"line":154,"column":58}}],"line":154},"17":{"loc":{"start":{"line":155,"column":8},"end":{"line":159,"column":9}},"type":"if","locations":[{"start":{"line":155,"column":8},"end":{"line":159,"column":9}},{"start":{},"end":{}}],"line":155},"18":{"loc":{"start":{"line":162,"column":4},"end":{"line":168,"column":5}},"type":"if","locations":[{"start":{"line":162,"column":4},"end":{"line":168,"column":5}},{"start":{},"end":{}}],"line":162},"19":{"loc":{"start":{"line":162,"column":8},"end":{"line":162,"column":70}},"type":"binary-expr","locations":[{"start":{"line":162,"column":8},"end":{"line":162,"column":37}},{"start":{"line":162,"column":41},"end":{"line":162,"column":70}}],"line":162},"20":{"loc":{"start":{"line":163,"column":8},"end":{"line":167,"column":9}},"type":"if","locations":[{"start":{"line":163,"column":8},"end":{"line":167,"column":9}},{"start":{},"end":{}}],"line":163},"21":{"loc":{"start":{"line":171,"column":4},"end":{"line":179,"column":5}},"type":"if","locations":[{"start":{"line":171,"column":4},"end":{"line":179,"column":5}},{"start":{},"end":{}}],"line":171},"22":{"loc":{"start":{"line":182,"column":4},"end":{"line":189,"column":5}},"type":"if","locations":[{"start":{"line":182,"column":4},"end":{"line":189,"column":5}},{"start":{},"end":{}}],"line":182},"23":{"loc":{"start":{"line":182,"column":8},"end":{"line":182,"column":94}},"type":"binary-expr","locations":[{"start":{"line":182,"column":8},"end":{"line":182,"column":30}},{"start":{"line":182,"column":34},"end":{"line":182,"column":59}},{"start":{"line":182,"column":63},"end":{"line":182,"column":94}}],"line":182},"24":{"loc":{"start":{"line":184,"column":8},"end":{"line":188,"column":9}},"type":"if","locations":[{"start":{"line":184,"column":8},"end":{"line":188,"column":9}},{"start":{},"end":{}}],"line":184},"25":{"loc":{"start":{"line":191,"column":4},"end":{"line":199,"column":5}},"type":"if","locations":[{"start":{"line":191,"column":4},"end":{"line":199,"column":5}},{"start":{},"end":{}}],"line":191},"26":{"loc":{"start":{"line":191,"column":8},"end":{"line":191,"column":92}},"type":"binary-expr","locations":[{"start":{"line":191,"column":8},"end":{"line":191,"column":28}},{"start":{"line":191,"column":32},"end":{"line":191,"column":57}},{"start":{"line":191,"column":61},"end":{"line":191,"column":92}}],"line":191},"27":{"loc":{"start":{"line":201,"column":4},"end":{"line":208,"column":5}},"type":"if","locations":[{"start":{"line":201,"column":4},"end":{"line":208,"column":5}},{"start":{},"end":{}}],"line":201},"28":{"loc":{"start":{"line":201,"column":8},"end":{"line":201,"column":96}},"type":"binary-expr","locations":[{"start":{"line":201,"column":8},"end":{"line":201,"column":32}},{"start":{"line":201,"column":36},"end":{"line":201,"column":61}},{"start":{"line":201,"column":65},"end":{"line":201,"column":96}}],"line":201},"29":{"loc":{"start":{"line":203,"column":8},"end":{"line":207,"column":9}},"type":"if","locations":[{"start":{"line":203,"column":8},"end":{"line":207,"column":9}},{"start":{},"end":{}}],"line":203},"30":{"loc":{"start":{"line":203,"column":12},"end":{"line":203,"column":63}},"type":"binary-expr","locations":[{"start":{"line":203,"column":12},"end":{"line":203,"column":36}},{"start":{"line":203,"column":40},"end":{"line":203,"column":63}}],"line":203},"31":{"loc":{"start":{"line":215,"column":4},"end":{"line":219,"column":5}},"type":"if","locations":[{"start":{"line":215,"column":4},"end":{"line":219,"column":5}},{"start":{"line":217,"column":11},"end":{"line":219,"column":5}}],"line":215},"32":{"loc":{"start":{"line":215,"column":8},"end":{"line":215,"column":57}},"type":"binary-expr","locations":[{"start":{"line":215,"column":8},"end":{"line":215,"column":31}},{"start":{"line":215,"column":35},"end":{"line":215,"column":57}}],"line":215},"33":{"loc":{"start":{"line":237,"column":12},"end":{"line":242,"column":13}},"type":"if","locations":[{"start":{"line":237,"column":12},"end":{"line":242,"column":13}},{"start":{},"end":{}}],"line":237},"34":{"loc":{"start":{"line":246,"column":12},"end":{"line":248,"column":13}},"type":"if","locations":[{"start":{"line":246,"column":12},"end":{"line":248,"column":13}},{"start":{},"end":{}}],"line":246},"35":{"loc":{"start":{"line":255,"column":8},"end":{"line":261,"column":9}},"type":"if","locations":[{"start":{"line":255,"column":8},"end":{"line":261,"column":9}},{"start":{},"end":{}}],"line":255},"36":{"loc":{"start":{"line":263,"column":8},"end":{"line":269,"column":9}},"type":"if","locations":[{"start":{"line":263,"column":8},"end":{"line":269,"column":9}},{"start":{"line":265,"column":15},"end":{"line":269,"column":9}}],"line":263},"37":{"loc":{"start":{"line":265,"column":15},"end":{"line":269,"column":9}},"type":"if","locations":[{"start":{"line":265,"column":15},"end":{"line":269,"column":9}},{"start":{"line":267,"column":15},"end":{"line":269,"column":9}}],"line":265},"38":{"loc":{"start":{"line":296,"column":32},"end":{"line":296,"column":71}},"type":"binary-expr","locations":[{"start":{"line":296,"column":32},"end":{"line":296,"column":65}},{"start":{"line":296,"column":69},"end":{"line":296,"column":71}}],"line":296},"39":{"loc":{"start":{"line":299,"column":8},"end":{"line":301,"column":9}},"type":"if","locations":[{"start":{"line":299,"column":8},"end":{"line":301,"column":9}},{"start":{},"end":{}}],"line":299},"40":{"loc":{"start":{"line":304,"column":8},"end":{"line":309,"column":9}},"type":"if","locations":[{"start":{"line":304,"column":8},"end":{"line":309,"column":9}},{"start":{},"end":{}}],"line":304},"41":{"loc":{"start":{"line":315,"column":8},"end":{"line":319,"column":9}},"type":"if","locations":[{"start":{"line":315,"column":8},"end":{"line":319,"column":9}},{"start":{},"end":{}}],"line":315},"42":{"loc":{"start":{"line":315,"column":12},"end":{"line":315,"column":40}},"type":"binary-expr","locations":[{"start":{"line":315,"column":12},"end":{"line":315,"column":22}},{"start":{"line":315,"column":26},"end":{"line":315,"column":40}}],"line":315},"43":{"loc":{"start":{"line":321,"column":8},"end":{"line":325,"column":9}},"type":"if","locations":[{"start":{"line":321,"column":8},"end":{"line":325,"column":9}},{"start":{},"end":{}}],"line":321},"44":{"loc":{"start":{"line":321,"column":12},"end":{"line":321,"column":40}},"type":"binary-expr","locations":[{"start":{"line":321,"column":12},"end":{"line":321,"column":23}},{"start":{"line":321,"column":27},"end":{"line":321,"column":40}}],"line":321},"45":{"loc":{"start":{"line":327,"column":8},"end":{"line":333,"column":9}},"type":"if","locations":[{"start":{"line":327,"column":8},"end":{"line":333,"column":9}},{"start":{"line":329,"column":15},"end":{"line":333,"column":9}}],"line":327},"46":{"loc":{"start":{"line":342,"column":8},"end":{"line":342,"column":61}},"type":"if","locations":[{"start":{"line":342,"column":8},"end":{"line":342,"column":61}},{"start":{},"end":{}}],"line":342},"47":{"loc":{"start":{"line":342,"column":12},"end":{"line":342,"column":52}},"type":"binary-expr","locations":[{"start":{"line":342,"column":12},"end":{"line":342,"column":24}},{"start":{"line":342,"column":28},"end":{"line":342,"column":52}}],"line":342},"48":{"loc":{"start":{"line":344,"column":8},"end":{"line":348,"column":9}},"type":"if","locations":[{"start":{"line":344,"column":8},"end":{"line":348,"column":9}},{"start":{},"end":{}}],"line":344},"49":{"loc":{"start":{"line":352,"column":12},"end":{"line":358,"column":13}},"type":"if","locations":[{"start":{"line":352,"column":12},"end":{"line":358,"column":13}},{"start":{},"end":{}}],"line":352},"50":{"loc":{"start":{"line":352,"column":16},"end":{"line":352,"column":60}},"type":"binary-expr","locations":[{"start":{"line":352,"column":16},"end":{"line":352,"column":28}},{"start":{"line":352,"column":32},"end":{"line":352,"column":60}}],"line":352},"51":{"loc":{"start":{"line":361,"column":8},"end":{"line":365,"column":9}},"type":"if","locations":[{"start":{"line":361,"column":8},"end":{"line":365,"column":9}},{"start":{"line":363,"column":15},"end":{"line":365,"column":9}}],"line":361},"52":{"loc":{"start":{"line":417,"column":8},"end":{"line":492,"column":9}},"type":"if","locations":[{"start":{"line":417,"column":8},"end":{"line":492,"column":9}},{"start":{"line":490,"column":15},"end":{"line":492,"column":9}}],"line":417},"53":{"loc":{"start":{"line":419,"column":12},"end":{"line":421,"column":13}},"type":"if","locations":[{"start":{"line":419,"column":12},"end":{"line":421,"column":13}},{"start":{},"end":{}}],"line":419},"54":{"loc":{"start":{"line":423,"column":12},"end":{"line":425,"column":13}},"type":"if","locations":[{"start":{"line":423,"column":12},"end":{"line":425,"column":13}},{"start":{},"end":{}}],"line":423},"55":{"loc":{"start":{"line":427,"column":12},"end":{"line":431,"column":13}},"type":"if","locations":[{"start":{"line":427,"column":12},"end":{"line":431,"column":13}},{"start":{},"end":{}}],"line":427},"56":{"loc":{"start":{"line":427,"column":16},"end":{"line":427,"column":57}},"type":"binary-expr","locations":[{"start":{"line":427,"column":16},"end":{"line":427,"column":27}},{"start":{"line":427,"column":31},"end":{"line":427,"column":57}}],"line":427},"57":{"loc":{"start":{"line":433,"column":12},"end":{"line":435,"column":13}},"type":"if","locations":[{"start":{"line":433,"column":12},"end":{"line":435,"column":13}},{"start":{},"end":{}}],"line":433},"58":{"loc":{"start":{"line":437,"column":12},"end":{"line":441,"column":13}},"type":"if","locations":[{"start":{"line":437,"column":12},"end":{"line":441,"column":13}},{"start":{},"end":{}}],"line":437},"59":{"loc":{"start":{"line":437,"column":16},"end":{"line":437,"column":55}},"type":"binary-expr","locations":[{"start":{"line":437,"column":16},"end":{"line":437,"column":30}},{"start":{"line":437,"column":34},"end":{"line":437,"column":55}}],"line":437},"60":{"loc":{"start":{"line":450,"column":12},"end":{"line":454,"column":13}},"type":"if","locations":[{"start":{"line":450,"column":12},"end":{"line":454,"column":13}},{"start":{},"end":{}}],"line":450},"61":{"loc":{"start":{"line":460,"column":12},"end":{"line":466,"column":13}},"type":"if","locations":[{"start":{"line":460,"column":12},"end":{"line":466,"column":13}},{"start":{},"end":{}}],"line":460},"62":{"loc":{"start":{"line":481,"column":12},"end":{"line":489,"column":13}},"type":"if","locations":[{"start":{"line":481,"column":12},"end":{"line":489,"column":13}},{"start":{"line":485,"column":19},"end":{"line":489,"column":13}}],"line":481},"63":{"loc":{"start":{"line":481,"column":16},"end":{"line":481,"column":71}},"type":"binary-expr","locations":[{"start":{"line":481,"column":16},"end":{"line":481,"column":40}},{"start":{"line":481,"column":44},"end":{"line":481,"column":71}}],"line":481},"64":{"loc":{"start":{"line":485,"column":19},"end":{"line":489,"column":13}},"type":"if","locations":[{"start":{"line":485,"column":19},"end":{"line":489,"column":13}},{"start":{},"end":{}}],"line":485},"65":{"loc":{"start":{"line":485,"column":23},"end":{"line":485,"column":78}},"type":"binary-expr","locations":[{"start":{"line":485,"column":23},"end":{"line":485,"column":47}},{"start":{"line":485,"column":51},"end":{"line":485,"column":78}}],"line":485},"66":{"loc":{"start":{"line":494,"column":8},"end":{"line":498,"column":9}},"type":"if","locations":[{"start":{"line":494,"column":8},"end":{"line":498,"column":9}},{"start":{"line":496,"column":15},"end":{"line":498,"column":9}}],"line":494},"67":{"loc":{"start":{"line":536,"column":51},"end":{"line":536,"column":86}},"type":"binary-expr","locations":[{"start":{"line":536,"column":51},"end":{"line":536,"column":63}},{"start":{"line":536,"column":67},"end":{"line":536,"column":86}}],"line":536},"68":{"loc":{"start":{"line":545,"column":4},"end":{"line":547,"column":5}},"type":"if","locations":[{"start":{"line":545,"column":4},"end":{"line":547,"column":5}},{"start":{},"end":{}}],"line":545},"69":{"loc":{"start":{"line":549,"column":4},"end":{"line":551,"column":5}},"type":"if","locations":[{"start":{"line":549,"column":4},"end":{"line":551,"column":5}},{"start":{},"end":{}}],"line":549},"70":{"loc":{"start":{"line":553,"column":4},"end":{"line":555,"column":5}},"type":"if","locations":[{"start":{"line":553,"column":4},"end":{"line":555,"column":5}},{"start":{},"end":{}}],"line":553},"71":{"loc":{"start":{"line":557,"column":4},"end":{"line":559,"column":5}},"type":"if","locations":[{"start":{"line":557,"column":4},"end":{"line":559,"column":5}},{"start":{},"end":{}}],"line":557},"72":{"loc":{"start":{"line":561,"column":4},"end":{"line":563,"column":5}},"type":"if","locations":[{"start":{"line":561,"column":4},"end":{"line":563,"column":5}},{"start":{},"end":{}}],"line":561},"73":{"loc":{"start":{"line":565,"column":4},"end":{"line":567,"column":5}},"type":"if","locations":[{"start":{"line":565,"column":4},"end":{"line":567,"column":5}},{"start":{},"end":{}}],"line":565},"74":{"loc":{"start":{"line":569,"column":4},"end":{"line":573,"column":5}},"type":"if","locations":[{"start":{"line":569,"column":4},"end":{"line":573,"column":5}},{"start":{},"end":{}}],"line":569},"75":{"loc":{"start":{"line":587,"column":12},"end":{"line":593,"column":13}},"type":"if","locations":[{"start":{"line":587,"column":12},"end":{"line":593,"column":13}},{"start":{"line":589,"column":19},"end":{"line":593,"column":13}}],"line":587},"76":{"loc":{"start":{"line":606,"column":8},"end":{"line":610,"column":9}},"type":"if","locations":[{"start":{"line":606,"column":8},"end":{"line":610,"column":9}},{"start":{"line":608,"column":15},"end":{"line":610,"column":9}}],"line":606},"77":{"loc":{"start":{"line":619,"column":8},"end":{"line":627,"column":45}},"type":"binary-expr","locations":[{"start":{"line":619,"column":8},"end":{"line":619,"column":11}},{"start":{"line":620,"column":8},"end":{"line":620,"column":31}},{"start":{"line":621,"column":8},"end":{"line":621,"column":37}},{"start":{"line":622,"column":8},"end":{"line":622,"column":39}},{"start":{"line":623,"column":8},"end":{"line":623,"column":30}},{"start":{"line":624,"column":8},"end":{"line":624,"column":44}},{"start":{"line":625,"column":8},"end":{"line":625,"column":18}},{"start":{"line":626,"column":8},"end":{"line":626,"column":38}},{"start":{"line":627,"column":8},"end":{"line":627,"column":45}}],"line":619},"78":{"loc":{"start":{"line":636,"column":8},"end":{"line":640,"column":52}},"type":"binary-expr","locations":[{"start":{"line":636,"column":8},"end":{"line":636,"column":39}},{"start":{"line":637,"column":8},"end":{"line":637,"column":26}},{"start":{"line":638,"column":8},"end":{"line":638,"column":36}},{"start":{"line":639,"column":8},"end":{"line":639,"column":37}},{"start":{"line":640,"column":8},"end":{"line":640,"column":52}}],"line":636}},"s":{"0":4,"1":5,"2":16,"3":20,"4":16,"5":0,"6":16,"7":8,"8":8,"9":10,"10":8,"11":8,"12":5,"13":1,"14":4,"15":4,"16":0,"17":4,"18":0,"19":4,"20":0,"21":4,"22":0,"23":4,"24":0,"25":0,"26":0,"27":0,"28":0,"29":0,"30":0,"31":0,"32":0,"33":0,"34":0,"35":0,"36":0,"37":4,"38":4,"39":0,"40":0,"41":4,"42":0,"43":0,"44":4,"45":0,"46":0,"47":0,"48":4,"49":0,"50":0,"51":0,"52":4,"53":0,"54":0,"55":0,"56":4,"57":0,"58":0,"59":4,"60":0,"61":4,"62":2,"63":2,"64":4,"65":4,"66":2,"67":4,"68":0,"69":4,"70":6,"71":4,"72":4,"73":2,"74":4,"75":2,"76":4,"77":2,"78":0,"79":0,"80":0,"81":0,"82":0,"83":0,"84":4,"85":4,"86":4,"87":4,"88":4,"89":0,"90":4,"91":0,"92":4,"93":4,"94":4,"95":0,"96":4,"97":0,"98":0,"99":0,"100":0,"101":0,"102":0,"103":0,"104":0,"105":0,"106":0,"107":0,"108":0,"109":0,"110":0,"111":0,"112":0,"113":5,"114":5,"115":5,"116":0,"117":5,"118":0,"119":5,"120":0,"121":5,"122":0,"123":5,"124":0,"125":5,"126":4,"127":4,"128":0,"129":4,"130":4,"131":2,"132":4,"133":2,"134":4,"135":4,"136":0,"137":4,"138":0,"139":0,"140":1,"141":1,"142":0,"143":5,"144":5,"145":4,"146":4,"147":4,"148":1,"149":10,"150":2,"151":8,"152":2,"153":6,"154":0,"155":6,"156":0,"157":6,"158":0,"159":6,"160":0,"161":6,"162":2,"163":10,"164":10,"165":4,"166":5,"167":5,"168":0,"169":3,"170":7,"171":7,"172":0,"173":10,"174":0},"f":{"0":4,"1":5,"2":16,"3":20,"4":8,"5":10,"6":8,"7":5,"8":4,"9":4,"10":0,"11":0,"12":4,"13":4,"14":2,"15":4,"16":4,"17":4,"18":6,"19":4,"20":4,"21":4,"22":0,"23":5,"24":4,"25":5,"26":10,"27":10,"28":5,"29":10,"30":0},"b":{"0":[5,5],"1":[20,20],"2":[0,16],"3":[1,4],"4":[0,4],"5":[0,4],"6":[4,1],"7":[0,4],"8":[0,4],"9":[0,4],"10":[0,0],"11":[0,0,0],"12":[0,0],"13":[0,0],"14":[0,0],"15":[0,4],"16":[4,2],"17":[0,0],"18":[0,4],"19":[4,0],"20":[0,0],"21":[0,4],"22":[0,4],"23":[4,0,0],"24":[0,0],"25":[0,4],"26":[4,0,0],"27":[0,4],"28":[4,2,0],"29":[0,0],"30":[0,0],"31":[0,4],"32":[4,4],"33":[0,4],"34":[4,0],"35":[0,2],"36":[0,0],"37":[0,0],"38":[4,0],"39":[0,4],"40":[0,4],"41":[0,4],"42":[4,0],"43":[0,4],"44":[4,4],"45":[0,0],"46":[0,0],"47":[0,0],"48":[0,0],"49":[0,0],"50":[0,0],"51":[0,0],"52":[5,0],"53":[0,5],"54":[0,5],"55":[0,5],"56":[5,5],"57":[0,5],"58":[0,5],"59":[5,5],"60":[0,4],"61":[2,2],"62":[0,4],"63":[4,1],"64":[0,4],"65":[4,3],"66":[1,0],"67":[1,0],"68":[2,8],"69":[2,6],"70":[0,6],"71":[0,6],"72":[0,6],"73":[0,6],"74":[2,4],"75":[5,0],"76":[7,0],"77":[10,10,10,10,10,10,10,10,10],"78":[0,0,0,0,0]},"_coverageSchema":"1a1c01bbd47fc00a2c39e90264f33305004495a9","hash":"be96aa41e4a5c43745a021d851661a706d98ce05"}
,"/Users/gilbertsahumada/projects/sherry-sdk/src/utils/validateMetadata.ts": {"path":"/Users/gilbertsahumada/projects/sherry-sdk/src/utils/validateMetadata.ts","statementMap":{"0":{"start":{"line":21,"column":29},"end":{"line":21,"column":31}},"1":{"start":{"line":24,"column":4},"end":{"line":31,"column":5}},"2":{"start":{"line":25,"column":8},"end":{"line":30,"column":10}},"3":{"start":{"line":34,"column":4},"end":{"line":34,"column":54}},"4":{"start":{"line":34,"column":23},"end":{"line":34,"column":54}},"5":{"start":{"line":35,"column":4},"end":{"line":35,"column":58}},"6":{"start":{"line":35,"column":25},"end":{"line":35,"column":58}},"7":{"start":{"line":36,"column":4},"end":{"line":36,"column":56}},"8":{"start":{"line":36,"column":24},"end":{"line":36,"column":56}},"9":{"start":{"line":37,"column":4},"end":{"line":37,"column":70}},"10":{"start":{"line":37,"column":31},"end":{"line":37,"column":70}},"11":{"start":{"line":40,"column":4},"end":{"line":72,"column":5}},"12":{"start":{"line":41,"column":8},"end":{"line":41,"column":55}},"13":{"start":{"line":44,"column":8},"end":{"line":71,"column":11}},"14":{"start":{"line":46,"column":12},"end":{"line":46,"column":81}},"15":{"start":{"line":46,"column":31},"end":{"line":46,"column":81}},"16":{"start":{"line":47,"column":12},"end":{"line":47,"column":85}},"17":{"start":{"line":47,"column":33},"end":{"line":47,"column":85}},"18":{"start":{"line":50,"column":12},"end":{"line":58,"column":13}},"19":{"start":{"line":51,"column":16},"end":{"line":55,"column":17}},"20":{"start":{"line":52,"column":20},"end":{"line":52,"column":73}},"21":{"start":{"line":53,"column":23},"end":{"line":55,"column":17}},"22":{"start":{"line":54,"column":20},"end":{"line":54,"column":78}},"23":{"start":{"line":57,"column":16},"end":{"line":57,"column":64}},"24":{"start":{"line":61,"column":12},"end":{"line":63,"column":13}},"25":{"start":{"line":62,"column":16},"end":{"line":62,"column":74}},"26":{"start":{"line":66,"column":12},"end":{"line":70,"column":13}},"27":{"start":{"line":67,"column":16},"end":{"line":67,"column":100}},"28":{"start":{"line":67,"column":43},"end":{"line":67,"column":100}},"29":{"start":{"line":68,"column":16},"end":{"line":69,"column":82}},"30":{"start":{"line":69,"column":20},"end":{"line":69,"column":82}},"31":{"start":{"line":74,"column":20},"end":{"line":74,"column":39}},"32":{"start":{"line":78,"column":4},"end":{"line":87,"column":5}},"33":{"start":{"line":79,"column":8},"end":{"line":79,"column":23}},"34":{"start":{"line":83,"column":51},"end":{"line":85,"column":9}},"35":{"start":{"line":84,"column":29},"end":{"line":84,"column":56}},"36":{"start":{"line":86,"column":8},"end":{"line":86,"column":85}},"37":{"start":{"line":89,"column":4},"end":{"line":95,"column":6}}},"fnMap":{"0":{"name":"validateMetadata","decl":{"start":{"line":20,"column":16},"end":{"line":20,"column":32}},"loc":{"start":{"line":20,"column":74},"end":{"line":96,"column":1}},"line":20},"1":{"name":"(anonymous_1)","decl":{"start":{"line":44,"column":33},"end":{"line":44,"column":34}},"loc":{"start":{"line":44,"column":65},"end":{"line":71,"column":9}},"line":44},"2":{"name":"(anonymous_2)","decl":{"start":{"line":84,"column":12},"end":{"line":84,"column":13}},"loc":{"start":{"line":84,"column":29},"end":{"line":84,"column":56}},"line":84}},"branchMap":{"0":{"loc":{"start":{"line":24,"column":4},"end":{"line":31,"column":5}},"type":"if","locations":[{"start":{"line":24,"column":4},"end":{"line":31,"column":5}},{"start":{},"end":{}}],"line":24},"1":{"loc":{"start":{"line":34,"column":4},"end":{"line":34,"column":54}},"type":"if","locations":[{"start":{"line":34,"column":4},"end":{"line":34,"column":54}},{"start":{},"end":{}}],"line":34},"2":{"loc":{"start":{"line":35,"column":4},"end":{"line":35,"column":58}},"type":"if","locations":[{"start":{"line":35,"column":4},"end":{"line":35,"column":58}},{"start":{},"end":{}}],"line":35},"3":{"loc":{"start":{"line":36,"column":4},"end":{"line":36,"column":56}},"type":"if","locations":[{"start":{"line":36,"column":4},"end":{"line":36,"column":56}},{"start":{},"end":{}}],"line":36},"4":{"loc":{"start":{"line":37,"column":4},"end":{"line":37,"column":70}},"type":"if","locations":[{"start":{"line":37,"column":4},"end":{"line":37,"column":70}},{"start":{},"end":{}}],"line":37},"5":{"loc":{"start":{"line":40,"column":4},"end":{"line":72,"column":5}},"type":"if","locations":[{"start":{"line":40,"column":4},"end":{"line":72,"column":5}},{"start":{"line":42,"column":11},"end":{"line":72,"column":5}}],"line":40},"6":{"loc":{"start":{"line":40,"column":8},"end":{"line":40,"column":94}},"type":"binary-expr","locations":[{"start":{"line":40,"column":8},"end":{"line":40,"column":25}},{"start":{"line":40,"column":29},"end":{"line":40,"column":61}},{"start":{"line":40,"column":65},"end":{"line":40,"column":94}}],"line":40},"7":{"loc":{"start":{"line":46,"column":12},"end":{"line":46,"column":81}},"type":"if","locations":[{"start":{"line":46,"column":12},"end":{"line":46,"column":81}},{"start":{},"end":{}}],"line":46},"8":{"loc":{"start":{"line":47,"column":12},"end":{"line":47,"column":85}},"type":"if","locations":[{"start":{"line":47,"column":12},"end":{"line":47,"column":85}},{"start":{},"end":{}}],"line":47},"9":{"loc":{"start":{"line":50,"column":12},"end":{"line":58,"column":13}},"type":"if","locations":[{"start":{"line":50,"column":12},"end":{"line":58,"column":13}},{"start":{"line":56,"column":19},"end":{"line":58,"column":13}}],"line":50},"10":{"loc":{"start":{"line":51,"column":16},"end":{"line":55,"column":17}},"type":"if","locations":[{"start":{"line":51,"column":16},"end":{"line":55,"column":17}},{"start":{"line":53,"column":23},"end":{"line":55,"column":17}}],"line":51},"11":{"loc":{"start":{"line":53,"column":23},"end":{"line":55,"column":17}},"type":"if","locations":[{"start":{"line":53,"column":23},"end":{"line":55,"column":17}},{"start":{},"end":{}}],"line":53},"12":{"loc":{"start":{"line":61,"column":12},"end":{"line":63,"column":13}},"type":"if","locations":[{"start":{"line":61,"column":12},"end":{"line":63,"column":13}},{"start":{},"end":{}}],"line":61},"13":{"loc":{"start":{"line":66,"column":12},"end":{"line":70,"column":13}},"type":"if","locations":[{"start":{"line":66,"column":12},"end":{"line":70,"column":13}},{"start":{},"end":{}}],"line":66},"14":{"loc":{"start":{"line":67,"column":16},"end":{"line":67,"column":100}},"type":"if","locations":[{"start":{"line":67,"column":16},"end":{"line":67,"column":100}},{"start":{},"end":{}}],"line":67},"15":{"loc":{"start":{"line":68,"column":16},"end":{"line":69,"column":82}},"type":"if","locations":[{"start":{"line":68,"column":16},"end":{"line":69,"column":82}},{"start":{},"end":{}}],"line":68},"16":{"loc":{"start":{"line":78,"column":4},"end":{"line":87,"column":5}},"type":"if","locations":[{"start":{"line":78,"column":4},"end":{"line":87,"column":5}},{"start":{"line":80,"column":11},"end":{"line":87,"column":5}}],"line":78},"17":{"loc":{"start":{"line":86,"column":15},"end":{"line":86,"column":84}},"type":"cond-expr","locations":[{"start":{"line":86,"column":52},"end":{"line":86,"column":71}},{"start":{"line":86,"column":74},"end":{"line":86,"column":84}}],"line":86},"18":{"loc":{"start":{"line":92,"column":14},"end":{"line":92,"column":44}},"type":"cond-expr","locations":[{"start":{"line":92,"column":24},"end":{"line":92,"column":32}},{"start":{"line":92,"column":35},"end":{"line":92,"column":44}}],"line":92},"19":{"loc":{"start":{"line":94,"column":15},"end":{"line":94,"column":64}},"type":"cond-expr","locations":[{"start":{"line":94,"column":35},"end":{"line":94,"column":52}},{"start":{"line":94,"column":55},"end":{"line":94,"column":64}}],"line":94}},"s":{"0":7,"1":7,"2":1,"3":6,"4":0,"5":6,"6":2,"7":6,"8":2,"9":6,"10":2,"11":6,"12":0,"13":6,"14":6,"15":2,"16":6,"17":0,"18":6,"19":4,"20":0,"21":4,"22":0,"23":2,"24":6,"25":0,"26":6,"27":6,"28":0,"29":6,"30":0,"31":6,"32":6,"33":2,"34":4,"35":4,"36":4,"37":6},"f":{"0":7,"1":6,"2":4},"b":{"0":[1,6],"1":[0,6],"2":[2,4],"3":[2,4],"4":[2,4],"5":[0,6],"6":[6,6,6],"7":[2,4],"8":[0,6],"9":[4,2],"10":[0,4],"11":[0,4],"12":[0,6],"13":[6,0],"14":[0,6],"15":[0,6],"16":[2,4],"17":[2,2],"18":[4,2],"19":[2,4]},"_coverageSchema":"1a1c01bbd47fc00a2c39e90264f33305004495a9","hash":"96f3356bf6f0a3ecbb30028ad610f187d33eed4e"}
,"/Users/gilbertsahumada/projects/sherry-sdk/src/utils/validator.ts": {"path":"/Users/gilbertsahumada/projects/sherry-sdk/src/utils/validator.ts","statementMap":{"0":{"start":{"line":24,"column":8},"end":{"line":24,"column":23}},"1":{"start":{"line":25,"column":8},"end":{"line":25,"column":44}},"2":{"start":{"line":30,"column":48},"end":{"line":30,"column":138}},"3":{"start":{"line":31,"column":44},"end":{"line":31,"column":130}},"4":{"start":{"line":32,"column":35},"end":{"line":32,"column":112}},"5":{"start":{"line":33,"column":33},"end":{"line":33,"column":108}},"6":{"start":{"line":34,"column":32},"end":{"line":34,"column":106}},"7":{"start":{"line":35,"column":30},"end":{"line":35,"column":102}},"8":{"start":{"line":36,"column":31},"end":{"line":36,"column":104}},"9":{"start":{"line":37,"column":32},"end":{"line":37,"column":106}},"10":{"start":{"line":38,"column":39},"end":{"line":38,"column":120}},"11":{"start":{"line":39,"column":39},"end":{"line":39,"column":121}},"12":{"start":{"line":45,"column":4},"end":{"line":47,"column":5}},"13":{"start":{"line":46,"column":8},"end":{"line":46,"column":85}},"14":{"start":{"line":49,"column":4},"end":{"line":51,"column":5}},"15":{"start":{"line":50,"column":8},"end":{"line":50,"column":86}},"16":{"start":{"line":53,"column":4},"end":{"line":55,"column":5}},"17":{"start":{"line":54,"column":8},"end":{"line":54,"column":87}},"18":{"start":{"line":57,"column":4},"end":{"line":59,"column":5}},"19":{"start":{"line":58,"column":8},"end":{"line":58,"column":93}},"20":{"start":{"line":61,"column":4},"end":{"line":63,"column":5}},"21":{"start":{"line":62,"column":8},"end":{"line":62,"column":84}},"22":{"start":{"line":65,"column":4},"end":{"line":67,"column":5}},"23":{"start":{"line":66,"column":8},"end":{"line":66,"column":85}},"24":{"start":{"line":69,"column":4},"end":{"line":73,"column":5}},"25":{"start":{"line":70,"column":8},"end":{"line":72,"column":10}},"26":{"start":{"line":75,"column":4},"end":{"line":75,"column":16}},"27":{"start":{"line":87,"column":4},"end":{"line":121,"column":5}},"28":{"start":{"line":89,"column":8},"end":{"line":89,"column":40}},"29":{"start":{"line":92,"column":33},"end":{"line":102,"column":10}},"30":{"start":{"line":93,"column":12},"end":{"line":101,"column":13}},"31":{"start":{"line":94,"column":16},"end":{"line":94,"column":82}},"32":{"start":{"line":95,"column":19},"end":{"line":101,"column":13}},"33":{"start":{"line":96,"column":16},"end":{"line":96,"column":78}},"34":{"start":{"line":97,"column":19},"end":{"line":101,"column":13}},"35":{"start":{"line":98,"column":16},"end":{"line":98,"column":70}},"36":{"start":{"line":100,"column":16},"end":{"line":100,"column":89}},"37":{"start":{"line":105,"column":8},"end":{"line":111,"column":10}},"38":{"start":{"line":114,"column":8},"end":{"line":120,"column":9}},"39":{"start":{"line":115,"column":12},"end":{"line":115,"column":24}},"40":{"start":{"line":116,"column":15},"end":{"line":120,"column":9}},"41":{"start":{"line":117,"column":12},"end":{"line":117,"column":92}},"42":{"start":{"line":119,"column":12},"end":{"line":119,"column":45}},"43":{"start":{"line":127,"column":32},"end":{"line":127,"column":102}},"44":{"start":{"line":133,"column":28},"end":{"line":133,"column":86}}},"fnMap":{"0":{"name":"(anonymous_0)","decl":{"start":{"line":23,"column":4},"end":{"line":23,"column":5}},"loc":{"start":{"line":23,"column":33},"end":{"line":26,"column":5}},"line":23},"1":{"name":"validateBasicMetadata","decl":{"start":{"line":44,"column":16},"end":{"line":44,"column":37}},"loc":{"start":{"line":44,"column":67},"end":{"line":76,"column":1}},"line":44},"2":{"name":"createMetadata","decl":{"start":{"line":86,"column":16},"end":{"line":86,"column":30}},"loc":{"start":{"line":86,"column":70},"end":{"line":122,"column":1}},"line":86},"3":{"name":"(anonymous_3)","decl":{"start":{"line":92,"column":54},"end":{"line":92,"column":55}},"loc":{"start":{"line":92,"column":64},"end":{"line":102,"column":9}},"line":92}},"branchMap":{"0":{"loc":{"start":{"line":45,"column":4},"end":{"line":47,"column":5}},"type":"if","locations":[{"start":{"line":45,"column":4},"end":{"line":47,"column":5}},{"start":{},"end":{}}],"line":45},"1":{"loc":{"start":{"line":45,"column":8},"end":{"line":45,"column":57}},"type":"binary-expr","locations":[{"start":{"line":45,"column":8},"end":{"line":45,"column":21}},{"start":{"line":45,"column":25},"end":{"line":45,"column":57}}],"line":45},"2":{"loc":{"start":{"line":49,"column":4},"end":{"line":51,"column":5}},"type":"if","locations":[{"start":{"line":49,"column":4},"end":{"line":51,"column":5}},{"start":{},"end":{}}],"line":49},"3":{"loc":{"start":{"line":49,"column":8},"end":{"line":49,"column":59}},"type":"binary-expr","locations":[{"start":{"line":49,"column":8},"end":{"line":49,"column":22}},{"start":{"line":49,"column":26},"end":{"line":49,"column":59}}],"line":49},"4":{"loc":{"start":{"line":53,"column":4},"end":{"line":55,"column":5}},"type":"if","locations":[{"start":{"line":53,"column":4},"end":{"line":55,"column":5}},{"start":{},"end":{}}],"line":53},"5":{"loc":{"start":{"line":53,"column":8},"end":{"line":53,"column":61}},"type":"binary-expr","locations":[{"start":{"line":53,"column":8},"end":{"line":53,"column":23}},{"start":{"line":53,"column":27},"end":{"line":53,"column":61}}],"line":53},"6":{"loc":{"start":{"line":57,"column":4},"end":{"line":59,"column":5}},"type":"if","locations":[{"start":{"line":57,"column":4},"end":{"line":59,"column":5}},{"start":{},"end":{}}],"line":57},"7":{"loc":{"start":{"line":57,"column":8},"end":{"line":57,"column":73}},"type":"binary-expr","locations":[{"start":{"line":57,"column":8},"end":{"line":57,"column":29}},{"start":{"line":57,"column":33},"end":{"line":57,"column":73}}],"line":57},"8":{"loc":{"start":{"line":61,"column":4},"end":{"line":63,"column":5}},"type":"if","locations":[{"start":{"line":61,"column":4},"end":{"line":63,"column":5}},{"start":{},"end":{}}],"line":61},"9":{"loc":{"start":{"line":65,"column":4},"end":{"line":67,"column":5}},"type":"if","locations":[{"start":{"line":65,"column":4},"end":{"line":67,"column":5}},{"start":{},"end":{}}],"line":65},"10":{"loc":{"start":{"line":69,"column":4},"end":{"line":73,"column":5}},"type":"if","locations":[{"start":{"line":69,"column":4},"end":{"line":73,"column":5}},{"start":{},"end":{}}],"line":69},"11":{"loc":{"start":{"line":93,"column":12},"end":{"line":101,"column":13}},"type":"if","locations":[{"start":{"line":93,"column":12},"end":{"line":101,"column":13}},{"start":{"line":95,"column":19},"end":{"line":101,"column":13}}],"line":93},"12":{"loc":{"start":{"line":95,"column":19},"end":{"line":101,"column":13}},"type":"if","locations":[{"start":{"line":95,"column":19},"end":{"line":101,"column":13}},{"start":{"line":97,"column":19},"end":{"line":101,"column":13}}],"line":95},"13":{"loc":{"start":{"line":97,"column":19},"end":{"line":101,"column":13}},"type":"if","locations":[{"start":{"line":97,"column":19},"end":{"line":101,"column":13}},{"start":{"line":99,"column":19},"end":{"line":101,"column":13}}],"line":97},"14":{"loc":{"start":{"line":114,"column":8},"end":{"line":120,"column":9}},"type":"if","locations":[{"start":{"line":114,"column":8},"end":{"line":120,"column":9}},{"start":{"line":116,"column":15},"end":{"line":120,"column":9}}],"line":114},"15":{"loc":{"start":{"line":116,"column":15},"end":{"line":120,"column":9}},"type":"if","locations":[{"start":{"line":116,"column":15},"end":{"line":120,"column":9}},{"start":{"line":118,"column":15},"end":{"line":120,"column":9}}],"line":116}},"s":{"0":8,"1":8,"2":1,"3":1,"4":1,"5":1,"6":1,"7":1,"8":1,"9":1,"10":1,"11":1,"12":9,"13":1,"14":8,"15":1,"16":7,"17":1,"18":6,"19":1,"20":5,"21":0,"22":5,"23":1,"24":4,"25":1,"26":3,"27":2,"28":2,"29":2,"30":2,"31":1,"32":1,"33":0,"34":1,"35":0,"36":1,"37":0,"38":2,"39":1,"40":1,"41":1,"42":0,"43":1,"44":1},"f":{"0":8,"1":9,"2":2,"3":2},"b":{"0":[1,8],"1":[9,8],"2":[1,7],"3":[8,7],"4":[1,6],"5":[7,6],"6":[1,5],"7":[6,5],"8":[0,5],"9":[1,4],"10":[1,3],"11":[1,1],"12":[0,1],"13":[0,1],"14":[1,1],"15":[1,0]},"_coverageSchema":"1a1c01bbd47fc00a2c39e90264f33305004495a9","hash":"c76cd3ceaef340dd4ec0129c575d485efcace233"}
,"/Users/gilbertsahumada/projects/sherry-sdk/src/validators/blockchainActionValidator.ts": {"path":"/Users/gilbertsahumada/projects/sherry-sdk/src/validators/blockchainActionValidator.ts","statementMap":{"0":{"start":{"line":22,"column":8},"end":{"line":22,"column":54}},"1":{"start":{"line":25,"column":26},"end":{"line":25,"column":55}},"2":{"start":{"line":28,"column":37},"end":{"line":28,"column":73}},"3":{"start":{"line":30,"column":8},"end":{"line":32,"column":9}},"4":{"start":{"line":31,"column":12},"end":{"line":31,"column":105}},"5":{"start":{"line":35,"column":8},"end":{"line":39,"column":10}},"6":{"start":{"line":47,"column":8},"end":{"line":49,"column":9}},"7":{"start":{"line":48,"column":12},"end":{"line":48,"column":83}},"8":{"start":{"line":51,"column":8},"end":{"line":53,"column":9}},"9":{"start":{"line":52,"column":12},"end":{"line":52,"column":88}},"10":{"start":{"line":55,"column":8},"end":{"line":57,"column":9}},"11":{"start":{"line":56,"column":12},"end":{"line":56,"column":91}},"12":{"start":{"line":60,"column":8},"end":{"line":64,"column":9}},"13":{"start":{"line":61,"column":12},"end":{"line":63,"column":14}},"14":{"start":{"line":66,"column":8},"end":{"line":68,"column":9}},"15":{"start":{"line":67,"column":12},"end":{"line":67,"column":85}},"16":{"start":{"line":71,"column":8},"end":{"line":73,"column":9}},"17":{"start":{"line":72,"column":12},"end":{"line":72,"column":82}},"18":{"start":{"line":76,"column":8},"end":{"line":78,"column":9}},"19":{"start":{"line":77,"column":12},"end":{"line":77,"column":96}},"20":{"start":{"line":81,"column":8},"end":{"line":85,"column":9}},"21":{"start":{"line":82,"column":12},"end":{"line":84,"column":14}},"22":{"start":{"line":88,"column":8},"end":{"line":90,"column":9}},"23":{"start":{"line":89,"column":12},"end":{"line":89,"column":103}},"24":{"start":{"line":93,"column":8},"end":{"line":95,"column":9}},"25":{"start":{"line":94,"column":12},"end":{"line":94,"column":103}},"26":{"start":{"line":98,"column":8},"end":{"line":100,"column":9}},"27":{"start":{"line":99,"column":12},"end":{"line":99,"column":92}},"28":{"start":{"line":102,"column":8},"end":{"line":102,"column":20}},"29":{"start":{"line":109,"column":8},"end":{"line":111,"column":9}},"30":{"start":{"line":110,"column":12},"end":{"line":110,"column":25}},"31":{"start":{"line":114,"column":8},"end":{"line":116,"column":9}},"32":{"start":{"line":115,"column":12},"end":{"line":115,"column":25}},"33":{"start":{"line":119,"column":8},"end":{"line":121,"column":9}},"34":{"start":{"line":120,"column":12},"end":{"line":120,"column":25}},"35":{"start":{"line":123,"column":8},"end":{"line":123,"column":20}},"36":{"start":{"line":130,"column":28},"end":{"line":130,"column":99}},"37":{"start":{"line":131,"column":8},"end":{"line":131,"column":72}},"38":{"start":{"line":141,"column":8},"end":{"line":143,"column":9}},"39":{"start":{"line":142,"column":12},"end":{"line":142,"column":81}},"40":{"start":{"line":146,"column":30},"end":{"line":146,"column":56}},"41":{"start":{"line":146,"column":49},"end":{"line":146,"column":55}},"42":{"start":{"line":148,"column":8},"end":{"line":185,"column":9}},"43":{"start":{"line":150,"column":12},"end":{"line":152,"column":13}},"44":{"start":{"line":151,"column":16},"end":{"line":151,"column":94}},"45":{"start":{"line":154,"column":12},"end":{"line":158,"column":13}},"46":{"start":{"line":155,"column":16},"end":{"line":157,"column":18}},"47":{"start":{"line":161,"column":12},"end":{"line":165,"column":13}},"48":{"start":{"line":162,"column":16},"end":{"line":164,"column":18}},"49":{"start":{"line":168,"column":12},"end":{"line":176,"column":13}},"50":{"start":{"line":169,"column":16},"end":{"line":169,"column":54}},"51":{"start":{"line":170,"column":19},"end":{"line":176,"column":13}},"52":{"start":{"line":171,"column":16},"end":{"line":171,"column":52}},"53":{"start":{"line":172,"column":19},"end":{"line":176,"column":13}},"54":{"start":{"line":173,"column":16},"end":{"line":173,"column":51}},"55":{"start":{"line":175,"column":16},"end":{"line":175,"column":97}},"56":{"start":{"line":179,"column":12},"end":{"line":184,"column":13}},"57":{"start":{"line":180,"column":33},"end":{"line":180,"column":75}},"58":{"start":{"line":180,"column":53},"end":{"line":180,"column":74}},"59":{"start":{"line":181,"column":16},"end":{"line":183,"column":17}},"60":{"start":{"line":182,"column":20},"end":{"line":182,"column":88}},"61":{"start":{"line":187,"column":8},"end":{"line":187,"column":20}},"62":{"start":{"line":195,"column":8},"end":{"line":200,"column":9}},"63":{"start":{"line":199,"column":12},"end":{"line":199,"column":104}},"64":{"start":{"line":202,"column":8},"end":{"line":207,"column":9}},"65":{"start":{"line":206,"column":12},"end":{"line":206,"column":104}},"66":{"start":{"line":209,"column":8},"end":{"line":211,"column":9}},"67":{"start":{"line":210,"column":12},"end":{"line":210,"column":98}},"68":{"start":{"line":213,"column":8},"end":{"line":215,"column":9}},"69":{"start":{"line":214,"column":12},"end":{"line":214,"column":98}},"70":{"start":{"line":217,"column":8},"end":{"line":219,"column":9}},"71":{"start":{"line":218,"column":12},"end":{"line":218,"column":92}},"72":{"start":{"line":221,"column":8},"end":{"line":223,"column":9}},"73":{"start":{"line":222,"column":12},"end":{"line":222,"column":102}},"74":{"start":{"line":226,"column":8},"end":{"line":234,"column":9}},"75":{"start":{"line":227,"column":12},"end":{"line":233,"column":13}},"76":{"start":{"line":228,"column":16},"end":{"line":228,"column":42}},"77":{"start":{"line":230,"column":16},"end":{"line":232,"column":18}},"78":{"start":{"line":236,"column":8},"end":{"line":236,"column":20}},"79":{"start":{"line":243,"column":8},"end":{"line":245,"column":9}},"80":{"start":{"line":244,"column":12},"end":{"line":244,"column":104}},"81":{"start":{"line":248,"column":8},"end":{"line":260,"column":9}},"82":{"start":{"line":249,"column":12},"end":{"line":253,"column":13}},"83":{"start":{"line":250,"column":16},"end":{"line":252,"column":18}},"84":{"start":{"line":255,"column":12},"end":{"line":259,"column":13}},"85":{"start":{"line":256,"column":16},"end":{"line":258,"column":18}},"86":{"start":{"line":263,"column":23},"end":{"line":263,"column":54}},"87":{"start":{"line":263,"column":46},"end":{"line":263,"column":53}},"88":{"start":{"line":264,"column":8},"end":{"line":268,"column":9}},"89":{"start":{"line":265,"column":12},"end":{"line":267,"column":14}},"90":{"start":{"line":270,"column":8},"end":{"line":270,"column":20}},"91":{"start":{"line":278,"column":8},"end":{"line":282,"column":9}},"92":{"start":{"line":279,"column":12},"end":{"line":281,"column":14}},"93":{"start":{"line":285,"column":8},"end":{"line":289,"column":9}},"94":{"start":{"line":286,"column":12},"end":{"line":288,"column":14}},"95":{"start":{"line":292,"column":8},"end":{"line":317,"column":9}},"96":{"start":{"line":294,"column":12},"end":{"line":298,"column":13}},"97":{"start":{"line":295,"column":16},"end":{"line":297,"column":18}},"98":{"start":{"line":301,"column":12},"end":{"line":305,"column":13}},"99":{"start":{"line":302,"column":16},"end":{"line":304,"column":18}},"100":{"start":{"line":308,"column":12},"end":{"line":316,"column":13}},"101":{"start":{"line":313,"column":16},"end":{"line":315,"column":18}},"102":{"start":{"line":320,"column":23},"end":{"line":320,"column":54}},"103":{"start":{"line":320,"column":46},"end":{"line":320,"column":53}},"104":{"start":{"line":321,"column":8},"end":{"line":325,"column":9}},"105":{"start":{"line":322,"column":12},"end":{"line":324,"column":14}},"106":{"start":{"line":328,"column":23},"end":{"line":328,"column":54}},"107":{"start":{"line":328,"column":46},"end":{"line":328,"column":53}},"108":{"start":{"line":329,"column":8},"end":{"line":333,"column":9}},"109":{"start":{"line":330,"column":12},"end":{"line":332,"column":14}},"110":{"start":{"line":336,"column":8},"end":{"line":343,"column":9}},"111":{"start":{"line":337,"column":33},"end":{"line":337,"column":91}},"112":{"start":{"line":337,"column":62},"end":{"line":337,"column":90}},"113":{"start":{"line":338,"column":12},"end":{"line":342,"column":13}},"114":{"start":{"line":339,"column":16},"end":{"line":341,"column":18}},"115":{"start":{"line":345,"column":8},"end":{"line":345,"column":20}},"116":{"start":{"line":353,"column":8},"end":{"line":355,"column":9}},"117":{"start":{"line":354,"column":12},"end":{"line":354,"column":24}},"118":{"start":{"line":358,"column":8},"end":{"line":418,"column":9}},"119":{"start":{"line":360,"column":12},"end":{"line":364,"column":13}},"120":{"start":{"line":361,"column":16},"end":{"line":363,"column":18}},"121":{"start":{"line":367,"column":12},"end":{"line":371,"column":13}},"122":{"start":{"line":368,"column":16},"end":{"line":370,"column":18}},"123":{"start":{"line":372,"column":15},"end":{"line":418,"column":9}},"124":{"start":{"line":374,"column":12},"end":{"line":378,"column":13}},"125":{"start":{"line":375,"column":16},"end":{"line":377,"column":18}},"126":{"start":{"line":381,"column":12},"end":{"line":385,"column":13}},"127":{"start":{"line":382,"column":16},"end":{"line":384,"column":18}},"128":{"start":{"line":386,"column":15},"end":{"line":418,"column":9}},"129":{"start":{"line":388,"column":12},"end":{"line":392,"column":13}},"130":{"start":{"line":389,"column":16},"end":{"line":391,"column":18}},"131":{"start":{"line":393,"column":15},"end":{"line":418,"column":9}},"132":{"start":{"line":395,"column":12},"end":{"line":399,"column":13}},"133":{"start":{"line":396,"column":16},"end":{"line":398,"column":18}},"134":{"start":{"line":400,"column":15},"end":{"line":418,"column":9}},"135":{"start":{"line":402,"column":12},"end":{"line":406,"column":13}},"136":{"start":{"line":403,"column":16},"end":{"line":405,"column":18}},"137":{"start":{"line":409,"column":12},"end":{"line":417,"column":13}},"138":{"start":{"line":410,"column":29},"end":{"line":410,"column":64}},"139":{"start":{"line":412,"column":16},"end":{"line":416,"column":17}},"140":{"start":{"line":413,"column":20},"end":{"line":415,"column":22}},"141":{"start":{"line":420,"column":8},"end":{"line":420,"column":20}},"142":{"start":{"line":427,"column":8},"end":{"line":434,"column":10}},"143":{"start":{"line":441,"column":8},"end":{"line":446,"column":10}},"144":{"start":{"line":453,"column":8},"end":{"line":455,"column":10}},"145":{"start":{"line":462,"column":28},"end":{"line":464,"column":9}},"146":{"start":{"line":463,"column":43},"end":{"line":463,"column":97}},"147":{"start":{"line":465,"column":8},"end":{"line":467,"column":9}},"148":{"start":{"line":466,"column":12},"end":{"line":466,"column":97}},"149":{"start":{"line":468,"column":8},"end":{"line":468,"column":27}},"150":{"start":{"line":475,"column":8},"end":{"line":477,"column":10}},"151":{"start":{"line":476,"column":43},"end":{"line":476,"column":97}},"152":{"start":{"line":484,"column":28},"end":{"line":484,"column":80}},"153":{"start":{"line":485,"column":8},"end":{"line":485,"column":34}},"154":{"start":{"line":492,"column":28},"end":{"line":492,"column":80}},"155":{"start":{"line":493,"column":8},"end":{"line":493,"column":43}},"156":{"start":{"line":500,"column":8},"end":{"line":510,"column":10}},"157":{"start":{"line":517,"column":8},"end":{"line":521,"column":10}}},"fnMap":{"0":{"name":"(anonymous_0)","decl":{"start":{"line":21,"column":4},"end":{"line":21,"column":5}},"loc":{"start":{"line":21,"column":88},"end":{"line":40,"column":5}},"line":21},"1":{"name":"(anonymous_1)","decl":{"start":{"line":45,"column":4},"end":{"line":45,"column":5}},"loc":{"start":{"line":45,"column":66},"end":{"line":103,"column":5}},"line":45},"2":{"name":"(anonymous_2)","decl":{"start":{"line":108,"column":4},"end":{"line":108,"column":5}},"loc":{"start":{"line":108,"column":63},"end":{"line":124,"column":5}},"line":108},"3":{"name":"(anonymous_3)","decl":{"start":{"line":129,"column":4},"end":{"line":129,"column":5}},"loc":{"start":{"line":129,"column":45},"end":{"line":132,"column":5}},"line":129},"4":{"name":"(anonymous_4)","decl":{"start":{"line":137,"column":4},"end":{"line":137,"column":5}},"loc":{"start":{"line":140,"column":15},"end":{"line":188,"column":5}},"line":140},"5":{"name":"(anonymous_5)","decl":{"start":{"line":146,"column":44},"end":{"line":146,"column":45}},"loc":{"start":{"line":146,"column":49},"end":{"line":146,"column":55}},"line":146},"6":{"name":"(anonymous_6)","decl":{"start":{"line":180,"column":48},"end":{"line":180,"column":49}},"loc":{"start":{"line":180,"column":53},"end":{"line":180,"column":74}},"line":180},"7":{"name":"(anonymous_7)","decl":{"start":{"line":193,"column":4},"end":{"line":193,"column":5}},"loc":{"start":{"line":193,"column":72},"end":{"line":237,"column":5}},"line":193},"8":{"name":"(anonymous_8)","decl":{"start":{"line":242,"column":4},"end":{"line":242,"column":5}},"loc":{"start":{"line":242,"column":68},"end":{"line":271,"column":5}},"line":242},"9":{"name":"(anonymous_9)","decl":{"start":{"line":263,"column":41},"end":{"line":263,"column":42}},"loc":{"start":{"line":263,"column":46},"end":{"line":263,"column":53}},"line":263},"10":{"name":"(anonymous_10)","decl":{"start":{"line":276,"column":4},"end":{"line":276,"column":5}},"loc":{"start":{"line":276,"column":66},"end":{"line":346,"column":5}},"line":276},"11":{"name":"(anonymous_11)","decl":{"start":{"line":320,"column":41},"end":{"line":320,"column":42}},"loc":{"start":{"line":320,"column":46},"end":{"line":320,"column":53}},"line":320},"12":{"name":"(anonymous_12)","decl":{"start":{"line":328,"column":41},"end":{"line":328,"column":42}},"loc":{"start":{"line":328,"column":46},"end":{"line":328,"column":53}},"line":328},"13":{"name":"(anonymous_13)","decl":{"start":{"line":337,"column":52},"end":{"line":337,"column":53}},"loc":{"start":{"line":337,"column":62},"end":{"line":337,"column":90}},"line":337},"14":{"name":"(anonymous_14)","decl":{"start":{"line":351,"column":4},"end":{"line":351,"column":5}},"loc":{"start":{"line":351,"column":88},"end":{"line":421,"column":5}},"line":351},"15":{"name":"(anonymous_15)","decl":{"start":{"line":426,"column":4},"end":{"line":426,"column":5}},"loc":{"start":{"line":426,"column":71},"end":{"line":435,"column":5}},"line":426},"16":{"name":"(anonymous_16)","decl":{"start":{"line":440,"column":4},"end":{"line":440,"column":5}},"loc":{"start":{"line":440,"column":67},"end":{"line":447,"column":5}},"line":440},"17":{"name":"(anonymous_17)","decl":{"start":{"line":452,"column":4},"end":{"line":452,"column":5}},"loc":{"start":{"line":452,"column":65},"end":{"line":456,"column":5}},"line":452},"18":{"name":"(anonymous_18)","decl":{"start":{"line":461,"column":4},"end":{"line":461,"column":5}},"loc":{"start":{"line":461,"column":85},"end":{"line":469,"column":5}},"line":461},"19":{"name":"(anonymous_19)","decl":{"start":{"line":463,"column":12},"end":{"line":463,"column":13}},"loc":{"start":{"line":463,"column":43},"end":{"line":463,"column":97}},"line":463},"20":{"name":"(anonymous_20)","decl":{"start":{"line":474,"column":4},"end":{"line":474,"column":5}},"loc":{"start":{"line":474,"column":82},"end":{"line":478,"column":5}},"line":474},"21":{"name":"(anonymous_21)","decl":{"start":{"line":476,"column":12},"end":{"line":476,"column":13}},"loc":{"start":{"line":476,"column":43},"end":{"line":476,"column":97}},"line":476},"22":{"name":"(anonymous_22)","decl":{"start":{"line":483,"column":4},"end":{"line":483,"column":5}},"loc":{"start":{"line":483,"column":87},"end":{"line":486,"column":5}},"line":483},"23":{"name":"(anonymous_23)","decl":{"start":{"line":491,"column":4},"end":{"line":491,"column":5}},"loc":{"start":{"line":491,"column":89},"end":{"line":494,"column":5}},"line":491},"24":{"name":"(anonymous_24)","decl":{"start":{"line":499,"column":4},"end":{"line":499,"column":5}},"loc":{"start":{"line":499,"column":81},"end":{"line":511,"column":5}},"line":499},"25":{"name":"(anonymous_25)","decl":{"start":{"line":516,"column":4},"end":{"line":516,"column":5}},"loc":{"start":{"line":516,"column":65},"end":{"line":522,"column":5}},"line":516}},"branchMap":{"0":{"loc":{"start":{"line":30,"column":8},"end":{"line":32,"column":9}},"type":"if","locations":[{"start":{"line":30,"column":8},"end":{"line":32,"column":9}},{"start":{},"end":{}}],"line":30},"1":{"loc":{"start":{"line":30,"column":11},"end":{"line":30,"column":76}},"type":"binary-expr","locations":[{"start":{"line":30,"column":11},"end":{"line":30,"column":45}},{"start":{"line":30,"column":49},"end":{"line":30,"column":76}}],"line":30},"2":{"loc":{"start":{"line":47,"column":8},"end":{"line":49,"column":9}},"type":"if","locations":[{"start":{"line":47,"column":8},"end":{"line":49,"column":9}},{"start":{},"end":{}}],"line":47},"3":{"loc":{"start":{"line":47,"column":12},"end":{"line":47,"column":49}},"type":"binary-expr","locations":[{"start":{"line":47,"column":12},"end":{"line":47,"column":19}},{"start":{"line":47,"column":23},"end":{"line":47,"column":49}}],"line":47},"4":{"loc":{"start":{"line":51,"column":8},"end":{"line":53,"column":9}},"type":"if","locations":[{"start":{"line":51,"column":8},"end":{"line":53,"column":9}},{"start":{},"end":{}}],"line":51},"5":{"loc":{"start":{"line":51,"column":12},"end":{"line":51,"column":61}},"type":"binary-expr","locations":[{"start":{"line":51,"column":12},"end":{"line":51,"column":44}},{"start":{"line":51,"column":48},"end":{"line":51,"column":61}}],"line":51},"6":{"loc":{"start":{"line":55,"column":8},"end":{"line":57,"column":9}},"type":"if","locations":[{"start":{"line":55,"column":8},"end":{"line":57,"column":9}},{"start":{},"end":{}}],"line":55},"7":{"loc":{"start":{"line":55,"column":12},"end":{"line":55,"column":73}},"type":"binary-expr","locations":[{"start":{"line":55,"column":12},"end":{"line":55,"column":50}},{"start":{"line":55,"column":54},"end":{"line":55,"column":73}}],"line":55},"8":{"loc":{"start":{"line":60,"column":8},"end":{"line":64,"column":9}},"type":"if","locations":[{"start":{"line":60,"column":8},"end":{"line":64,"column":9}},{"start":{},"end":{}}],"line":60},"9":{"loc":{"start":{"line":60,"column":12},"end":{"line":60,"column":101}},"type":"binary-expr","locations":[{"start":{"line":60,"column":12},"end":{"line":60,"column":27}},{"start":{"line":60,"column":31},"end":{"line":60,"column":65}},{"start":{"line":60,"column":69},"end":{"line":60,"column":101}}],"line":60},"10":{"loc":{"start":{"line":66,"column":8},"end":{"line":68,"column":9}},"type":"if","locations":[{"start":{"line":66,"column":8},"end":{"line":68,"column":9}},{"start":{},"end":{}}],"line":66},"11":{"loc":{"start":{"line":71,"column":8},"end":{"line":73,"column":9}},"type":"if","locations":[{"start":{"line":71,"column":8},"end":{"line":73,"column":9}},{"start":{},"end":{}}],"line":71},"12":{"loc":{"start":{"line":71,"column":12},"end":{"line":71,"column":65}},"type"
[...]
olumn":21}},"type":"if","locations":[{"start":{"line":128,"column":20},"end":{"line":132,"column":21}},{"start":{},"end":{}}],"line":128},"26":{"loc":{"start":{"line":135,"column":20},"end":{"line":139,"column":21}},"type":"if","locations":[{"start":{"line":135,"column":20},"end":{"line":139,"column":21}},{"start":{},"end":{}}],"line":135},"27":{"loc":{"start":{"line":147,"column":8},"end":{"line":153,"column":9}},"type":"if","locations":[{"start":{"line":147,"column":8},"end":{"line":153,"column":9}},{"start":{},"end":{}}],"line":147},"28":{"loc":{"start":{"line":179,"column":8},"end":{"line":186,"column":9}},"type":"if","locations":[{"start":{"line":179,"column":8},"end":{"line":186,"column":9}},{"start":{},"end":{}}],"line":179},"29":{"loc":{"start":{"line":180,"column":12},"end":{"line":183,"column":40}},"type":"binary-expr","locations":[{"start":{"line":180,"column":12},"end":{"line":180,"column":36}},{"start":{"line":181,"column":12},"end":{"line":181,"column":45}},{"start":{"line":182,"column":12},"end":{"line":182,"column":35}},{"start":{"line":183,"column":12},"end":{"line":183,"column":40}}],"line":180},"30":{"loc":{"start":{"line":190,"column":12},"end":{"line":193,"column":47}},"type":"binary-expr","locations":[{"start":{"line":190,"column":12},"end":{"line":190,"column":18}},{"start":{"line":191,"column":12},"end":{"line":191,"column":38}},{"start":{"line":192,"column":12},"end":{"line":192,"column":44}},{"start":{"line":193,"column":12},"end":{"line":193,"column":47}}],"line":190},"31":{"loc":{"start":{"line":196,"column":8},"end":{"line":196,"column":44}},"type":"if","locations":[{"start":{"line":196,"column":8},"end":{"line":196,"column":44}},{"start":{},"end":{}}],"line":196},"32":{"loc":{"start":{"line":199,"column":8},"end":{"line":201,"column":9}},"type":"if","locations":[{"start":{"line":199,"column":8},"end":{"line":201,"column":9}},{"start":{},"end":{}}],"line":199},"33":{"loc":{"start":{"line":199,"column":12},"end":{"line":199,"column":64}},"type":"binary-expr","locations":[{"start":{"line":199,"column":12},"end":{"line":199,"column":26}},{"start":{"line":199,"column":30},"end":{"line":199,"column":64}}],"line":199},"34":{"loc":{"start":{"line":204,"column":8},"end":{"line":214,"column":9}},"type":"if","locations":[{"start":{"line":204,"column":8},"end":{"line":214,"column":9}},{"start":{},"end":{}}],"line":204},"35":{"loc":{"start":{"line":205,"column":12},"end":{"line":205,"column":69}},"type":"if","locations":[{"start":{"line":205,"column":12},"end":{"line":205,"column":69}},{"start":{},"end":{}}],"line":205},"36":{"loc":{"start":{"line":209,"column":20},"end":{"line":212,"column":55}},"type":"binary-expr","locations":[{"start":{"line":209,"column":20},"end":{"line":209,"column":25}},{"start":{"line":210,"column":20},"end":{"line":210,"column":50}},{"start":{"line":211,"column":20},"end":{"line":211,"column":72}},{"start":{"line":212,"column":20},"end":{"line":212,"column":55}}],"line":209}},"s":{"0":12,"1":10,"2":8,"3":12,"4":12,"5":2,"6":10,"7":0,"8":10,"9":14,"10":0,"11":14,"12":0,"13":14,"14":4,"15":2,"16":8,"17":0,"18":4,"19":2,"20":2,"21":4,"22":0,"23":4,"24":0,"25":2,"26":0,"27":0,"28":0,"29":2,"30":2,"31":0,"32":2,"33":4,"34":0,"35":4,"36":0,"37":2,"38":0,"39":0,"40":0,"41":2,"42":8,"43":0,"44":0,"45":0,"46":0,"47":0,"48":0,"49":0,"50":0,"51":0,"52":0,"53":8,"54":0,"55":0,"56":0,"57":8,"58":0,"59":0,"60":0,"61":0,"62":0,"63":0,"64":0,"65":0,"66":6,"67":1,"68":4,"69":4,"70":2,"71":2,"72":0,"73":2,"74":0,"75":0,"76":0,"77":0,"78":2},"f":{"0":12,"1":12,"2":10,"3":14,"4":4,"5":4,"6":0,"7":2,"8":4,"9":0,"10":8,"11":0,"12":0,"13":0,"14":6,"15":0},"b":{"0":[0,10],"1":[0,14],"2":[14,14],"3":[0,14],"4":[14,14],"5":[4,2,4,8,8,8,8,8,8,0],"6":[2,2],"7":[4,4],"8":[0,4],"9":[4,4],"10":[0,4],"11":[4,4],"12":[0,2],"13":[0,0],"14":[0,2],"15":[2,2],"16":[0,4],"17":[4,4],"18":[0,4],"19":[4,4],"20":[0,2],"21":[0,0],"22":[0,8],"23":[0,0,0],"24":[0,0],"25":[0,0],"26":[0,0],"27":[0,8],"28":[1,4],"29":[6,4,4,4],"30":[4,4,4,3],"31":[2,2],"32":[0,2],"33":[2,0],"34":[0,2],"35":[0,0],"36":[0,0,0,0]},"_coverageSchema":"1a1c01bbd47fc00a2c39e90264f33305004495a9","hash":"0bd72b88dbb9b30ba9d978b84ad420d86c61c7a7"}
,"/Users/gilbertsahumada/projects/sherry-sdk/src/validators/transferActionValidator.ts": {"path":"/Users/gilbertsahumada/projects/sherry-sdk/src/validators/transferActionValidator.ts","statementMap":{"0":{"start":{"line":15,"column":8},"end":{"line":15,"column":41}},"1":{"start":{"line":18,"column":8},"end":{"line":18,"column":43}},"2":{"start":{"line":21,"column":8},"end":{"line":21,"column":39}},"3":{"start":{"line":24,"column":8},"end":{"line":24,"column":36}},"4":{"start":{"line":26,"column":8},"end":{"line":26,"column":22}},"5":{"start":{"line":33,"column":8},"end":{"line":35,"column":9}},"6":{"start":{"line":34,"column":12},"end":{"line":34,"column":86}},"7":{"start":{"line":37,"column":8},"end":{"line":39,"column":9}},"8":{"start":{"line":38,"column":12},"end":{"line":38,"column":88}},"9":{"start":{"line":46,"column":8},"end":{"line":48,"column":9}},"10":{"start":{"line":47,"column":12},"end":{"line":47,"column":79}},"11":{"start":{"line":50,"column":8},"end":{"line":52,"column":9}},"12":{"start":{"line":51,"column":12},"end":{"line":51,"column":71}},"13":{"start":{"line":54,"column":28},"end":{"line":54,"column":99}},"14":{"start":{"line":55,"column":8},"end":{"line":57,"column":9}},"15":{"start":{"line":56,"column":12},"end":{"line":56,"column":85}},"16":{"start":{"line":59,"column":8},"end":{"line":63,"column":9}},"17":{"start":{"line":60,"column":12},"end":{"line":62,"column":13}},"18":{"start":{"line":61,"column":16},"end":{"line":61,"column":99}},"19":{"start":{"line":71,"column":8},"end":{"line":79,"column":9}},"20":{"start":{"line":72,"column":12},"end":{"line":74,"column":13}},"21":{"start":{"line":73,"column":16},"end":{"line":73,"column":85}},"22":{"start":{"line":76,"column":12},"end":{"line":78,"column":13}},"23":{"start":{"line":77,"column":16},"end":{"line":77,"column":90}},"24":{"start":{"line":82,"column":8},"end":{"line":94,"column":9}},"25":{"start":{"line":83,"column":12},"end":{"line":85,"column":13}},"26":{"start":{"line":84,"column":16},"end":{"line":84,"column":92}},"27":{"start":{"line":87,"column":12},"end":{"line":89,"column":13}},"28":{"start":{"line":88,"column":16},"end":{"line":88,"column":110}},"29":{"start":{"line":91,"column":12},"end":{"line":93,"column":13}},"30":{"start":{"line":92,"column":16},"end":{"line":92,"column":101}},"31":{"start":{"line":97,"column":8},"end":{"line":99,"column":9}},"32":{"start":{"line":98,"column":12},"end":{"line":98,"column":90}},"33":{"start":{"line":107,"column":8},"end":{"line":111,"column":9}},"34":{"start":{"line":108,"column":12},"end":{"line":110,"column":13}},"35":{"start":{"line":109,"column":16},"end":{"line":109,"column":83}},"36":{"start":{"line":114,"column":8},"end":{"line":132,"column":9}},"37":{"start":{"line":115,"column":12},"end":{"line":117,"column":13}},"38":{"start":{"line":116,"column":16},"end":{"line":116,"column":89}},"39":{"start":{"line":119,"column":12},"end":{"line":121,"column":13}},"40":{"start":{"line":120,"column":16},"end":{"line":120,"column":110}},"41":{"start":{"line":123,"column":12},"end":{"line":126,"column":13}},"42":{"start":{"line":125,"column":16},"end":{"line":125,"column":91}},"43":{"start":{"line":128,"column":12},"end":{"line":131,"column":13}},"44":{"start":{"line":130,"column":16},"end":{"line":130,"column":82}},"45":{"start":{"line":141,"column":12},"end":{"line":146,"column":49}},"46":{"start":{"line":148,"column":8},"end":{"line":148,"column":45}},"47":{"start":{"line":148,"column":32},"end":{"line":148,"column":45}},"48":{"start":{"line":152,"column":12},"end":{"line":155,"column":42}},"49":{"start":{"line":159,"column":12},"end":{"line":159,"column":96}},"50":{"start":{"line":161,"column":8},"end":{"line":161,"column":82}}},"fnMap":{"0":{"name":"(anonymous_0)","decl":{"start":{"line":13,"column":4},"end":{"line":13,"column":5}},"loc":{"start":{"line":13,"column":74},"end":{"line":27,"column":5}},"line":13},"1":{"name":"(anonymous_1)","decl":{"start":{"line":32,"column":4},"end":{"line":32,"column":5}},"loc":{"start":{"line":32,"column":69},"end":{"line":40,"column":5}},"line":32},"2":{"name":"(anonymous_2)","decl":{"start":{"line":45,"column":4},"end":{"line":45,"column":5}},"loc":{"start":{"line":45,"column":62},"end":{"line":64,"column":5}},"line":45},"3":{"name":"(anonymous_3)","decl":{"start":{"line":69,"column":4},"end":{"line":69,"column":5}},"loc":{"start":{"line":69,"column":67},"end":{"line":100,"column":5}},"line":69},"4":{"name":"(anonymous_4)","decl":{"start":{"line":105,"column":4},"end":{"line":105,"column":5}},"loc":{"start":{"line":105,"column":64},"end":{"line":133,"column":5}},"line":105},"5":{"name":"(anonymous_5)","decl":{"start":{"line":138,"column":4},"end":{"line":138,"column":5}},"loc":{"start":{"line":138,"column":61},"end":{"line":162,"column":5}},"line":138}},"branchMap":{"0":{"loc":{"start":{"line":33,"column":8},"end":{"line":35,"column":9}},"type":"if","locations":[{"start":{"line":33,"column":8},"end":{"line":35,"column":9}},{"start":{},"end":{}}],"line":33},"1":{"loc":{"start":{"line":33,"column":12},"end":{"line":33,"column":61}},"type":"binary-expr","locations":[{"start":{"line":33,"column":12},"end":{"line":33,"column":25}},{"start":{"line":33,"column":29},"end":{"line":33,"column":61}}],"line":33},"2":{"loc":{"start":{"line":37,"column":8},"end":{"line":39,"column":9}},"type":"if","locations":[{"start":{"line":37,"column":8},"end":{"line":39,"column":9}},{"start":{},"end":{}}],"line":37},"3":{"loc":{"start":{"line":37,"column":12},"end":{"line":37,"column":86}},"type":"binary-expr","locations":[{"start":{"line":37,"column":12},"end":{"line":37,"column":44}},{"start":{"line":37,"column":48},"end":{"line":37,"column":86}}],"line":37},"4":{"loc":{"start":{"line":46,"column":8},"end":{"line":48,"column":9}},"type":"if","locations":[{"start":{"line":46,"column":8},"end":{"line":48,"column":9}},{"start":{},"end":{}}],"line":46},"5":{"loc":{"start":{"line":46,"column":12},"end":{"line":46,"column":49}},"type":"binary-expr","locations":[{"start":{"line":46,"column":12},"end":{"line":46,"column":19}},{"start":{"line":46,"column":23},"end":{"line":46,"column":49}}],"line":46},"6":{"loc":{"start":{"line":50,"column":8},"end":{"line":52,"column":9}},"type":"if","locations":[{"start":{"line":50,"column":8},"end":{"line":52,"column":9}},{"start":{},"end":{}}],"line":50},"7":{"loc":{"start":{"line":50,"column":12},"end":{"line":50,"column":63}},"type":"binary-expr","locations":[{"start":{"line":50,"column":12},"end":{"line":50,"column":26}},{"start":{"line":50,"column":30},"end":{"line":50,"column":63}}],"line":50},"8":{"loc":{"start":{"line":55,"column":8},"end":{"line":57,"column":9}},"type":"if","locations":[{"start":{"line":55,"column":8},"end":{"line":57,"column":9}},{"start":{},"end":{}}],"line":55},"9":{"loc":{"start":{"line":59,"column":8},"end":{"line":63,"column":9}},"type":"if","locations":[{"start":{"line":59,"column":8},"end":{"line":63,"column":9}},{"start":{},"end":{}}],"line":59},"10":{"loc":{"start":{"line":60,"column":12},"end":{"line":62,"column":13}},"type":"if","locations":[{"start":{"line":60,"column":12},"end":{"line":62,"column":13}},{"start":{},"end":{}}],"line":60},"11":{"loc":{"start":{"line":60,"column":16},"end":{"line":60,"column":99}},"type":"binary-expr","locations":[{"start":{"line":60,"column":16},"end":{"line":60,"column":54}},{"start":{"line":60,"column":58},"end":{"line":60,"column":99}}],"line":60},"12":{"loc":{"start":{"line":71,"column":8},"end":{"line":79,"column":9}},"type":"if","locations":[{"start":{"line":71,"column":8},"end":{"line":79,"column":9}},{"start":{},"end":{}}],"line":71},"13":{"loc":{"start":{"line":72,"column":12},"end":{"line":74,"column":13}},"type":"if","locations":[{"start":{"line":72,"column":12},"end":{"line":74,"column":13}},{"start":{},"end":{}}],"line":72},"14":{"loc":{"start":{"line":76,"column":12},"end":{"line":78,"column":13}},"type":"if","locations":[{"start":{"line":76,"column":12},"end":{"line":78,"column":13}},{"start":{},"end":{}}],"line":76},"15":{"loc":{"start":{"line":82,"column":8},"end":{"line":94,"column":9}},"type":"if","locations":[{"start":{"line":82,"column":8},"end":{"line":94,"column":9}},{"start":{},"end":{}}],"line":82},"16":{"loc":{"start":{"line":83,"column":12},"end":{"line":85,"column":13}},"type":"if","locations":[{"start":{"line":83,"column":12},"end":{"line":85,"column":13}},{"start":{},"end":{}}],"line":83},"17":{"loc":{"start":{"line":83,"column":16},"end":{"line":83,"column":81}},"type":"binary-expr","locations":[{"start":{"line":83,"column":16},"end":{"line":83,"column":52}},{"start":{"line":83,"column":56},"end":{"line":83,"column":81}}],"line":83},"18":{"loc":{"start":{"line":87,"column":12},"end":{"line":89,"column":13}},"type":"if","locations":[{"start":{"line":87,"column":12},"end":{"line":89,"column":13}},{"start":{},"end":{}}],"line":87},"19":{"loc":{"start":{"line":87,"column":46},"end":{"line":87,"column":78}},"type":"binary-expr","locations":[{"start":{"line":87,"column":46},"end":{"line":87,"column":72}},{"start":{"line":87,"column":76},"end":{"line":87,"column":78}}],"line":87},"20":{"loc":{"start":{"line":91,"column":12},"end":{"line":93,"column":13}},"type":"if","locations":[{"start":{"line":91,"column":12},"end":{"line":93,"column":13}},{"start":{},"end":{}}],"line":91},"21":{"loc":{"start":{"line":91,"column":16},"end":{"line":91,"column":142}},"type":"binary-expr","locations":[{"start":{"line":91,"column":16},"end":{"line":91,"column":55}},{"start":{"line":91,"column":60},"end":{"line":91,"column":100}},{"start":{"line":91,"column":104},"end":{"line":91,"column":141}}],"line":91},"22":{"loc":{"start":{"line":97,"column":8},"end":{"line":99,"column":9}},"type":"if","locations":[{"start":{"line":97,"column":8},"end":{"line":99,"column":9}},{"start":{},"end":{}}],"line":97},"23":{"loc":{"start":{"line":97,"column":12},"end":{"line":97,"column":69}},"type":"binary-expr","locations":[{"start":{"line":97,"column":12},"end":{"line":97,"column":35}},{"start":{"line":97,"column":39},"end":{"line":97,"column":69}}],"line":97},"24":{"loc":{"start":{"line":107,"column":8},"end":{"line":111,"column":9}},"type":"if","locations":[{"start":{"line":107,"column":8},"end":{"line":111,"column":9}},{"start":{},"end":{}}],"line":107},"25":{"loc":{"start":{"line":108,"column":12},"end":{"line":110,"column":13}},"type":"if","locations":[{"start":{"line":108,"column":12},"end":{"line":110,"column":13}},{"start":{},"end":{}}],"line":108},"26":{"loc":{"start":{"line":108,"column":16},"end":{"line":108,"column":71}},"type":"binary-expr","locations":[{"start":{"line":108,"column":16},"end":{"line":108,"column":49}},{"start":{"line":108,"column":53},"end":{"line":108,"column":71}}],"line":108},"27":{"loc":{"start":{"line":114,"column":8},"end":{"line":132,"column":9}},"type":"if","locations":[{"start":{"line":114,"column":8},"end":{"line":132,"column":9}},{"start":{},"end":{}}],"line":114},"28":{"loc":{"start":{"line":115,"column":12},"end":{"line":117,"column":13}},"type":"if","locations":[{"start":{"line":115,"column":12},"end":{"line":117,"column":13}},{"start":{},"end":{}}],"line":115},"29":{"loc":{"start":{"line":115,"column":16},"end":{"line":115,"column":87}},"type":"binary-expr","locations":[{"start":{"line":115,"column":16},"end":{"line":115,"column":55}},{"start":{"line":115,"column":59},"end":{"line":115,"column":87}}],"line":115},"30":{"loc":{"start":{"line":119,"column":12},"end":{"line":121,"column":13}},"type":"if","locations":[{"start":{"line":119,"column":12},"end":{"line":121,"column":13}},{"start":{},"end":{}}],"line":119},"31":{"loc":{"start":{"line":119,"column":16},"end":{"line":119,"column":118}},"type":"binary-expr","locations":[{"start":{"line":119,"column":16},"end":{"line":119,"column":45}},{"start":{"line":119,"column":49},"end":{"line":119,"column":118}}],"line":119},"32":{"loc":{"start":{"line":123,"column":12},"end":{"line":126,"column":13}},"type":"if","locations":[{"start":{"line":123,"column":12},"end":{"line":126,"column":13}},{"start":{},"end":{}}],"line":123},"33":{"loc":{"start":{"line":123,"column":16},"end":{"line":124,"column":105}},"type":"binary-expr","locations":[{"start":{"line":123,"column":16},"end":{"line":123,"column":81}},{"start":{"line":124,"column":17},"end":{"line":124,"column":60}},{"start":{"line":124,"column":64},"end":{"line":124,"column":104}}],"line":123},"34":{"loc":{"start":{"line":123,"column":45},"end":{"line":123,"column":80}},"type":"binary-expr","locations":[{"start":{"line":123,"column":45},"end":{"line":123,"column":74}},{"start":{"line":123,"column":78},"end":{"line":123,"column":80}}],"line":123},"35":{"loc":{"start":{"line":128,"column":12},"end":{"line":131,"column":13}},"type":"if","locations":[{"start":{"line":128,"column":12},"end":{"line":131,"column":13}},{"start":{},"end":{}}],"line":128},"36":{"loc":{"start":{"line":128,"column":16},"end":{"line":129,"column":68}},"type":"binary-expr","locations":[{"start":{"line":128,"column":16},"end":{"line":128,"column":62}},{"start":{"line":129,"column":16},"end":{"line":129,"column":68}}],"line":128},"37":{"loc":{"start":{"line":141,"column":12},"end":{"line":146,"column":49}},"type":"binary-expr","locations":[{"start":{"line":141,"column":12},"end":{"line":141,"column":15}},{"start":{"line":142,"column":12},"end":{"line":142,"column":35}},{"start":{"line":143,"column":12},"end":{"line":143,"column":41}},{"start":{"line":144,"column":12},"end":{"line":144,"column":22}},{"start":{"line":145,"column":12},"end":{"line":145,"column":42}},{"start":{"line":146,"column":12},"end":{"line":146,"column":49}}],"line":141},"38":{"loc":{"start":{"line":148,"column":8},"end":{"line":148,"column":45}},"type":"if","locations":[{"start":{"line":148,"column":8},"end":{"line":148,"column":45}},{"start":{},"end":{}}],"line":148},"39":{"loc":{"start":{"line":152,"column":12},"end":{"line":155,"column":42}},"type":"binary-expr","locations":[{"start":{"line":152,"column":12},"end":{"line":152,"column":32}},{"start":{"line":153,"column":12},"end":{"line":153,"column":36}},{"start":{"line":154,"column":12},"end":{"line":154,"column":39}},{"start":{"line":155,"column":12},"end":{"line":155,"column":42}}],"line":152},"40":{"loc":{"start":{"line":159,"column":12},"end":{"line":159,"column":96}},"type":"binary-expr","locations":[{"start":{"line":159,"column":12},"end":{"line":159,"column":37}},{"start":{"line":159,"column":41},"end":{"line":159,"column":62}},{"start":{"line":159,"column":66},"end":{"line":159,"column":96}}],"line":159},"41":{"loc":{"start":{"line":161,"column":15},"end":{"line":161,"column":81}},"type":"binary-expr","locations":[{"start":{"line":161,"column":15},"end":{"line":161,"column":44}},{"start":{"line":161,"column":48},"end":{"line":161,"column":81}}],"line":161}},"s":{"0":10,"1":10,"2":8,"3":6,"4":4,"5":10,"6":0,"7":10,"8":0,"9":10,"10":0,"11":10,"12":0,"13":10,"14":10,"15":2,"16":8,"17":0,"18":0,"19":8,"20":5,"21":0,"22":5,"23":0,"24":8,"25":1,"26":0,"27":1,"28":0,"29":1,"30":0,"31":8,"32":2,"33":6,"34":5,"35":2,"36":4,"37":1,"38":0,"39":1,"40":0,"41":1,"42":0,"43":1,"44":0,"45":9,"46":9,"47":6,"48":3,"49":3,"50":3},"f":{"0":10,"1":10,"2":10,"3":8,"4":6,"5":9},"b":{"0":[0,10],"1":[10,10],"2":[0,10],"3":[10,8],"4":[0,10],"5":[10,10],"6":[0,10],"7":[10,10],"8":[2,8],"9":[0,8],"10":[0,0],"11":[0,0],"12":[5,3],"13":[0,5],"14":[0,5],"15":[1,7],"16":[0,1],"17":[1,1],"18":[0,1],"19":[1,0],"20":[0,1],"21":[1,1,1],"22":[2,6],"23":[8,3],"24":[5,1],"25":[2,3],"26":[5,5],"27":[1,3],"28":[0,1],"29":[1,1],"30":[0,1],"31":[1,1],"32":[0,1],"33":[1,1,1],"34":[1,0],"35":[0,1],"36":[1,0],"37":[9,7,7,5,3,3],"38":[6,3],"39":[3,1,1,1],"40":[3,2,2],"41":[3,2]},"_coverageSchema":"1a1c01bbd47fc00a2c39e90264f33305004495a9","hash":"9e0019bff3843124e08d94137bfde82c50d06c38"}
}
