TN:
SF:src/errors/customErrors.ts
FN:16,(anonymous_0)
FN:35,(anonymous_1)
FN:56,(anonymous_2)
FN:77,(anonymous_3)
FN:84,(anonymous_4)
FN:91,(anonymous_5)
FN:99,(anonymous_6)
FN:106,(anonymous_7)
FNF:8
FNH:3
FNDA:0,(anonymous_0)
FNDA:0,(anonymous_1)
FNDA:0,(anonymous_2)
FNDA:0,(anonymous_3)
FNDA:0,(anonymous_4)
FNDA:10,(anonymous_5)
FNDA:8,(anonymous_6)
FNDA:24,(anonymous_7)
DA:17,0
DA:18,0
DA:36,0
DA:37,0
DA:57,0
DA:58,0
DA:78,0
DA:79,0
DA:85,0
DA:86,0
DA:92,10
DA:93,10
DA:100,8
DA:101,8
DA:107,24
DA:108,24
LF:16
LH:6
BRF:0
BRH:0
end_of_record
TN:
SF:src/templates/templates.ts
FN:228,createSelectOptions
FN:231,(anonymous_1)
FN:241,createSelectParam
FN:261,createRadioParam
FN:299,createParameter
FNF:5
FNH:5
FNDA:3,createSelectOptions
FNDA:6,(anonymous_1)
FNDA:1,createSelectParam
FNDA:1,createRadioParam
FNDA:1,createParameter
DA:12,1
DA:231,6
DA:248,1
DA:268,1
DA:279,1
DA:289,1
DA:303,1
LF:7
LH:7
BRDA:245,0,0,0
BRDA:265,1,0,0
BRF:2
BRH:0
end_of_record
TN:
SF:src/utils/createMetadata.ts
FN:26,isValidFunction
FN:28,(anonymous_1)
FN:35,getAbiFunction
FN:37,(anonymous_3)
FN:48,getAbiParameters
FN:51,(anonymous_5)
FN:57,getBlockchainActionType
FN:65,validateContractAddress
FN:74,validateChainContext
FN:95,validateBaseParameter
FN:114,validateSelectionParameter
FN:125,(anonymous_11)
FN:150,validateStandardParameter
FN:214,validateParameter
FN:225,validateParametersMatchAbi
FN:232,(anonymous_15)
FN:232,(anonymous_16)
FN:236,(anonymous_17)
FN:245,(anonymous_18)
FN:252,(anonymous_19)
FN:253,(anonymous_20)
FN:276,validateParameterTypeCompatibility
FN:340,applyParamValues
FN:415,validateBlockchainAction
FN:462,(anonymous_24)
FN:505,processBlockchainAction
FN:544,validateBasicMetadata
FN:580,createMetadata
FN:586,(anonymous_28)
FN:617,isBlockchainActionMetadata
FN:634,isBlockchainAction
FNF:31
FNH:27
FNDA:4,isValidFunction
FNDA:5,(anonymous_1)
FNDA:16,getAbiFunction
FNDA:20,(anonymous_3)
FNDA:8,getAbiParameters
FNDA:10,(anonymous_5)
FNDA:8,getBlockchainActionType
FNDA:5,validateContractAddress
FNDA:4,validateChainContext
FNDA:4,validateBaseParameter
FNDA:0,validateSelectionParameter
FNDA:0,(anonymous_11)
FNDA:4,validateStandardParameter
FNDA:4,validateParameter
FNDA:2,validateParametersMatchAbi
FNDA:4,(anonymous_15)
FNDA:4,(anonymous_16)
FNDA:4,(anonymous_17)
FNDA:6,(anonymous_18)
FNDA:4,(anonymous_19)
FNDA:4,(anonymous_20)
FNDA:4,validateParameterTypeCompatibility
FNDA:0,applyParamValues
FNDA:5,validateBlockchainAction
FNDA:4,(anonymous_24)
FNDA:5,processBlockchainAction
FNDA:10,validateBasicMetadata
FNDA:10,createMetadata
FNDA:5,(anonymous_28)
FNDA:10,isBlockchainActionMetadata
FNDA:0,isBlockchainAction
DA:27,4
DA:28,5
DA:36,16
DA:37,20
DA:39,16
DA:40,0
DA:42,16
DA:49,8
DA:51,10
DA:58,8
DA:59,8
DA:66,5
DA:67,1
DA:75,4
DA:77,4
DA:78,0
DA:84,4
DA:85,0
DA:97,4
DA:98,0
DA:101,4
DA:102,0
DA:106,4
DA:107,0
DA:115,0
DA:117,0
DA:118,0
DA:124,0
DA:125,0
DA:126,0
DA:127,0
DA:132,0
DA:133,0
DA:138,0
DA:139,0
DA:143,0
DA:151,4
DA:154,4
DA:155,0
DA:156,0
DA:162,4
DA:163,0
DA:164,0
DA:171,4
DA:172,0
DA:173,0
DA:175,0
DA:182,4
DA:183,0
DA:184,0
DA:185,0
DA:191,4
DA:192,0
DA:193,0
DA:195,0
DA:201,4
DA:203,0
DA:204,0
DA:215,4
DA:216,0
DA:218,4
DA:229,2
DA:231,2
DA:232,4
DA:236,2
DA:237,4
DA:238,0
DA:245,6
DA:246,4
DA:247,4
DA:252,4
DA:253,4
DA:255,2
DA:256,0
DA:263,0
DA:264,0
DA:265,0
DA:266,0
DA:268,0
DA:280,4
DA:282,4
DA:295,4
DA:296,4
DA:299,4
DA:300,0
DA:304,4
DA:305,0
DA:312,4
DA:313,4
DA:315,4
DA:316,0
DA:321,4
DA:322,0
DA:327,0
DA:328,0
DA:330,0
DA:341,0
DA:342,0
DA:344,0
DA:345,0
DA:351,0
DA:352,0
DA:357,0
DA:361,0
DA:362,0
DA:364,0
DA:416,5
DA:417,5
DA:419,5
DA:420,0
DA:423,5
DA:424,0
DA:427,5
DA:428,0
DA:433,5
DA:434,0
DA:437,5
DA:438,0
DA:444,5
DA:447,4
DA:450,4
DA:451,0
DA:457,4
DA:460,4
DA:462,4
DA:465,2
DA:480,4
DA:481,4
DA:482,0
DA:485,4
DA:486,0
DA:491,0
DA:494,1
DA:495,1
DA:497,0
DA:506,5
DA:508,5
DA:511,4
DA:526,4
DA:529,4
DA:535,1
DA:545,10
DA:546,2
DA:549,8
DA:550,2
DA:553,6
DA:554,0
DA:557,6
DA:558,0
DA:561,6
DA:562,0
DA:565,6
DA:566,0
DA:569,6
DA:570,2
DA:581,10
DA:583,10
DA:586,4
DA:587,5
DA:588,5
DA:590,0
DA:597,3
DA:606,7
DA:607,7
DA:609,0
DA:618,10
DA:635,0
LF:167
LH:92
BRDA:28,0,0,5
BRDA:28,0,1,5
BRDA:37,1,0,20
BRDA:37,1,1,20
BRDA:39,2,0,0
BRDA:39,2,1,16
BRDA:66,3,0,1
BRDA:66,3,1,4
BRDA:77,4,0,0
BRDA:77,4,1,4
BRDA:84,5,0,0
BRDA:84,5,1,4
BRDA:84,6,0,4
BRDA:84,6,1,1
BRDA:97,7,0,0
BRDA:97,7,1,4
BRDA:101,8,0,0
BRDA:101,8,1,4
BRDA:106,9,0,0
BRDA:106,9,1,4
BRDA:117,10,0,0
BRDA:117,10,1,0
BRDA:117,11,0,0
BRDA:117,11,1,0
BRDA:117,11,2,0
BRDA:126,12,0,0
BRDA:126,12,1,0
BRDA:132,13,0,0
BRDA:132,13,1,0
BRDA:138,14,0,0
BRDA:138,14,1,0
BRDA:154,15,0,0
BRDA:154,15,1,4
BRDA:154,16,0,4
BRDA:154,16,1,2
BRDA:155,17,0,0
BRDA:155,17,1,0
BRDA:162,18,0,0
BRDA:162,18,1,4
BRDA:162,19,0,4
BRDA:162,19,1,0
BRDA:163,20,0,0
BRDA:163,20,1,0
BRDA:171,21,0,0
BRDA:171,21,1,4
BRDA:182,22,0,0
BRDA:182,22,1,4
BRDA:182,23,0,4
BRDA:182,23,1,0
BRDA:182,23,2,0
BRDA:184,24,0,0
BRDA:184,24,1,0
BRDA:191,25,0,0
BRDA:191,25,1,4
BRDA:191,26,0,4
BRDA:191,26,1,0
BRDA:191,26,2,0
BRDA:201,27,0,0
BRDA:201,27,1,4
BRDA:201,28,0,4
BRDA:201,28,1,2
BRDA:201,28,2,0
BRDA:203,29,0,0
BRDA:203,29,1,0
BRDA:203,30,0,0
BRDA:203,30,1,0
BRDA:215,31,0,0
BRDA:215,31,1,4
BRDA:215,32,0,4
BRDA:215,32,1,4
BRDA:237,33,0,0
BRDA:237,33,1,4
BRDA:246,34,0,4
BRDA:246,34,1,0
BRDA:255,35,0,0
BRDA:255,35,1,2
BRDA:263,36,0,0
BRDA:263,36,1,0
BRDA:265,37,0,0
BRDA:265,37,1,0
BRDA:296,38,0,4
BRDA:296,38,1,0
BRDA:299,39,0,0
BRDA:299,39,1,4
BRDA:304,40,0,0
BRDA:304,40,1,4
BRDA:315,41,0,0
BRDA:315,41,1,4
BRDA:315,42,0,4
BRDA:315,42,1,0
BRDA:321,43,0,0
BRDA:321,43,1,4
BRDA:321,44,0,4
BRDA:321,44,1,4
BRDA:327,45,0,0
BRDA:327,45,1,0
BRDA:342,46,0,0
BRDA:342,46,1,0
BRDA:342,47,0,0
BRDA:342,47,1,0
BRDA:344,48,0,0
BRDA:344,48,1,0
BRDA:352,49,0,0
BRDA:352,49,1,0
BRDA:352,50,0,0
BRDA:352,50,1,0
BRDA:361,51,0,0
BRDA:361,51,1,0
BRDA:417,52,0,5
BRDA:417,52,1,0
BRDA:419,53,0,0
BRDA:419,53,1,5
BRDA:423,54,0,0
BRDA:423,54,1,5
BRDA:427,55,0,0
BRDA:427,55,1,5
BRDA:427,56,0,5
BRDA:427,56,1,5
BRDA:433,57,0,0
BRDA:433,57,1,5
BRDA:437,58,0,0
BRDA:437,58,1,5
BRDA:437,59,0,5
BRDA:437,59,1,5
BRDA:450,60,0,0
BRDA:450,60,1,4
BRDA:460,61,0,2
BRDA:460,61,1,2
BRDA:481,62,0,0
BRDA:481,62,1,4
BRDA:481,63,0,4
BRDA:481,63,1,1
BRDA:485,64,0,0
BRDA:485,64,1,4
BRDA:485,65,0,4
BRDA:485,65,1,3
BRDA:494,66,0,1
BRDA:494,66,1,0
BRDA:536,67,0,1
BRDA:536,67,1,0
BRDA:545,68,0,2
BRDA:545,68,1,8
BRDA:549,69,0,2
BRDA:549,69,1,6
BRDA:553,70,0,0
BRDA:553,70,1,6
BRDA:557,71,0,0
BRDA:557,71,1,6
BRDA:561,72,0,0
BRDA:561,72,1,6
BRDA:565,73,0,0
BRDA:565,73,1,6
BRDA:569,74,0,2
BRDA:569,74,1,4
BRDA:587,75,0,5
BRDA:587,75,1,0
BRDA:606,76,0,7
BRDA:606,76,1,0
BRDA:619,77,0,10
BRDA:619,77,1,10
BRDA:619,77,2,10
BRDA:619,77,3,10
BRDA:619,77,4,10
BRDA:619,77,5,10
BRDA:619,77,6,10
BRDA:619,77,7,10
BRDA:619,77,8,10
BRDA:636,78,0,0
BRDA:636,78,1,0
BRDA:636,78,2,0
BRDA:636,78,3,0
BRDA:636,78,4,0
BRF:172
BRH:83
end_of_record
TN:
SF:src/utils/validateMetadata.ts
FN:20,validateMetadata
FN:44,(anonymous_1)
FN:84,(anonymous_2)
FNF:3
FNH:3
FNDA:7,validateMetadata
FNDA:6,(anonymous_1)
FNDA:4,(anonymous_2)
DA:21,7
DA:24,7
DA:25,1
DA:34,6
DA:35,6
DA:36,6
DA:37,6
DA:40,6
DA:41,0
DA:44,6
DA:46,6
DA:47,6
DA:50,6
DA:51,4
DA:52,0
DA:53,4
DA:54,0
DA:57,2
DA:61,6
DA:62,0
DA:66,6
DA:67,6
DA:68,6
DA:69,0
DA:74,6
DA:78,6
DA:79,2
DA:83,4
DA:84,4
DA:86,4
DA:89,6
LF:31
LH:26
BRDA:24,0,0,1
BRDA:24,0,1,6
BRDA:34,1,0,0
BRDA:34,1,1,6
BRDA:35,2,0,2
BRDA:35,2,1,4
BRDA:36,3,0,2
BRDA:36,3,1,4
BRDA:37,4,0,2
BRDA:37,4,1,4
BRDA:40,5,0,0
BRDA:40,5,1,6
BRDA:40,6,0,6
BRDA:40,6,1,6
BRDA:40,6,2,6
BRDA:46,7,0,2
BRDA:46,7,1,4
BRDA:47,8,0,0
BRDA:47,8,1,6
BRDA:50,9,0,4
BRDA:50,9,1,2
BRDA:51,10,0,0
BRDA:51,10,1,4
BRDA:53,11,0,0
BRDA:53,11,1,4
BRDA:61,12,0,0
BRDA:61,12,1,6
BRDA:66,13,0,6
BRDA:66,13,1,0
BRDA:67,14,0,0
BRDA:67,14,1,6
BRDA:68,15,0,0
BRDA:68,15,1,6
BRDA:78,16,0,2
BRDA:78,16,1,4
BRDA:86,17,0,2
BRDA:86,17,1,2
BRDA:92,18,0,4
BRDA:92,18,1,2
BRDA:94,19,0,2
BRDA:94,19,1,4
BRF:41
BRH:32
end_of_record
TN:
SF:src/utils/validator.ts
FN:45,validateBasicMetadata
FN:87,createMetadata
FN:93,(anonymous_2)
FNF:3
FNH:3
FNDA:15,validateBasicMetadata
FNDA:2,createMetadata
FNDA:2,(anonymous_2)
DA:22,1
DA:24,1
DA:26,1
DA:28,1
DA:30,1
DA:32,1
DA:34,1
DA:36,1
DA:38,1
DA:40,1
DA:46,15
DA:47,2
DA:50,13
DA:51,2
DA:54,11
DA:55,2
DA:58,9
DA:59,2
DA:62,7
DA:63,0
DA:66,7
DA:67,2
DA:70,5
DA:71,2
DA:76,3
DA:88,2
DA:90,2
DA:93,2
DA:94,2
DA:95,1
DA:96,1
DA:97,0
DA:98,1
DA:99,0
DA:101,1
DA:106,1
DA:115,1
DA:123,1
DA:129,1
LF:39
LH:36
BRDA:46,0,0,2
BRDA:46,0,1,13
BRDA:46,1,0,15
BRDA:46,1,1,13
BRDA:50,2,0,2
BRDA:50,2,1,11
BRDA:50,3,0,13
BRDA:50,3,1,11
BRDA:54,4,0,2
BRDA:54,4,1,9
BRDA:54,5,0,11
BRDA:54,5,1,9
BRDA:58,6,0,2
BRDA:58,6,1,7
BRDA:58,7,0,9
BRDA:58,7,1,7
BRDA:62,8,0,0
BRDA:62,8,1,7
BRDA:66,9,0,2
BRDA:66,9,1,5
BRDA:70,10,0,2
BRDA:70,10,1,3
BRDA:94,11,0,1
BRDA:94,11,1,1
BRDA:96,12,0,0
BRDA:96,12,1,1
BRDA:98,13,0,0
BRDA:98,13,1,1
BRF:28
BRH:25
end_of_record
TN:
SF:src/validators/blockchainActionValidator.ts
FN:21,(anonymous_0)
FN:47,(anonymous_1)
FN:117,(anonymous_2)
FN:138,(anonymous_3)
FN:146,(anonymous_4)
FN:155,(anonymous_5)
FN:189,(anonymous_6)
FN:202,(anonymous_7)
FN:257,(anonymous_8)
FN:280,(anonymous_9)
FN:293,(anonymous_10)
FN:337,(anonymous_11)
FN:345,(anonymous_12)
FN:354,(anonymous_13)
FN:368,(anonymous_14)
FN:447,(anonymous_15)
FN:468,(anonymous_16)
FN:480,(anonymous_17)
FN:492,(anonymous_18)
FN:494,(anonymous_19)
FN:505,(anonymous_20)
FN:507,(anonymous_21)
FN:514,(anonymous_22)
FN:522,(anonymous_23)
FN:530,(anonymous_24)
FN:547,(anonymous_25)
FNF:26
FNH:20
FNDA:3,(anonymous_0)
FNDA:12,(anonymous_1)
FNDA:8,(anonymous_2)
FNDA:8,(anonymous_3)
FNDA:8,(anonymous_4)
FNDA:17,(anonymous_5)
FNDA:0,(anonymous_6)
FNDA:4,(anonymous_7)
FNDA:0,(anonymous_8)
FNDA:0,(anonymous_9)
FNDA:5,(anonymous_10)
FNDA:6,(anonymous_11)
FNDA:2,(anonymous_12)
FNDA:0,(anonymous_13)
FNDA:0,(anonymous_14)
FNDA:12,(anonymous_15)
FNDA:8,(anonymous_16)
FNDA:8,(anonymous_17)
FNDA:9,(anonymous_18)
FNDA:9,(anonymous_19)
FNDA:10,(anonymous_20)
FNDA:13,(anonymous_21)
FNDA:6,(anonymous_22)
FNDA:3,(anonymous_23)
FNDA:2,(anonymous_24)
FNDA:0,(anonymous_25)
DA:22,3
DA:25,3
DA:28,3
DA:30,3
DA:31,1
DA:37,2
DA:49,12
DA:50,0
DA:53,12
DA:54,0
DA:58,12
DA:63,0
DA:68,12
DA:69,2
DA:73,10
DA:74,0
DA:78,10
DA:79,0
DA:83,10
DA:84,2
DA:90,8
DA:91,0
DA:97,8
DA:101,0
DA:107,8
DA:108,3
DA:111,6
DA:118,8
DA:119,0
DA:123,8
DA:124,0
DA:128,8
DA:129,0
DA:132,8
DA:139,8
DA:140,8
DA:150,8
DA:151,0
DA:155,17
DA:157,8
DA:159,11
DA:160,0
DA:163,11
DA:164,0
DA:170,11
DA:171,2
DA:177,9
DA:178,4
DA:179,5
DA:180,0
DA:181,5
DA:182,5
DA:184,0
DA:188,5
DA:189,0
DA:190,0
DA:191,0
DA:196,2
DA:204,4
DA:208,0
DA:213,4
DA:217,0
DA:222,4
DA:223,0
DA:226,4
DA:227,0
DA:230,4
DA:231,0
DA:234,4
DA:235,0
DA:241,4
DA:242,0
DA:243,0
DA:245,0
DA:251,4
DA:258,0
DA:259,0
DA:265,0
DA:266,0
DA:267,0
DA:272,0
DA:273,0
DA:280,0
DA:281,0
DA:282,0
DA:287,0
DA:295,5
DA:296,0
DA:302,5
DA:303,2
DA:309,3
DA:311,6
DA:312,0
DA:318,6
DA:319,0
DA:325,6
DA:330,0
DA:337,6
DA:338,3
DA:339,2
DA:345,2
DA:346,1
DA:347,0
DA:353,1
DA:354,0
DA:355,0
DA:356,0
DA:362,1
DA:370,0
DA:371,0
DA:375,0
DA:377,0
DA:382,0
DA:388,0
DA:389,0
DA:393,0
DA:395,0
DA:396,0
DA:402,0
DA:403,0
DA:407,0
DA:409,0
DA:410,0
DA:414,0
DA:416,0
DA:417,0
DA:421,0
DA:423,0
DA:424,0
DA:430,0
DA:431,0
DA:433,0
DA:434,0
DA:441,0
DA:448,12
DA:469,8
DA:481,8
DA:493,9
DA:494,9
DA:496,9
DA:497,0
DA:499,9
DA:506,10
DA:507,13
DA:515,6
DA:516,6
DA:523,3
DA:524,3
DA:531,2
DA:548,0
LF:150
LH:76
BRDA:30,0,0,1
BRDA:30,0,1,2
BRDA:30,1,0,3
BRDA:30,1,1,3
BRDA:49,2,0,0
BRDA:49,2,1,12
BRDA:49,3,0,12
BRDA:49,3,1,12
BRDA:53,4,0,0
BRDA:53,4,1,12
BRDA:53,5,0,12
BRDA:53,5,1,12
BRDA:58,6,0,0
BRDA:58,6,1,12
BRDA:59,7,0,12
BRDA:59,7,1,12
BRDA:59,7,2,12
BRDA:68,8,0,2
BRDA:68,8,1,10
BRDA:73,9,0,0
BRDA:73,9,1,10
BRDA:73,10,0,10
BRDA:73,10,1,10
BRDA:78,11,0,0
BRDA:78,11,1,10
BRDA:78,12,0,10
BRDA:78,12,1,10
BRDA:83,13,0,2
BRDA:83,13,1,8
BRDA:90,14,0,0
BRDA:90,14,1,8
BRDA:97,15,0,0
BRDA:97,15,1,8
BRDA:98,16,0,8
BRDA:98,16,1,2
BRDA:98,16,2,2
BRDA:107,17,0,3
BRDA:107,17,1,5
BRDA:118,18,0,0
BRDA:118,18,1,8
BRDA:118,19,0,8
BRDA:118,19,1,8
BRDA:123,20,0,0
BRDA:123,20,1,8
BRDA:123,21,0,8
BRDA:123,21,1,8
BRDA:128,22,0,0
BRDA:128,22,1,8
BRDA:128,23,0,8
BRDA:128,23,1,0
BRDA:140,24,0,8
BRDA:140,24,1,8
BRDA:150,25,0,0
BRDA:150,25,1,8
BRDA:159,26,0,0
BRDA:159,26,1,11
BRDA:159,27,0,11
BRDA:159,27,1,11
BRDA:163,28,0,0
BRDA:163,28,1,11
BRDA:163,29,0,11
BRDA:163,29,1,11
BRDA:170,30,0,2
BRDA:170,30,1,9
BRDA:177,31,0,4
BRDA:177,31,1,5
BRDA:179,32,0,0
BRDA:179,32,1,5
BRDA:181,33,0,5
BRDA:181,33,1,0
BRDA:188,34,0,0
BRDA:188,34,1,5
BRDA:190,35,0,0
BRDA:190,35,1,0
BRDA:204,36,0,0
BRDA:204,36,1,4
BRDA:205,37,0,4
BRDA:205,37,1,0
BRDA:205,37,2,0
BRDA:213,38,0,0
BRDA:213,38,1,4
BRDA:214,39,0,4
BRDA:214,39,1,0
BRDA:214,39,2,0
BRDA:222,40,0,0
BRDA:222,40,1,4
BRDA:222,41,0,4
BRDA:222,41,1,0
BRDA:226,42,0,0
BRDA:226,42,1,4
BRDA:226,43,0,4
BRDA:226,43,1,0
BRDA:230,44,0,0
BRDA:230,44,1,4
BRDA:230,45,0,4
BRDA:230,45,1,0
BRDA:230,45,2,0
BRDA:234,46,0,0
BRDA:234,46,1,4
BRDA:234,47,0,4
BRDA:234,47,1,0
BRDA:241,48,0,0
BRDA:241,48,1,4
BRDA:258,49,0,0
BRDA:258,49,1,0
BRDA:258,50,0,0
BRDA:258,50,1,0
BRDA:266,51,0,0
BRDA:266,51,1,0
BRDA:266,52,0,0
BRDA:266,52,1,0
BRDA:272,53,0,0
BRDA:272,53,1,0
BRDA:281,54,0,0
BRDA:281,54,1,0
BRDA:295,55,0,0
BRDA:295,55,1,5
BRDA:302,56,0,2
BRDA:302,56,1,3
BRDA:311,57,0,0
BRDA:311,57,1,6
BRDA:311,58,0,6
BRDA:311,58,1,6
BRDA:318,59,0,0
BRDA:318,59,1,6
BRDA:318,60,0,6
BRDA:318,60,1,6
BRDA:325,61,0,0
BRDA:325,61,1,6
BRDA:326,62,0,6
BRDA:326,62,1,6
BRDA:326,62,2,0
BRDA:338,63,0,2
BRDA:338,63,1,1
BRDA:346,64,0,0
BRDA:346,64,1,1
BRDA:353,65,0,0
BRDA:353,65,1,1
BRDA:355,66,0,0
BRDA:355,66,1,0
BRDA:370,67,0,0
BRDA:370,67,1,0
BRDA:370,68,0,0
BRDA:370,68,1,0
BRDA:375,69,0,0
BRDA:375,69,1,0
BRDA:375,70,0,0
BRDA:375,70,1,0
BRDA:377,71,0,0
BRDA:377,71,1,0
BRDA:378,72,0,0
BRDA:378,72,1,0
BRDA:378,72,2,0
BRDA:388,73,0,0
BRDA:388,73,1,0
BRDA:388,74,0,0
BRDA:388,74,1,0
BRDA:393,75,0,0
BRDA:393,75,1,0
BRDA:395,76,0,0
BRDA:395,76,1,0
BRDA:402,77,0,0
BRDA:402,77,1,0
BRDA:402,78,0,0
BRDA:402,78,1,0
BRDA:407,79,0,0
BRDA:407,79,1,0
BRDA:409,80,0,0
BRDA:409,80,1,0
BRDA:414,81,0,0
BRDA:414,81,1,0
BRDA:416,82,0,0
BRDA:416,82,1,0
BRDA:421,83,0,0
BRDA:421,83,1,0
BRDA:423,84,0,0
BRDA:423,84,1,0
BRDA:430,85,0,0
BRDA:430,85,1,0
BRDA:430,86,0,0
BRDA:430,86,1,0
BRDA:433,87,0,0
BRDA:433,87,1,0
BRDA:433,88,0,0
BRDA:433,88,1,0
BRDA:449,89,0,12
BRDA:449,89,1,12
BRDA:449,89,2,12
BRDA:449,89,3,12
BRDA:470,90,0,8
BRDA:470,90,1,8
BRDA:470,90,2,8
BRDA:470,90,3,1
BRDA:482,91,0,8
BRDA:482,91,1,8
BRDA:482,91,2,8
BRDA:482,91,3,6
BRDA:494,92,0,9
BRDA:494,92,1,9
BRDA:496,93,0,0
BRDA:496,93,1,9
BRDA:507,94,0,13
BRDA:507,94,1,13
BRDA:532,95,0,2
BRDA:532,95,1,2
BRDA:532,95,2,2
BRDA:532,95,3,2
BRDA:532,95,4,1
BRDA:532,95,5,1
BRDA:532,95,6,1
BRDA:532,95,7,1
BRDA:532,95,8,1
BRDA:549,96,0,0
BRDA:549,96,1,0
BRDA:549,96,2,0
BRF:215
BRH:110
end_of_record
TN:
SF:src/validators/httpActionValidator.ts
FN:11,(anonymous_0)
FN:22,(anonymous_1)
FN:30,(anonymous_2)
FN:33,(anonymous_3)
FN:66,(anonymous_4)
FN:72,(anonymous_5)
FN:83,(anonymous_6)
FN:91,(anonymous_7)
FN:97,(anonymous_8)
FN:108,(anonymous_9)
FN:116,(anonymous_10)
FN:158,(anonymous_11)
FN:163,(anonymous_12)
FN:172,(anonymous_13)
FN:177,(anonymous_14)
FN:214,(anonymous_15)
FNF:16
FNH:11
FNDA:12,(anonymous_0)
FNDA:12,(anonymous_1)
FNDA:10,(anonymous_2)
FNDA:14,(anonymous_3)
FNDA:4,(anonymous_4)
FNDA:4,(anonymous_5)
FNDA:0,(anonymous_6)
FNDA:2,(anonymous_7)
FNDA:4,(anonymous_8)
FNDA:0,(anonymous_9)
FNDA:8,(anonymous_10)
FNDA:0,(anonymous_11)
FNDA:0,(anonymous_12)
FNDA:0,(anonymous_13)
FNDA:6,(anonymous_14)
FNDA:2,(anonymous_15)
DA:12,12
DA:14,10
DA:16,8
DA:23,12
DA:24,12
DA:26,2
DA:31,10
DA:33,10
DA:35,14
DA:36,0
DA:40,14
DA:41,0
DA:45,14
DA:47,4
DA:49,2
DA:57,8
DA:59,0
DA:67,4
DA:68,2
DA:72,2
DA:73,4
DA:74,0
DA:76,4
DA:77,0
DA:82,2
DA:83,0
DA:84,0
DA:88,2
DA:92,2
DA:93,0
DA:97,2
DA:98,4
DA:99,0
DA:101,4
DA:102,0
DA:107,2
DA:108,0
DA:109,0
DA:113,2
DA:118,8
DA:119,0
DA:121,0
DA:122,0
DA:126,0
DA:128,0
DA:129,0
DA:133,0
DA:135,0
DA:136,0
DA:140,0
DA:147,8
DA:148,0
DA:149,0
DA:151,0
DA:155,8
DA:159,0
DA:160,0
DA:164,0
DA:165,0
DA:166,0
DA:168,0
DA:173,0
DA:174,0
DA:179,6
DA:180,1
DA:185,5
DA:193,1
DA:198,4
DA:200,4
DA:203,2
DA:204,0
DA:208,2
DA:209,2
DA:213,2
DA:215,2
DA:222,2
DA:225,2
LF:77
LH:43
BRDA:31,0,0,0
BRDA:31,0,1,10
BRDA:35,1,0,0
BRDA:35,1,1,14
BRDA:35,2,0,14
BRDA:35,2,1,14
BRDA:40,3,0,0
BRDA:40,3,1,14
BRDA:40,4,0,14
BRDA:40,4,1,14
BRDA:45,5,0,4
BRDA:45,5,1,2
BRDA:45,5,2,4
BRDA:45,5,3,8
BRDA:45,5,4,8
BRDA:45,5,5,8
BRDA:45,5,6,8
BRDA:45,5,7,8
BRDA:45,5,8,8
BRDA:45,5,9,0
BRDA:67,6,0,2
BRDA:67,6,1,2
BRDA:67,7,0,4
BRDA:67,7,1,4
BRDA:73,8,0,0
BRDA:73,8,1,4
BRDA:73,9,0,4
BRDA:73,9,1,4
BRDA:76,10,0,0
BRDA:76,10,1,4
BRDA:76,11,0,4
BRDA:76,11,1,4
BRDA:82,12,0,0
BRDA:82,12,1,2
BRDA:83,13,0,0
BRDA:83,13,1,0
BRDA:92,14,0,0
BRDA:92,14,1,2
BRDA:92,15,0,2
BRDA:92,15,1,2
BRDA:98,16,0,0
BRDA:98,16,1,4
BRDA:98,17,0,4
BRDA:98,17,1,4
BRDA:101,18,0,0
BRDA:101,18,1,4
BRDA:101,19,0,4
BRDA:101,19,1,4
BRDA:107,20,0,0
BRDA:107,20,1,2
BRDA:108,21,0,0
BRDA:108,21,1,0
BRDA:118,22,0,0
BRDA:118,22,1,8
BRDA:119,23,0,0
BRDA:119,23,1,0
BRDA:119,23,2,0
BRDA:121,24,0,0
BRDA:121,24,1,0
BRDA:128,25,0,0
BRDA:128,25,1,0
BRDA:135,26,0,0
BRDA:135,26,1,0
BRDA:147,27,0,0
BRDA:147,27,1,8
BRDA:179,28,0,1
BRDA:179,28,1,5
BRDA:179,29,0,6
BRDA:179,29,1,5
BRDA:185,30,0,1
BRDA:185,30,1,4
BRDA:187,31,0,5
BRDA:187,31,1,4
BRDA:187,31,2,4
BRDA:187,31,3,4
BRDA:198,32,0,4
BRDA:198,32,1,3
BRDA:200,33,0,2
BRDA:200,33,1,2
BRDA:203,34,0,0
BRDA:203,34,1,2
BRDA:203,35,0,2
BRDA:203,35,1,0
BRDA:208,36,0,2
BRDA:208,36,1,0
BRDA:209,37,0,0
BRDA:209,37,1,2
BRDA:215,38,0,2
BRDA:215,38,1,2
BRDA:215,38,2,2
BRDA:215,38,3,2
BRDA:215,38,4,2
BRDA:222,39,0,0
BRDA:222,39,1,2
BRF:94
BRH:63
end_of_record
TN:
SF:src/validators/transferActionValidator.ts
FN:13,(anonymous_0)
FN:32,(anonymous_1)
FN:45,(anonymous_2)
FN:72,(anonymous_3)
FN:115,(anonymous_4)
FN:158,(anonymous_5)
FNF:6
FNH:6
FNDA:10,(anonymous_0)
FNDA:10,(anonymous_1)
FNDA:10,(anonymous_2)
FNDA:8,(anonymous_3)
FNDA:6,(anonymous_4)
FNDA:9,(anonymous_5)
DA:15,10
DA:18,10
DA:21,8
DA:24,6
DA:26,4
DA:33,10
DA:34,0
DA:37,10
DA:38,0
DA:46,10
DA:47,0
DA:50,10
DA:51,0
DA:54,10
DA:55,10
DA:56,2
DA:59,8
DA:60,0
DA:64,0
DA:74,8
DA:75,5
DA:76,0
DA:79,5
DA:80,0
DA:85,8
DA:86,1
DA:87,0
DA:90,1
DA:91,0
DA:96,1
DA:100,0
DA:107,8
DA:108,2
DA:117,6
DA:118,5
DA:119,2
DA:124,4
DA:125,1
DA:126,0
DA:129,1
DA:133,0
DA:138,1
DA:143,0
DA:146,1
DA:150,0
DA:161,9
DA:168,9
DA:172,3
DA:179,3
DA:181,3
LF:50
LH:35
BRDA:33,0,0,0
BRDA:33,0,1,10
BRDA:33,1,0,10
BRDA:33,1,1,10
BRDA:37,2,0,0
BRDA:37,2,1,10
BRDA:37,3,0,10
BRDA:37,3,1,8
BRDA:46,4,0,0
BRDA:46,4,1,10
BRDA:46,5,0,10
BRDA:46,5,1,10
BRDA:50,6,0,0
BRDA:50,6,1,10
BRDA:50,7,0,10
BRDA:50,7,1,10
BRDA:55,8,0,2
BRDA:55,8,1,8
BRDA:59,9,0,0
BRDA:59,9,1,8
BRDA:60,10,0,0
BRDA:60,10,1,0
BRDA:61,11,0,0
BRDA:61,11,1,0
BRDA:74,12,0,5
BRDA:74,12,1,3
BRDA:75,13,0,0
BRDA:75,13,1,5
BRDA:79,14,0,0
BRDA:79,14,1,5
BRDA:85,15,0,1
BRDA:85,15,1,7
BRDA:86,16,0,0
BRDA:86,16,1,1
BRDA:86,17,0,1
BRDA:86,17,1,1
BRDA:90,18,0,0
BRDA:90,18,1,1
BRDA:90,19,0,1
BRDA:90,19,1,0
BRDA:96,20,0,0
BRDA:96,20,1,1
BRDA:97,21,0,1
BRDA:97,21,1,1
BRDA:97,21,2,1
BRDA:107,22,0,2
BRDA:107,22,1,6
BRDA:107,23,0,8
BRDA:107,23,1,3
BRDA:117,24,0,5
BRDA:117,24,1,1
BRDA:118,25,0,2
BRDA:118,25,1,3
BRDA:118,26,0,5
BRDA:118,26,1,5
BRDA:124,27,0,1
BRDA:124,27,1,3
BRDA:125,28,0,0
BRDA:125,28,1,1
BRDA:125,29,0,1
BRDA:125,29,1,1
BRDA:129,30,0,0
BRDA:129,30,1,1
BRDA:130,31,0,1
BRDA:130,31,1,1
BRDA:138,32,0,0
BRDA:138,32,1,1
BRDA:139,33,0,1
BRDA:139,33,1,1
BRDA:139,33,2,1
BRDA:139,34,0,1
BRDA:139,34,1,0
BRDA:146,35,0,0
BRDA:146,35,1,1
BRDA:147,36,0,1
BRDA:147,36,1,0
BRDA:161,37,0,9
BRDA:161,37,1,7
BRDA:161,37,2,7
BRDA:161,37,3,5
BRDA:161,37,4,3
BRDA:161,37,5,3
BRDA:168,38,0,6
BRDA:168,38,1,3
BRDA:172,39,0,3
BRDA:172,39,1,1
BRDA:172,39,2,1
BRDA:172,39,3,1
BRDA:179,40,0,3
BRDA:179,40,1,2
BRDA:179,40,2,2
BRDA:181,41,0,3
BRDA:181,41,1,2
BRF:93
BRH:72
end_of_record
