TN:
SF:src/errors/customErrors.ts
FN:16,(anonymous_0)
FN:35,(anonymous_1)
FN:56,(anonymous_2)
FN:77,(anonymous_3)
FN:84,(anonymous_4)
FN:91,(anonymous_5)
FN:99,(anonymous_6)
FN:106,(anonymous_7)
FNF:8
FNH:3
FNDA:0,(anonymous_0)
FNDA:0,(anonymous_1)
FNDA:0,(anonymous_2)
FNDA:0,(anonymous_3)
FNDA:0,(anonymous_4)
FNDA:10,(anonymous_5)
FNDA:8,(anonymous_6)
FNDA:12,(anonymous_7)
DA:17,0
DA:18,0
DA:36,0
DA:37,0
DA:57,0
DA:58,0
DA:78,0
DA:79,0
DA:85,0
DA:86,0
DA:92,10
DA:93,10
DA:100,8
DA:101,8
DA:107,12
DA:108,12
LF:16
LH:6
BRF:0
BRH:0
end_of_record
TN:
SF:src/templates/templates.ts
FN:228,createSelectOptions
FN:231,(anonymous_1)
FN:241,createSelectParam
FN:261,createRadioParam
FN:299,createParameter
FNF:5
FNH:5
FNDA:3,createSelectOptions
FNDA:6,(anonymous_1)
FNDA:1,createSelectParam
FNDA:1,createRadioParam
FNDA:1,createParameter
DA:12,1
DA:231,6
DA:248,1
DA:268,1
DA:279,1
DA:289,1
DA:303,1
LF:7
LH:7
BRDA:245,0,0,0
BRDA:265,1,0,0
BRF:2
BRH:0
end_of_record
TN:
SF:src/utils/createMetadata.ts
FN:26,isValidFunction
FN:28,(anonymous_1)
FN:35,getAbiFunction
FN:37,(anonymous_3)
FN:48,getAbiParameters
FN:51,(anonymous_5)
FN:57,getBlockchainActionType
FN:65,validateContractAddress
FN:74,validateChainContext
FN:95,validateBaseParameter
FN:114,validateSelectionParameter
FN:125,(anonymous_11)
FN:150,validateStandardParameter
FN:214,validateParameter
FN:225,validateParametersMatchAbi
FN:232,(anonymous_15)
FN:232,(anonymous_16)
FN:236,(anonymous_17)
FN:245,(anonymous_18)
FN:252,(anonymous_19)
FN:253,(anonymous_20)
FN:276,validateParameterTypeCompatibility
FN:340,applyParamValues
FN:415,validateBlockchainAction
FN:462,(anonymous_24)
FN:505,processBlockchainAction
FN:544,validateBasicMetadata
FN:580,createMetadata
FN:586,(anonymous_28)
FN:617,isBlockchainActionMetadata
FN:634,isBlockchainAction
FNF:31
FNH:27
FNDA:4,isValidFunction
FNDA:5,(anonymous_1)
FNDA:16,getAbiFunction
FNDA:20,(anonymous_3)
FNDA:8,getAbiParameters
FNDA:10,(anonymous_5)
FNDA:8,getBlockchainActionType
FNDA:5,validateContractAddress
FNDA:4,validateChainContext
FNDA:4,validateBaseParameter
FNDA:0,validateSelectionParameter
FNDA:0,(anonymous_11)
FNDA:4,validateStandardParameter
FNDA:4,validateParameter
FNDA:2,validateParametersMatchAbi
FNDA:4,(anonymous_15)
FNDA:4,(anonymous_16)
FNDA:4,(anonymous_17)
FNDA:6,(anonymous_18)
FNDA:4,(anonymous_19)
FNDA:4,(anonymous_20)
FNDA:4,validateParameterTypeCompatibility
FNDA:0,applyParamValues
FNDA:5,validateBlockchainAction
FNDA:4,(anonymous_24)
FNDA:5,processBlockchainAction
FNDA:10,validateBasicMetadata
FNDA:10,createMetadata
FNDA:5,(anonymous_28)
FNDA:10,isBlockchainActionMetadata
FNDA:0,isBlockchainAction
DA:27,4
DA:28,5
DA:36,16
DA:37,20
DA:39,16
DA:40,0
DA:42,16
DA:49,8
DA:51,10
DA:58,8
DA:59,8
DA:66,5
DA:67,1
DA:75,4
DA:77,4
DA:78,0
DA:84,4
DA:85,0
DA:97,4
DA:98,0
DA:101,4
DA:102,0
DA:106,4
DA:107,0
DA:115,0
DA:117,0
DA:118,0
DA:124,0
DA:125,0
DA:126,0
DA:127,0
DA:132,0
DA:133,0
DA:138,0
DA:139,0
DA:143,0
DA:151,4
DA:154,4
DA:155,0
DA:156,0
DA:162,4
DA:163,0
DA:164,0
DA:171,4
DA:172,0
DA:173,0
DA:175,0
DA:182,4
DA:183,0
DA:184,0
DA:185,0
DA:191,4
DA:192,0
DA:193,0
DA:195,0
DA:201,4
DA:203,0
DA:204,0
DA:215,4
DA:216,0
DA:218,4
DA:229,2
DA:231,2
DA:232,4
DA:236,2
DA:237,4
DA:238,0
DA:245,6
DA:246,4
DA:247,4
DA:252,4
DA:253,4
DA:255,2
DA:256,0
DA:263,0
DA:264,0
DA:265,0
DA:266,0
DA:268,0
DA:280,4
DA:282,4
DA:295,4
DA:296,4
DA:299,4
DA:300,0
DA:304,4
DA:305,0
DA:312,4
DA:313,4
DA:315,4
DA:316,0
DA:321,4
DA:322,0
DA:327,0
DA:328,0
DA:330,0
DA:341,0
DA:342,0
DA:344,0
DA:345,0
DA:351,0
DA:352,0
DA:357,0
DA:361,0
DA:362,0
DA:364,0
DA:416,5
DA:417,5
DA:419,5
DA:420,0
DA:423,5
DA:424,0
DA:427,5
DA:428,0
DA:433,5
DA:434,0
DA:437,5
DA:438,0
DA:444,5
DA:447,4
DA:450,4
DA:451,0
DA:457,4
DA:460,4
DA:462,4
DA:465,2
DA:480,4
DA:481,4
DA:482,0
DA:485,4
DA:486,0
DA:491,0
DA:494,1
DA:495,1
DA:497,0
DA:506,5
DA:508,5
DA:511,4
DA:526,4
DA:529,4
DA:535,1
DA:545,10
DA:546,2
DA:549,8
DA:550,2
DA:553,6
DA:554,0
DA:557,6
DA:558,0
DA:561,6
DA:562,0
DA:565,6
DA:566,0
DA:569,6
DA:570,2
DA:581,10
DA:583,10
DA:586,4
DA:587,5
DA:588,5
DA:590,0
DA:597,3
DA:606,7
DA:607,7
DA:609,0
DA:618,10
DA:635,0
LF:167
LH:92
BRDA:28,0,0,5
BRDA:28,0,1,5
BRDA:37,1,0,20
BRDA:37,1,1,20
BRDA:39,2,0,0
BRDA:39,2,1,16
BRDA:66,3,0,1
BRDA:66,3,1,4
BRDA:77,4,0,0
BRDA:77,4,1,4
BRDA:84,5,0,0
BRDA:84,5,1,4
BRDA:84,6,0,4
BRDA:84,6,1,1
BRDA:97,7,0,0
BRDA:97,7,1,4
BRDA:101,8,0,0
BRDA:101,8,1,4
BRDA:106,9,0,0
BRDA:106,9,1,4
BRDA:117,10,0,0
BRDA:117,10,1,0
BRDA:117,11,0,0
BRDA:117,11,1,0
BRDA:117,11,2,0
BRDA:126,12,0,0
BRDA:126,12,1,0
BRDA:132,13,0,0
BRDA:132,13,1,0
BRDA:138,14,0,0
BRDA:138,14,1,0
BRDA:154,15,0,0
BRDA:154,15,1,4
BRDA:154,16,0,4
BRDA:154,16,1,2
BRDA:155,17,0,0
BRDA:155,17,1,0
BRDA:162,18,0,0
BRDA:162,18,1,4
BRDA:162,19,0,4
BRDA:162,19,1,0
BRDA:163,20,0,0
BRDA:163,20,1,0
BRDA:171,21,0,0
BRDA:171,21,1,4
BRDA:182,22,0,0
BRDA:182,22,1,4
BRDA:182,23,0,4
BRDA:182,23,1,0
BRDA:182,23,2,0
BRDA:184,24,0,0
BRDA:184,24,1,0
BRDA:191,25,0,0
BRDA:191,25,1,4
BRDA:191,26,0,4
BRDA:191,26,1,0
BRDA:191,26,2,0
BRDA:201,27,0,0
BRDA:201,27,1,4
BRDA:201,28,0,4
BRDA:201,28,1,2
BRDA:201,28,2,0
BRDA:203,29,0,0
BRDA:203,29,1,0
BRDA:203,30,0,0
BRDA:203,30,1,0
BRDA:215,31,0,0
BRDA:215,31,1,4
BRDA:215,32,0,4
BRDA:215,32,1,4
BRDA:237,33,0,0
BRDA:237,33,1,4
BRDA:246,34,0,4
BRDA:246,34,1,0
BRDA:255,35,0,0
BRDA:255,35,1,2
BRDA:263,36,0,0
BRDA:263,36,1,0
BRDA:265,37,0,0
BRDA:265,37,1,0
BRDA:296,38,0,4
BRDA:296,38,1,0
BRDA:299,39,0,0
BRDA:299,39,1,4
BRDA:304,40,0,0
BRDA:304,40,1,4
BRDA:315,41,0,0
BRDA:315,41,1,4
BRDA:315,42,0,4
BRDA:315,42,1,0
BRDA:321,43,0,0
BRDA:321,43,1,4
BRDA:321,44,0,4
BRDA:321,44,1,4
BRDA:327,45,0,0
BRDA:327,45,1,0
BRDA:342,46,0,0
BRDA:342,46,1,0
BRDA:342,47,0,0
BRDA:342,47,1,0
BRDA:344,48,0,0
BRDA:344,48,1,0
BRDA:352,49,0,0
BRDA:352,49,1,0
BRDA:352,50,0,0
BRDA:352,50,1,0
BRDA:361,51,0,0
BRDA:361,51,1,0
BRDA:417,52,0,5
BRDA:417,52,1,0
BRDA:419,53,0,0
BRDA:419,53,1,5
BRDA:423,54,0,0
BRDA:423,54,1,5
BRDA:427,55,0,0
BRDA:427,55,1,5
BRDA:427,56,0,5
BRDA:427,56,1,5
BRDA:433,57,0,0
BRDA:433,57,1,5
BRDA:437,58,0,0
BRDA:437,58,1,5
BRDA:437,59,0,5
BRDA:437,59,1,5
BRDA:450,60,0,0
BRDA:450,60,1,4
BRDA:460,61,0,2
BRDA:460,61,1,2
BRDA:481,62,0,0
BRDA:481,62,1,4
BRDA:481,63,0,4
BRDA:481,63,1,1
BRDA:485,64,0,0
BRDA:485,64,1,4
BRDA:485,65,0,4
BRDA:485,65,1,3
BRDA:494,66,0,1
BRDA:494,66,1,0
BRDA:536,67,0,1
BRDA:536,67,1,0
BRDA:545,68,0,2
BRDA:545,68,1,8
BRDA:549,69,0,2
BRDA:549,69,1,6
BRDA:553,70,0,0
BRDA:553,70,1,6
BRDA:557,71,0,0
BRDA:557,71,1,6
BRDA:561,72,0,0
BRDA:561,72,1,6
BRDA:565,73,0,0
BRDA:565,73,1,6
BRDA:569,74,0,2
BRDA:569,74,1,4
BRDA:587,75,0,5
BRDA:587,75,1,0
BRDA:606,76,0,7
BRDA:606,76,1,0
BRDA:619,77,0,10
BRDA:619,77,1,10
BRDA:619,77,2,10
BRDA:619,77,3,10
BRDA:619,77,4,10
BRDA:619,77,5,10
BRDA:619,77,6,10
BRDA:619,77,7,10
BRDA:619,77,8,10
BRDA:636,78,0,0
BRDA:636,78,1,0
BRDA:636,78,2,0
BRDA:636,78,3,0
BRDA:636,78,4,0
BRF:172
BRH:83
end_of_record
TN:
SF:src/utils/validateMetadata.ts
FN:20,validateMetadata
FN:44,(anonymous_1)
FN:84,(anonymous_2)
FNF:3
FNH:3
FNDA:7,validateMetadata
FNDA:6,(anonymous_1)
FNDA:4,(anonymous_2)
DA:21,7
DA:24,7
DA:25,1
DA:34,6
DA:35,6
DA:36,6
DA:37,6
DA:40,6
DA:41,0
DA:44,6
DA:46,6
DA:47,6
DA:50,6
DA:51,4
DA:52,0
DA:53,4
DA:54,0
DA:57,2
DA:61,6
DA:62,0
DA:66,6
DA:67,6
DA:68,6
DA:69,0
DA:74,6
DA:78,6
DA:79,2
DA:83,4
DA:84,4
DA:86,4
DA:89,6
LF:31
LH:26
BRDA:24,0,0,1
BRDA:24,0,1,6
BRDA:34,1,0,0
BRDA:34,1,1,6
BRDA:35,2,0,2
BRDA:35,2,1,4
BRDA:36,3,0,2
BRDA:36,3,1,4
BRDA:37,4,0,2
BRDA:37,4,1,4
BRDA:40,5,0,0
BRDA:40,5,1,6
BRDA:40,6,0,6
BRDA:40,6,1,6
BRDA:40,6,2,6
BRDA:46,7,0,2
BRDA:46,7,1,4
BRDA:47,8,0,0
BRDA:47,8,1,6
BRDA:50,9,0,4
BRDA:50,9,1,2
BRDA:51,10,0,0
BRDA:51,10,1,4
BRDA:53,11,0,0
BRDA:53,11,1,4
BRDA:61,12,0,0
BRDA:61,12,1,6
BRDA:66,13,0,6
BRDA:66,13,1,0
BRDA:67,14,0,0
BRDA:67,14,1,6
BRDA:68,15,0,0
BRDA:68,15,1,6
BRDA:78,16,0,2
BRDA:78,16,1,4
BRDA:86,17,0,2
BRDA:86,17,1,2
BRDA:92,18,0,4
BRDA:92,18,1,2
BRDA:94,19,0,2
BRDA:94,19,1,4
BRF:41
BRH:32
end_of_record
TN:
SF:src/utils/validator.ts
FN:23,(anonymous_0)
FN:44,validateBasicMetadata
FN:86,createMetadata
FN:92,(anonymous_3)
FNF:4
FNH:4
FNDA:8,(anonymous_0)
FNDA:9,validateBasicMetadata
FNDA:2,createMetadata
FNDA:2,(anonymous_3)
DA:24,8
DA:25,8
DA:30,1
DA:31,1
DA:32,1
DA:33,1
DA:34,1
DA:35,1
DA:36,1
DA:37,1
DA:38,1
DA:39,1
DA:45,9
DA:46,1
DA:49,8
DA:50,1
DA:53,7
DA:54,1
DA:57,6
DA:58,1
DA:61,5
DA:62,0
DA:65,5
DA:66,1
DA:69,4
DA:70,1
DA:75,3
DA:87,2
DA:89,2
DA:92,2
DA:93,2
DA:94,1
DA:95,1
DA:96,0
DA:97,1
DA:98,0
DA:100,1
DA:105,0
DA:114,2
DA:115,1
DA:116,1
DA:117,1
DA:119,0
DA:127,1
DA:133,1
LF:45
LH:40
BRDA:45,0,0,1
BRDA:45,0,1,8
BRDA:45,1,0,9
BRDA:45,1,1,8
BRDA:49,2,0,1
BRDA:49,2,1,7
BRDA:49,3,0,8
BRDA:49,3,1,7
BRDA:53,4,0,1
BRDA:53,4,1,6
BRDA:53,5,0,7
BRDA:53,5,1,6
BRDA:57,6,0,1
BRDA:57,6,1,5
BRDA:57,7,0,6
BRDA:57,7,1,5
BRDA:61,8,0,0
BRDA:61,8,1,5
BRDA:65,9,0,1
BRDA:65,9,1,4
BRDA:69,10,0,1
BRDA:69,10,1,3
BRDA:93,11,0,1
BRDA:93,11,1,1
BRDA:95,12,0,0
BRDA:95,12,1,1
BRDA:97,13,0,0
BRDA:97,13,1,1
BRDA:114,14,0,1
BRDA:114,14,1,1
BRDA:116,15,0,1
BRDA:116,15,1,0
BRF:32
BRH:28
end_of_record
TN:
SF:src/validators/blockchainActionValidator.ts
FN:21,(anonymous_0)
FN:45,(anonymous_1)
FN:108,(anonymous_2)
FN:129,(anonymous_3)
FN:137,(anonymous_4)
FN:146,(anonymous_5)
FN:180,(anonymous_6)
FN:193,(anonymous_7)
FN:242,(anonymous_8)
FN:263,(anonymous_9)
FN:276,(anonymous_10)
FN:320,(anonymous_11)
FN:328,(anonymous_12)
FN:337,(anonymous_13)
FN:351,(anonymous_14)
FN:426,(anonymous_15)
FN:440,(anonymous_16)
FN:452,(anonymous_17)
FN:461,(anonymous_18)
FN:463,(anonymous_19)
FN:474,(anonymous_20)
FN:476,(anonymous_21)
FN:483,(anonymous_22)
FN:491,(anonymous_23)
FN:499,(anonymous_24)
FN:516,(anonymous_25)
FNF:26
FNH:20
FNDA:3,(anonymous_0)
FNDA:12,(anonymous_1)
FNDA:7,(anonymous_2)
FNDA:7,(anonymous_3)
FNDA:8,(anonymous_4)
FNDA:17,(anonymous_5)
FNDA:0,(anonymous_6)
FNDA:4,(anonymous_7)
FNDA:0,(anonymous_8)
FNDA:0,(anonymous_9)
FNDA:5,(anonymous_10)
FNDA:6,(anonymous_11)
FNDA:2,(anonymous_12)
FNDA:0,(anonymous_13)
FNDA:0,(anonymous_14)
FNDA:12,(anonymous_15)
FNDA:8,(anonymous_16)
FNDA:8,(anonymous_17)
FNDA:7,(anonymous_18)
FNDA:7,(anonymous_19)
FNDA:9,(anonymous_20)
FNDA:12,(anonymous_21)
FNDA:5,(anonymous_22)
FNDA:2,(anonymous_23)
FNDA:2,(anonymous_24)
FNDA:0,(anonymous_25)
DA:22,3
DA:25,2
DA:28,2
DA:30,2
DA:31,1
DA:35,1
DA:47,12
DA:48,0
DA:51,12
DA:52,0
DA:55,12
DA:56,1
DA:60,11
DA:61,0
DA:66,11
DA:67,2
DA:71,9
DA:72,0
DA:76,9
DA:77,0
DA:81,9
DA:82,2
DA:88,7
DA:89,0
DA:93,7
DA:94,0
DA:98,7
DA:99,3
DA:102,5
DA:109,7
DA:110,0
DA:114,7
DA:115,0
DA:119,7
DA:120,0
DA:123,7
DA:130,7
DA:131,7
DA:141,8
DA:142,0
DA:146,17
DA:148,8
DA:150,11
DA:151,0
DA:154,11
DA:155,0
DA:161,11
DA:162,2
DA:168,9
DA:169,4
DA:170,5
DA:171,0
DA:172,5
DA:173,5
DA:175,0
DA:179,5
DA:180,0
DA:181,0
DA:182,0
DA:187,2
DA:195,4
DA:199,0
DA:202,4
DA:206,0
DA:209,4
DA:210,0
DA:213,4
DA:214,0
DA:217,4
DA:218,0
DA:221,4
DA:222,0
DA:226,4
DA:227,0
DA:228,0
DA:230,0
DA:236,4
DA:243,0
DA:244,0
DA:248,0
DA:249,0
DA:250,0
DA:255,0
DA:256,0
DA:263,0
DA:264,0
DA:265,0
DA:270,0
DA:278,5
DA:279,0
DA:285,5
DA:286,2
DA:292,3
DA:294,6
DA:295,0
DA:301,6
DA:302,0
DA:308,6
DA:313,0
DA:320,6
DA:321,3
DA:322,2
DA:328,2
DA:329,1
DA:330,0
DA:336,1
DA:337,0
DA:338,0
DA:339,0
DA:345,1
DA:353,0
DA:354,0
DA:358,0
DA:360,0
DA:361,0
DA:367,0
DA:368,0
DA:372,0
DA:374,0
DA:375,0
DA:381,0
DA:382,0
DA:386,0
DA:388,0
DA:389,0
DA:393,0
DA:395,0
DA:396,0
DA:400,0
DA:402,0
DA:403,0
DA:409,0
DA:410,0
DA:412,0
DA:413,0
DA:420,0
DA:427,12
DA:441,8
DA:453,8
DA:462,7
DA:463,7
DA:465,7
DA:466,0
DA:468,7
DA:475,9
DA:476,12
DA:484,5
DA:485,5
DA:492,2
DA:493,2
DA:500,2
DA:517,0
LF:152
LH:78
BRDA:30,0,0,1
BRDA:30,0,1,1
BRDA:30,1,0,2
BRDA:30,1,1,2
BRDA:47,2,0,0
BRDA:47,2,1,12
BRDA:47,3,0,12
BRDA:47,3,1,12
BRDA:51,4,0,0
BRDA:51,4,1,12
BRDA:51,5,0,12
BRDA:51,5,1,12
BRDA:55,6,0,1
BRDA:55,6,1,11
BRDA:55,7,0,12
BRDA:55,7,1,11
BRDA:60,8,0,0
BRDA:60,8,1,11
BRDA:60,9,0,11
BRDA:60,9,1,11
BRDA:60,9,2,11
BRDA:66,10,0,2
BRDA:66,10,1,9
BRDA:71,11,0,0
BRDA:71,11,1,9
BRDA:71,12,0,9
BRDA:71,12,1,9
BRDA:76,13,0,0
BRDA:76,13,1,9
BRDA:76,14,0,9
BRDA:76,14,1,9
BRDA:81,15,0,2
BRDA:81,15,1,7
BRDA:88,16,0,0
BRDA:88,16,1,7
BRDA:93,17,0,0
BRDA:93,17,1,7
BRDA:93,18,0,7
BRDA:93,18,1,2
BRDA:93,18,2,2
BRDA:98,19,0,3
BRDA:98,19,1,4
BRDA:109,20,0,0
BRDA:109,20,1,7
BRDA:109,21,0,7
BRDA:109,21,1,7
BRDA:114,22,0,0
BRDA:114,22,1,7
BRDA:114,23,0,7
BRDA:114,23,1,7
BRDA:119,24,0,0
BRDA:119,24,1,7
BRDA:119,25,0,7
BRDA:119,25,1,0
BRDA:131,26,0,7
BRDA:131,26,1,7
BRDA:141,27,0,0
BRDA:141,27,1,8
BRDA:150,28,0,0
BRDA:150,28,1,11
BRDA:150,29,0,11
BRDA:150,29,1,11
BRDA:154,30,0,0
BRDA:154,30,1,11
BRDA:154,31,0,11
BRDA:154,31,1,11
BRDA:161,32,0,2
BRDA:161,32,1,9
BRDA:168,33,0,4
BRDA:168,33,1,5
BRDA:170,34,0,0
BRDA:170,34,1,5
BRDA:172,35,0,5
BRDA:172,35,1,0
BRDA:179,36,0,0
BRDA:179,36,1,5
BRDA:181,37,0,0
BRDA:181,37,1,0
BRDA:195,38,0,0
BRDA:195,38,1,4
BRDA:196,39,0,4
BRDA:196,39,1,0
BRDA:196,39,2,0
BRDA:202,40,0,0
BRDA:202,40,1,4
BRDA:203,41,0,4
BRDA:203,41,1,0
BRDA:203,41,2,0
BRDA:209,42,0,0
BRDA:209,42,1,4
BRDA:209,43,0,4
BRDA:209,43,1,0
BRDA:213,44,0,0
BRDA:213,44,1,4
BRDA:213,45,0,4
BRDA:213,45,1,0
BRDA:217,46,0,0
BRDA:217,46,1,4
BRDA:217,47,0,4
BRDA:217,47,1,0
BRDA:217,47,2,0
BRDA:221,48,0,0
BRDA:221,48,1,4
BRDA:221,49,0,4
BRDA:221,49,1,0
BRDA:226,50,0,0
BRDA:226,50,1,4
BRDA:243,51,0,0
BRDA:243,51,1,0
BRDA:243,52,0,0
BRDA:243,52,1,0
BRDA:249,53,0,0
BRDA:249,53,1,0
BRDA:249,54,0,0
BRDA:249,54,1,0
BRDA:255,55,0,0
BRDA:255,55,1,0
BRDA:264,56,0,0
BRDA:264,56,1,0
BRDA:278,57,0,0
BRDA:278,57,1,5
BRDA:285,58,0,2
BRDA:285,58,1,3
BRDA:294,59,0,0
BRDA:294,59,1,6
BRDA:294,60,0,6
BRDA:294,60,1,6
BRDA:301,61,0,0
BRDA:301,61,1,6
BRDA:301,62,0,6
BRDA:301,62,1,6
BRDA:308,63,0,0
BRDA:308,63,1,6
BRDA:309,64,0,6
BRDA:309,64,1,6
BRDA:309,64,2,0
BRDA:321,65,0,2
BRDA:321,65,1,1
BRDA:329,66,0,0
BRDA:329,66,1,1
BRDA:336,67,0,0
BRDA:336,67,1,1
BRDA:338,68,0,0
BRDA:338,68,1,0
BRDA:353,69,0,0
BRDA:353,69,1,0
BRDA:353,70,0,0
BRDA:353,70,1,0
BRDA:358,71,0,0
BRDA:358,71,1,0
BRDA:358,72,0,0
BRDA:358,72,1,0
BRDA:360,73,0,0
BRDA:360,73,1,0
BRDA:360,74,0,0
BRDA:360,74,1,0
BRDA:360,74,2,0
BRDA:367,75,0,0
BRDA:367,75,1,0
BRDA:367,76,0,0
BRDA:367,76,1,0
BRDA:372,77,0,0
BRDA:372,77,1,0
BRDA:374,78,0,0
BRDA:374,78,1,0
BRDA:381,79,0,0
BRDA:381,79,1,0
BRDA:381,80,0,0
BRDA:381,80,1,0
BRDA:386,81,0,0
BRDA:386,81,1,0
BRDA:388,82,0,0
BRDA:388,82,1,0
BRDA:393,83,0,0
BRDA:393,83,1,0
BRDA:395,84,0,0
BRDA:395,84,1,0
BRDA:400,85,0,0
BRDA:400,85,1,0
BRDA:402,86,0,0
BRDA:402,86,1,0
BRDA:409,87,0,0
BRDA:409,87,1,0
BRDA:409,88,0,0
BRDA:409,88,1,0
BRDA:412,89,0,0
BRDA:412,89,1,0
BRDA:412,90,0,0
BRDA:412,90,1,0
BRDA:428,91,0,12
BRDA:428,91,1,12
BRDA:428,91,2,12
BRDA:428,91,3,12
BRDA:442,92,0,8
BRDA:442,92,1,8
BRDA:442,92,2,8
BRDA:442,92,3,1
BRDA:454,93,0,8
BRDA:454,93,1,8
BRDA:454,93,2,8
BRDA:454,93,3,6
BRDA:463,94,0,7
BRDA:463,94,1,7
BRDA:465,95,0,0
BRDA:465,95,1,7
BRDA:476,96,0,12
BRDA:476,96,1,12
BRDA:501,97,0,2
BRDA:501,97,1,2
BRDA:501,97,2,2
BRDA:501,97,3,2
BRDA:501,97,4,1
BRDA:501,97,5,1
BRDA:501,97,6,1
BRDA:501,97,7,1
BRDA:501,97,8,1
BRDA:518,98,0,0
BRDA:518,98,1,0
BRDA:518,98,2,0
BRF:219
BRH:114
end_of_record
TN:
SF:src/validators/httpActionValidator.ts
FN:11,(anonymous_0)
FN:22,(anonymous_1)
FN:30,(anonymous_2)
FN:33,(anonymous_3)
FN:66,(anonymous_4)
FN:72,(anonymous_5)
FN:83,(anonymous_6)
FN:91,(anonymous_7)
FN:97,(anonymous_8)
FN:108,(anonymous_9)
FN:116,(anonymous_10)
FN:158,(anonymous_11)
FN:163,(anonymous_12)
FN:172,(anonymous_13)
FN:177,(anonymous_14)
FN:208,(anonymous_15)
FNF:16
FNH:10
FNDA:12,(anonymous_0)
FNDA:12,(anonymous_1)
FNDA:10,(anonymous_2)
FNDA:14,(anonymous_3)
FNDA:4,(anonymous_4)
FNDA:4,(anonymous_5)
FNDA:0,(anonymous_6)
FNDA:2,(anonymous_7)
FNDA:4,(anonymous_8)
FNDA:0,(anonymous_9)
FNDA:8,(anonymous_10)
FNDA:0,(anonymous_11)
FNDA:0,(anonymous_12)
FNDA:0,(anonymous_13)
FNDA:6,(anonymous_14)
FNDA:0,(anonymous_15)
DA:12,12
DA:14,10
DA:16,8
DA:23,12
DA:24,12
DA:26,2
DA:31,10
DA:33,10
DA:35,14
DA:36,0
DA:40,14
DA:41,0
DA:45,14
DA:47,4
DA:49,2
DA:57,8
DA:59,0
DA:67,4
DA:68,2
DA:72,2
DA:73,4
DA:74,0
DA:76,4
DA:77,0
DA:82,2
DA:83,0
DA:84,0
DA:88,2
DA:92,2
DA:93,0
DA:97,2
DA:98,4
DA:99,0
DA:101,4
DA:102,0
DA:107,2
DA:108,0
DA:109,0
DA:113,2
DA:118,8
DA:119,0
DA:121,0
DA:122,0
DA:126,0
DA:128,0
DA:129,0
DA:133,0
DA:135,0
DA:136,0
DA:140,0
DA:147,8
DA:148,0
DA:149,0
DA:151,0
DA:155,8
DA:159,0
DA:160,0
DA:164,0
DA:165,0
DA:166,0
DA:168,0
DA:173,0
DA:174,0
DA:179,6
DA:185,1
DA:190,4
DA:196,4
DA:199,2
DA:200,0
DA:204,2
DA:205,0
DA:207,0
DA:209,0
DA:216,2
LF:74
LH:37
BRDA:31,0,0,0
BRDA:31,0,1,10
BRDA:35,1,0,0
BRDA:35,1,1,14
BRDA:35,2,0,14
BRDA:35,2,1,14
BRDA:40,3,0,0
BRDA:40,3,1,14
BRDA:40,4,0,14
BRDA:40,4,1,14
BRDA:45,5,0,4
BRDA:45,5,1,2
BRDA:45,5,2,4
BRDA:45,5,3,8
BRDA:45,5,4,8
BRDA:45,5,5,8
BRDA:45,5,6,8
BRDA:45,5,7,8
BRDA:45,5,8,8
BRDA:45,5,9,0
BRDA:67,6,0,2
BRDA:67,6,1,2
BRDA:67,7,0,4
BRDA:67,7,1,4
BRDA:73,8,0,0
BRDA:73,8,1,4
BRDA:73,9,0,4
BRDA:73,9,1,4
BRDA:76,10,0,0
BRDA:76,10,1,4
BRDA:76,11,0,4
BRDA:76,11,1,4
BRDA:82,12,0,0
BRDA:82,12,1,2
BRDA:83,13,0,0
BRDA:83,13,1,0
BRDA:92,14,0,0
BRDA:92,14,1,2
BRDA:92,15,0,2
BRDA:92,15,1,2
BRDA:98,16,0,0
BRDA:98,16,1,4
BRDA:98,17,0,4
BRDA:98,17,1,4
BRDA:101,18,0,0
BRDA:101,18,1,4
BRDA:101,19,0,4
BRDA:101,19,1,4
BRDA:107,20,0,0
BRDA:107,20,1,2
BRDA:108,21,0,0
BRDA:108,21,1,0
BRDA:118,22,0,0
BRDA:118,22,1,8
BRDA:119,23,0,0
BRDA:119,23,1,0
BRDA:119,23,2,0
BRDA:121,24,0,0
BRDA:121,24,1,0
BRDA:128,25,0,0
BRDA:128,25,1,0
BRDA:135,26,0,0
BRDA:135,26,1,0
BRDA:147,27,0,0
BRDA:147,27,1,8
BRDA:179,28,0,1
BRDA:179,28,1,4
BRDA:180,29,0,6
BRDA:180,29,1,4
BRDA:180,29,2,4
BRDA:180,29,3,4
BRDA:190,30,0,4
BRDA:190,30,1,4
BRDA:190,30,2,4
BRDA:190,30,3,3
BRDA:196,31,0,2
BRDA:196,31,1,2
BRDA:199,32,0,0
BRDA:199,32,1,2
BRDA:199,33,0,2
BRDA:199,33,1,0
BRDA:204,34,0,0
BRDA:204,34,1,2
BRDA:205,35,0,0
BRDA:205,35,1,0
BRDA:209,36,0,0
BRDA:209,36,1,0
BRDA:209,36,2,0
BRDA:209,36,3,0
BRF:89
BRH:54
end_of_record
TN:
SF:src/validators/transferActionValidator.ts
FN:13,(anonymous_0)
FN:32,(anonymous_1)
FN:45,(anonymous_2)
FN:69,(anonymous_3)
FN:105,(anonymous_4)
FN:138,(anonymous_5)
FNF:6
FNH:6
FNDA:10,(anonymous_0)
FNDA:10,(anonymous_1)
FNDA:10,(anonymous_2)
FNDA:8,(anonymous_3)
FNDA:6,(anonymous_4)
FNDA:9,(anonymous_5)
DA:15,10
DA:18,10
DA:21,8
DA:24,6
DA:26,4
DA:33,10
DA:34,0
DA:37,10
DA:38,0
DA:46,10
DA:47,0
DA:50,10
DA:51,0
DA:54,10
DA:55,10
DA:56,2
DA:59,8
DA:60,0
DA:61,0
DA:71,8
DA:72,5
DA:73,0
DA:76,5
DA:77,0
DA:82,8
DA:83,1
DA:84,0
DA:87,1
DA:88,0
DA:91,1
DA:92,0
DA:97,8
DA:98,2
DA:107,6
DA:108,5
DA:109,2
DA:114,4
DA:115,1
DA:116,0
DA:119,1
DA:120,0
DA:123,1
DA:125,0
DA:128,1
DA:130,0
DA:141,9
DA:148,9
DA:152,3
DA:159,3
DA:161,3
LF:50
LH:35
BRDA:33,0,0,0
BRDA:33,0,1,10
BRDA:33,1,0,10
BRDA:33,1,1,10
BRDA:37,2,0,0
BRDA:37,2,1,10
BRDA:37,3,0,10
BRDA:37,3,1,8
BRDA:46,4,0,0
BRDA:46,4,1,10
BRDA:46,5,0,10
BRDA:46,5,1,10
BRDA:50,6,0,0
BRDA:50,6,1,10
BRDA:50,7,0,10
BRDA:50,7,1,10
BRDA:55,8,0,2
BRDA:55,8,1,8
BRDA:59,9,0,0
BRDA:59,9,1,8
BRDA:60,10,0,0
BRDA:60,10,1,0
BRDA:60,11,0,0
BRDA:60,11,1,0
BRDA:71,12,0,5
BRDA:71,12,1,3
BRDA:72,13,0,0
BRDA:72,13,1,5
BRDA:76,14,0,0
BRDA:76,14,1,5
BRDA:82,15,0,1
BRDA:82,15,1,7
BRDA:83,16,0,0
BRDA:83,16,1,1
BRDA:83,17,0,1
BRDA:83,17,1,1
BRDA:87,18,0,0
BRDA:87,18,1,1
BRDA:87,19,0,1
BRDA:87,19,1,0
BRDA:91,20,0,0
BRDA:91,20,1,1
BRDA:91,21,0,1
BRDA:91,21,1,1
BRDA:91,21,2,1
BRDA:97,22,0,2
BRDA:97,22,1,6
BRDA:97,23,0,8
BRDA:97,23,1,3
BRDA:107,24,0,5
BRDA:107,24,1,1
BRDA:108,25,0,2
BRDA:108,25,1,3
BRDA:108,26,0,5
BRDA:108,26,1,5
BRDA:114,27,0,1
BRDA:114,27,1,3
BRDA:115,28,0,0
BRDA:115,28,1,1
BRDA:115,29,0,1
BRDA:115,29,1,1
BRDA:119,30,0,0
BRDA:119,30,1,1
BRDA:119,31,0,1
BRDA:119,31,1,1
BRDA:123,32,0,0
BRDA:123,32,1,1
BRDA:123,33,0,1
BRDA:123,33,1,1
BRDA:123,33,2,1
BRDA:123,34,0,1
BRDA:123,34,1,0
BRDA:128,35,0,0
BRDA:128,35,1,1
BRDA:128,36,0,1
BRDA:128,36,1,0
BRDA:141,37,0,9
BRDA:141,37,1,7
BRDA:141,37,2,7
BRDA:141,37,3,5
BRDA:141,37,4,3
BRDA:141,37,5,3
BRDA:148,38,0,6
BRDA:148,38,1,3
BRDA:152,39,0,3
BRDA:152,39,1,1
BRDA:152,39,2,1
BRDA:152,39,3,1
BRDA:159,40,0,3
BRDA:159,40,1,2
BRDA:159,40,2,2
BRDA:161,41,0,3
BRDA:161,41,1,2
BRF:93
BRH:72
end_of_record
